<?xml version="1.0" encoding="UTF-8"?>
<testsuite name="com.qg.QgUserConsumerApplicationTests" time="0.008" tests="1" errors="1" skipped="0" failures="0">
  <properties>
    <property name="idea.version" value="2017.2.4"/>
    <property name="java.runtime.name" value="Java(TM) SE Runtime Environment"/>
    <property name="sun.boot.library.path" value="C:\Program Files (x86)\Java\jdk1.8.0_144\jre\bin"/>
    <property name="java.vm.version" value="25.144-b01"/>
    <property name="java.vm.vendor" value="Oracle Corporation"/>
    <property name="maven.multiModuleProjectDirectory" value="D:\workspace\qg\qg-user-consumer"/>
    <property name="java.vendor.url" value="http://java.oracle.com/"/>
    <property name="path.separator" value=";"/>
    <property name="guice.disable.misplaced.annotation.check" value="true"/>
    <property name="java.vm.name" value="Java HotSpot(TM) Client VM"/>
    <property name="file.encoding.pkg" value="sun.io"/>
    <property name="user.script" value=""/>
    <property name="user.country" value="CN"/>
    <property name="sun.java.launcher" value="SUN_STANDARD"/>
    <property name="sun.os.patch.level" value=""/>
    <property name="java.vm.specification.name" value="Java Virtual Machine Specification"/>
    <property name="user.dir" value="D:\workspace\qg\qg-user-consumer"/>
    <property name="java.runtime.version" value="1.8.0_144-b01"/>
    <property name="java.awt.graphicsenv" value="sun.awt.Win32GraphicsEnvironment"/>
    <property name="java.endorsed.dirs" value="C:\Program Files (x86)\Java\jdk1.8.0_144\jre\lib\endorsed"/>
    <property name="os.arch" value="x86"/>
    <property name="java.io.tmpdir" value="C:\Users\10447\AppData\Local\Temp\"/>
    <property name="line.separator" value="&#10;"/>
    <property name="java.vm.specification.vendor" value="Oracle Corporation"/>
    <property name="user.variant" value=""/>
    <property name="os.name" value="Windows 10"/>
    <property name="classworlds.conf" value="D:\environment\maven\apache-maven-3.5.0\bin\m2.conf"/>
    <property name="sun.jnu.encoding" value="GBK"/>
    <property name="java.library.path" value="C:\Program Files (x86)\Java\jdk1.8.0_144\bin;C:\WINDOWS\Sun\Java\bin;C:\WINDOWS\system32;C:\WINDOWS;C:\Program Files (x86)\Java\jdk1.8.0_144\;C:\Program Files (x86)\Intel\iCLS Client\;C:\Program Files\Intel\iCLS Client\;C:\Windows\system32;C:\Windows;C:\Windows\System32\Wbem;C:\Windows\System32\WindowsPowerShell\v1.0\;C:\Program Files (x86)\Intel\Intel(R) Management Engine Components\DAL;C:\Program Files\Intel\Intel(R) Management Engine Components\DAL;C:\Program Files (x86)\Intel\Intel(R) Management Engine Components\IPT;C:\Program Files\Intel\Intel(R) Management Engine Components\IPT;C:\Program Files (x86)\NVIDIA Corporation\PhysX\Common;D:\program\svn\bin;C:\Program Files\MySQL\MySQL Utilities 1.6\;C:\WINDOWS\system32;C:\WINDOWS;C:\WINDOWS\System32\Wbem;C:\WINDOWS\System32\WindowsPowerShell\v1.0\;%MAVEN_HOME%\bin\;C:\WINDOWS\System32\OpenSSH\;C:\Program Files\Git\cmd;C:\Program Files (x86)\Java\jdk1.8.0_144\bin;C:\Users\10447\AppData\Local\Microsoft\WindowsApps;D:\program\docker\Docker Toolbox;D:\environment\apache-jmeter-4.0\bin;D:\environment\apache-jmeter-4.0\bin;D:\Program Files\Microsoft VS Code\bin;D:\environment\maven\apache-maven-3.5.0\bin;."/>
    <property name="maven.conf" value="D:\environment\maven\apache-maven-3.5.0/conf"/>
    <property name="java.specification.name" value="Java Platform API Specification"/>
    <property name="java.class.version" value="52.0"/>
    <property name="sun.management.compiler" value="HotSpot Client Compiler"/>
    <property name="os.version" value="10.0"/>
    <property name="library.jansi.path" value="D:\environment\maven\apache-maven-3.5.0\lib\jansi-native\windows32"/>
    <property name="user.home" value="C:\Users\10447"/>
    <property name="user.timezone" value="Asia/Shanghai"/>
    <property name="java.awt.printerjob" value="sun.awt.windows.WPrinterJob"/>
    <property name="java.specification.version" value="1.8"/>
    <property name="file.encoding" value="UTF-8"/>
    <property name="user.name" value="bdqn"/>
    <property name="java.class.path" value="D:\environment\maven\apache-maven-3.5.0\boot\plexus-classworlds-2.5.2.jar;D:\program\idea\IntelliJ IDEA 2017.2.4\lib\idea_rt.jar"/>
    <property name="java.vm.specification.version" value="1.8"/>
    <property name="sun.arch.data.model" value="32"/>
    <property name="java.home" value="C:\Program Files (x86)\Java\jdk1.8.0_144\jre"/>
    <property name="sun.java.command" value="org.codehaus.classworlds.Launcher -Didea.version=2017.2.4 install"/>
    <property name="java.specification.vendor" value="Oracle Corporation"/>
    <property name="user.language" value="zh"/>
    <property name="awt.toolkit" value="sun.awt.windows.WToolkit"/>
    <property name="java.vm.info" value="mixed mode, sharing"/>
    <property name="java.version" value="1.8.0_144"/>
    <property name="java.ext.dirs" value="C:\Program Files (x86)\Java\jdk1.8.0_144\jre\lib\ext;C:\WINDOWS\Sun\Java\lib\ext"/>
    <property name="sun.boot.class.path" value="C:\Program Files (x86)\Java\jdk1.8.0_144\jre\lib\resources.jar;C:\Program Files (x86)\Java\jdk1.8.0_144\jre\lib\rt.jar;C:\Program Files (x86)\Java\jdk1.8.0_144\jre\lib\sunrsasign.jar;C:\Program Files (x86)\Java\jdk1.8.0_144\jre\lib\jsse.jar;C:\Program Files (x86)\Java\jdk1.8.0_144\jre\lib\jce.jar;C:\Program Files (x86)\Java\jdk1.8.0_144\jre\lib\charsets.jar;C:\Program Files (x86)\Java\jdk1.8.0_144\jre\lib\jfr.jar;C:\Program Files (x86)\Java\jdk1.8.0_144\jre\classes"/>
    <property name="java.vendor" value="Oracle Corporation"/>
    <property name="maven.home" value="D:\environment\maven\apache-maven-3.5.0"/>
    <property name="file.separator" value="\"/>
    <property name="java.vendor.url.bug" value="http://bugreport.sun.com/bugreport/"/>
    <property name="sun.cpu.endian" value="little"/>
    <property name="sun.io.unicode.encoding" value="UnicodeLittle"/>
    <property name="sun.desktop" value="windows"/>
    <property name="sun.cpu.isalist" value="pentium_pro+mmx pentium_pro pentium+mmx pentium i486 i386 i86"/>
  </properties>
  <testcase name="contextLoads" classname="com.qg.QgUserConsumerApplicationTests" time="0.008">
    <error message="Failed to load ApplicationContext" type="java.lang.IllegalStateException"><![CDATA[java.lang.IllegalStateException: Failed to load ApplicationContext
	at org.springframework.test.context.cache.DefaultCacheAwareContextLoaderDelegate.loadContext(DefaultCacheAwareContextLoaderDelegate.java:124)
	at org.springframework.test.context.support.DefaultTestContext.getApplicationContext(DefaultTestContext.java:83)
	at org.springframework.test.context.web.ServletTestExecutionListener.setUpRequestContextIfNecessary(ServletTestExecutionListener.java:189)
	at org.springframework.test.context.web.ServletTestExecutionListener.prepareTestInstance(ServletTestExecutionListener.java:131)
	at org.springframework.test.context.TestContextManager.prepareTestInstance(TestContextManager.java:230)
	at org.springframework.test.context.junit4.SpringJUnit4ClassRunner.createTest(SpringJUnit4ClassRunner.java:228)
	at org.springframework.test.context.junit4.SpringJUnit4ClassRunner$1.runReflectiveCall(SpringJUnit4ClassRunner.java:287)
	at org.junit.internal.runners.model.ReflectiveCallable.run(ReflectiveCallable.java:12)
	at org.springframework.test.context.junit4.SpringJUnit4ClassRunner.methodBlock(SpringJUnit4ClassRunner.java:289)
	at org.springframework.test.context.junit4.SpringJUnit4ClassRunner.runChild(SpringJUnit4ClassRunner.java:247)
	at org.springframework.test.context.junit4.SpringJUnit4ClassRunner.runChild(SpringJUnit4ClassRunner.java:94)
	at org.junit.runners.ParentRunner$3.run(ParentRunner.java:290)
	at org.junit.runners.ParentRunner$1.schedule(ParentRunner.java:71)
	at org.junit.runners.ParentRunner.runChildren(ParentRunner.java:288)
	at org.junit.runners.ParentRunner.access$000(ParentRunner.java:58)
	at org.junit.runners.ParentRunner$2.evaluate(ParentRunner.java:268)
	at org.springframework.test.context.junit4.statements.RunBeforeTestClassCallbacks.evaluate(RunBeforeTestClassCallbacks.java:61)
	at org.springframework.test.context.junit4.statements.RunAfterTestClassCallbacks.evaluate(RunAfterTestClassCallbacks.java:70)
	at org.junit.runners.ParentRunner.run(ParentRunner.java:363)
	at org.springframework.test.context.junit4.SpringJUnit4ClassRunner.run(SpringJUnit4ClassRunner.java:191)
	at org.apache.maven.surefire.junit4.JUnit4Provider.execute(JUnit4Provider.java:283)
	at org.apache.maven.surefire.junit4.JUnit4Provider.executeWithRerun(JUnit4Provider.java:173)
	at org.apache.maven.surefire.junit4.JUnit4Provider.executeTestSet(JUnit4Provider.java:153)
	at org.apache.maven.surefire.junit4.JUnit4Provider.invoke(JUnit4Provider.java:128)
	at org.apache.maven.surefire.booter.ForkedBooter.invokeProviderInSameClassLoader(ForkedBooter.java:203)
	at org.apache.maven.surefire.booter.ForkedBooter.runSuitesInProcess(ForkedBooter.java:155)
	at org.apache.maven.surefire.booter.ForkedBooter.main(ForkedBooter.java:103)
Caused by: org.springframework.beans.factory.BeanCreationException: Error creating bean with name 'testUserController' defined in file [D:\workspace\qg\qg-user-consumer\target\classes\com\qg\controller\TestUserController.class]: Initialization of bean failed; nested exception is org.springframework.beans.factory.BeanCreationException: testUserController; nested exception is java.lang.IllegalStateException: Failed to check the status of the service com.qg.service.QgUserService. No provider available for the service com.qg.service.QgUserService from the url zookeeper://192.168.9.150:2181/com.alibaba.dubbo.registry.RegistryService?application=spring-boot-starter-dubbo-user-consumer&dubbo=2.6.0&interface=com.qg.service.QgUserService&methods=qdtxModifyQgUser,qdtxBatchDeleteQgUser,qdtxAddQgUser,getQgUserCountByMap,queryQgUserByPhoneAndPwd,getQgUserListByMap,qdtxDeleteQgUserById,getQgUserById&pid=9100&register.ip=169.254.121.247&revision=1.0-SNAPSHOT&side=consumer&timestamp=1548137675296 to the consumer 169.254.121.247 use dubbo version 2.6.0
	at org.springframework.beans.factory.support.AbstractAutowireCapableBeanFactory.doCreateBean(AbstractAutowireCapableBeanFactory.java:564)
	at org.springframework.beans.factory.support.AbstractAutowireCapableBeanFactory.createBean(AbstractAutowireCapableBeanFactory.java:483)
	at org.springframework.beans.factory.support.AbstractBeanFactory$1.getObject(AbstractBeanFactory.java:306)
	at org.springframework.beans.factory.support.DefaultSingletonBeanRegistry.getSingleton(DefaultSingletonBeanRegistry.java:230)
	at org.springframework.beans.factory.support.AbstractBeanFactory.doGetBean(AbstractBeanFactory.java:302)
	at org.springframework.beans.factory.support.AbstractBeanFactory.getBean(AbstractBeanFactory.java:197)
	at org.springframework.beans.factory.support.DefaultListableBeanFactory.preInstantiateSingletons(DefaultListableBeanFactory.java:761)
	at org.springframework.context.support.AbstractApplicationContext.finishBeanFactoryInitialization(AbstractApplicationContext.java:867)
	at org.springframework.context.support.AbstractApplicationContext.refresh(AbstractApplicationContext.java:543)
	at org.springframework.boot.SpringApplication.refresh(SpringApplication.java:693)
	at org.springframework.boot.SpringApplication.refreshContext(SpringApplication.java:360)
	at org.springframework.boot.SpringApplication.run(SpringApplication.java:303)
	at org.springframework.boot.test.context.SpringBootContextLoader.loadContext(SpringBootContextLoader.java:120)
	at org.springframework.test.context.cache.DefaultCacheAwareContextLoaderDelegate.loadContextInternal(DefaultCacheAwareContextLoaderDelegate.java:98)
	at org.springframework.test.context.cache.DefaultCacheAwareContextLoaderDelegate.loadContext(DefaultCacheAwareContextLoaderDelegate.java:116)
	at org.springframework.test.context.support.DefaultTestContext.getApplicationContext(DefaultTestContext.java:83)
	at org.springframework.test.context.web.ServletTestExecutionListener.setUpRequestContextIfNecessary(ServletTestExecutionListener.java:189)
	at org.springframework.test.context.web.ServletTestExecutionListener.prepareTestInstance(ServletTestExecutionListener.java:131)
	at org.springframework.test.context.TestContextManager.prepareTestInstance(TestContextManager.java:230)
	at org.springframework.test.context.junit4.SpringJUnit4ClassRunner.createTest(SpringJUnit4ClassRunner.java:228)
	at org.springframework.test.context.junit4.SpringJUnit4ClassRunner$1.runReflectiveCall(SpringJUnit4ClassRunner.java:287)
	at org.junit.internal.runners.model.ReflectiveCallable.run(ReflectiveCallable.java:12)
	at org.springframework.test.context.junit4.SpringJUnit4ClassRunner.methodBlock(SpringJUnit4ClassRunner.java:289)
	at org.springframework.test.context.junit4.SpringJUnit4ClassRunner.runChild(SpringJUnit4ClassRunner.java:247)
	at org.springframework.test.context.junit4.SpringJUnit4ClassRunner.runChild(SpringJUnit4ClassRunner.java:94)
	at org.junit.runners.ParentRunner$3.run(ParentRunner.java:290)
	at org.junit.runners.ParentRunner$1.schedule(ParentRunner.java:71)
	at org.junit.runners.ParentRunner.runChildren(ParentRunner.java:288)
	at org.junit.runners.ParentRunner.access$000(ParentRunner.java:58)
	at org.junit.runners.ParentRunner$2.evaluate(ParentRunner.java:268)
	at org.springframework.test.context.junit4.statements.RunBeforeTestClassCallbacks.evaluate(RunBeforeTestClassCallbacks.java:61)
	at org.springframework.test.context.junit4.statements.RunAfterTestClassCallbacks.evaluate(RunAfterTestClassCallbacks.java:70)
	at org.junit.runners.ParentRunner.run(ParentRunner.java:363)
	at org.springframework.test.context.junit4.SpringJUnit4ClassRunner.run(SpringJUnit4ClassRunner.java:191)
	at org.apache.maven.surefire.junit4.JUnit4Provider.execute(JUnit4Provider.java:283)
	at org.apache.maven.surefire.junit4.JUnit4Provider.executeWithRerun(JUnit4Provider.java:173)
	at org.apache.maven.surefire.junit4.JUnit4Provider.executeTestSet(JUnit4Provider.java:153)
	at org.apache.maven.surefire.junit4.JUnit4Provider.invoke(JUnit4Provider.java:128)
	at org.apache.maven.surefire.booter.ForkedBooter.invokeProviderInSameClassLoader(ForkedBooter.java:203)
	at org.apache.maven.surefire.booter.ForkedBooter.runSuitesInProcess(ForkedBooter.java:155)
	at org.apache.maven.surefire.booter.ForkedBooter.main(ForkedBooter.java:103)
Caused by: org.springframework.beans.factory.BeanCreationException: testUserController; nested exception is java.lang.IllegalStateException: Failed to check the status of the service com.qg.service.QgUserService. No provider available for the service com.qg.service.QgUserService from the url zookeeper://192.168.9.150:2181/com.alibaba.dubbo.registry.RegistryService?application=spring-boot-starter-dubbo-user-consumer&dubbo=2.6.0&interface=com.qg.service.QgUserService&methods=qdtxModifyQgUser,qdtxBatchDeleteQgUser,qdtxAddQgUser,getQgUserCountByMap,queryQgUserByPhoneAndPwd,getQgUserListByMap,qdtxDeleteQgUserById,getQgUserById&pid=9100&register.ip=169.254.121.247&revision=1.0-SNAPSHOT&side=consumer&timestamp=1548137675296 to the consumer 169.254.121.247 use dubbo version 2.6.0
	at com.alibaba.dubbo.spring.boot.DubboConsumerAutoConfiguration$1.postProcessBeforeInitialization(DubboConsumerAutoConfiguration.java:104)
	at org.springframework.beans.factory.support.AbstractAutowireCapableBeanFactory.applyBeanPostProcessorsBeforeInitialization(AbstractAutowireCapableBeanFactory.java:409)
	at org.springframework.beans.factory.support.AbstractAutowireCapableBeanFactory.initializeBean(AbstractAutowireCapableBeanFactory.java:1620)
	at org.springframework.beans.factory.support.AbstractAutowireCapableBeanFactory.doCreateBean(AbstractAutowireCapableBeanFactory.java:555)
	at org.springframework.beans.factory.support.AbstractAutowireCapableBeanFactory.createBean(AbstractAutowireCapableBeanFactory.java:483)
	at org.springframework.beans.factory.support.AbstractBeanFactory$1.getObject(AbstractBeanFactory.java:306)
	at org.springframework.beans.factory.support.DefaultSingletonBeanRegistry.getSingleton(DefaultSingletonBeanRegistry.java:230)
	at org.springframework.beans.factory.support.AbstractBeanFactory.doGetBean(AbstractBeanFactory.java:302)
	at org.springframework.beans.factory.support.AbstractBeanFactory.getBean(AbstractBeanFactory.java:197)
	at org.springframework.beans.factory.support.DefaultListableBeanFactory.preInstantiateSingletons(DefaultListableBeanFactory.java:761)
	at org.springframework.context.support.AbstractApplicationContext.finishBeanFactoryInitialization(AbstractApplicationContext.java:867)
	at org.springframework.context.support.AbstractApplicationContext.refresh(AbstractApplicationContext.java:543)
	at org.springframework.boot.SpringApplication.refresh(SpringApplication.java:693)
	at org.springframework.boot.SpringApplication.refreshContext(SpringApplication.java:360)
	at org.springframework.boot.SpringApplication.run(SpringApplication.java:303)
	at org.springframework.boot.test.context.SpringBootContextLoader.loadContext(SpringBootContextLoader.java:120)
	at org.springframework.test.context.cache.DefaultCacheAwareContextLoaderDelegate.loadContextInternal(DefaultCacheAwareContextLoaderDelegate.java:98)
	at org.springframework.test.context.cache.DefaultCacheAwareContextLoaderDelegate.loadContext(DefaultCacheAwareContextLoaderDelegate.java:116)
	at org.springframework.test.context.support.DefaultTestContext.getApplicationContext(DefaultTestContext.java:83)
	at org.springframework.test.context.web.ServletTestExecutionListener.setUpRequestContextIfNecessary(ServletTestExecutionListener.java:189)
	at org.springframework.test.context.web.ServletTestExecutionListener.prepareTestInstance(ServletTestExecutionListener.java:131)
	at org.springframework.test.context.TestContextManager.prepareTestInstance(TestContextManager.java:230)
	at org.springframework.test.context.junit4.SpringJUnit4ClassRunner.createTest(SpringJUnit4ClassRunner.java:228)
	at org.springframework.test.context.junit4.SpringJUnit4ClassRunner$1.runReflectiveCall(SpringJUnit4ClassRunner.java:287)
	at org.junit.internal.runners.model.ReflectiveCallable.run(ReflectiveCallable.java:12)
	at org.springframework.test.context.junit4.SpringJUnit4ClassRunner.methodBlock(SpringJUnit4ClassRunner.java:289)
	at org.springframework.test.context.junit4.SpringJUnit4ClassRunner.runChild(SpringJUnit4ClassRunner.java:247)
	at org.springframework.test.context.junit4.SpringJUnit4ClassRunner.runChild(SpringJUnit4ClassRunner.java:94)
	at org.junit.runners.ParentRunner$3.run(ParentRunner.java:290)
	at org.junit.runners.ParentRunner$1.schedule(ParentRunner.java:71)
	at org.junit.runners.ParentRunner.runChildren(ParentRunner.java:288)
	at org.junit.runners.ParentRunner.access$000(ParentRunner.java:58)
	at org.junit.runners.ParentRunner$2.evaluate(ParentRunner.java:268)
	at org.springframework.test.context.junit4.statements.RunBeforeTestClassCallbacks.evaluate(RunBeforeTestClassCallbacks.java:61)
	at org.springframework.test.context.junit4.statements.RunAfterTestClassCallbacks.evaluate(RunAfterTestClassCallbacks.java:70)
	at org.junit.runners.ParentRunner.run(ParentRunner.java:363)
	at org.springframework.test.context.junit4.SpringJUnit4ClassRunner.run(SpringJUnit4ClassRunner.java:191)
	at org.apache.maven.surefire.junit4.JUnit4Provider.execute(JUnit4Provider.java:283)
	at org.apache.maven.surefire.junit4.JUnit4Provider.executeWithRerun(JUnit4Provider.java:173)
	at org.apache.maven.surefire.junit4.JUnit4Provider.executeTestSet(JUnit4Provider.java:153)
	at org.apache.maven.surefire.junit4.JUnit4Provider.invoke(JUnit4Provider.java:128)
	at org.apache.maven.surefire.booter.ForkedBooter.invokeProviderInSameClassLoader(ForkedBooter.java:203)
	at org.apache.maven.surefire.booter.ForkedBooter.runSuitesInProcess(ForkedBooter.java:155)
	at org.apache.maven.surefire.booter.ForkedBooter.main(ForkedBooter.java:103)
Caused by: java.lang.IllegalStateException: Failed to check the status of the service com.qg.service.QgUserService. No provider available for the service com.qg.service.QgUserService from the url zookeeper://192.168.9.150:2181/com.alibaba.dubbo.registry.RegistryService?application=spring-boot-starter-dubbo-user-consumer&dubbo=2.6.0&interface=com.qg.service.QgUserService&methods=qdtxModifyQgUser,qdtxBatchDeleteQgUser,qdtxAddQgUser,getQgUserCountByMap,queryQgUserByPhoneAndPwd,getQgUserListByMap,qdtxDeleteQgUserById,getQgUserById&pid=9100&register.ip=169.254.121.247&revision=1.0-SNAPSHOT&side=consumer&timestamp=1548137675296 to the consumer 169.254.121.247 use dubbo version 2.6.0
	at com.alibaba.dubbo.config.ReferenceConfig.createProxy(ReferenceConfig.java:422)
	at com.alibaba.dubbo.config.ReferenceConfig.init(ReferenceConfig.java:333)
	at com.alibaba.dubbo.config.ReferenceConfig.get(ReferenceConfig.java:163)
	at com.alibaba.dubbo.config.spring.ReferenceBean.getObject(ReferenceBean.java:59)
	at com.alibaba.dubbo.spring.boot.DubboConsumerAutoConfiguration$1.postProcessBeforeInitialization(DubboConsumerAutoConfiguration.java:93)
	at org.springframework.beans.factory.support.AbstractAutowireCapableBeanFactory.applyBeanPostProcessorsBeforeInitialization(AbstractAutowireCapableBeanFactory.java:409)
	at org.springframework.beans.factory.support.AbstractAutowireCapableBeanFactory.initializeBean(AbstractAutowireCapableBeanFactory.java:1620)
	at org.springframework.beans.factory.support.AbstractAutowireCapableBeanFactory.doCreateBean(AbstractAutowireCapableBeanFactory.java:555)
	at org.springframework.beans.factory.support.AbstractAutowireCapableBeanFactory.createBean(AbstractAutowireCapableBeanFactory.java:483)
	at org.springframework.beans.factory.support.AbstractBeanFactory$1.getObject(AbstractBeanFactory.java:306)
	at org.springframework.beans.factory.support.DefaultSingletonBeanRegistry.getSingleton(DefaultSingletonBeanRegistry.java:230)
	at org.springframework.beans.factory.support.AbstractBeanFactory.doGetBean(AbstractBeanFactory.java:302)
	at org.springframework.beans.factory.support.AbstractBeanFactory.getBean(AbstractBeanFactory.java:197)
	at org.springframework.beans.factory.support.DefaultListableBeanFactory.preInstantiateSingletons(DefaultListableBeanFactory.java:761)
	at org.springframework.context.support.AbstractApplicationContext.finishBeanFactoryInitialization(AbstractApplicationContext.java:867)
	at org.springframework.context.support.AbstractApplicationContext.refresh(AbstractApplicationContext.java:543)
	at org.springframework.boot.SpringApplication.refresh(SpringApplication.java:693)
	at org.springframework.boot.SpringApplication.refreshContext(SpringApplication.java:360)
	at org.springframework.boot.SpringApplication.run(SpringApplication.java:303)
	at org.springframework.boot.test.context.SpringBootContextLoader.loadContext(SpringBootContextLoader.java:120)
	at org.springframework.test.context.cache.DefaultCacheAwareContextLoaderDelegate.loadContextInternal(DefaultCacheAwareContextLoaderDelegate.java:98)
	at org.springframework.test.context.cache.DefaultCacheAwareContextLoaderDelegate.loadContext(DefaultCacheAwareContextLoaderDelegate.java:116)
	at org.springframework.test.context.support.DefaultTestContext.getApplicationContext(DefaultTestContext.java:83)
	at org.springframework.test.context.web.ServletTestExecutionListener.setUpRequestContextIfNecessary(ServletTestExecutionListener.java:189)
	at org.springframework.test.context.web.ServletTestExecutionListener.prepareTestInstance(ServletTestExecutionListener.java:131)
	at org.springframework.test.context.TestContextManager.prepareTestInstance(TestContextManager.java:230)
	at org.springframework.test.context.junit4.SpringJUnit4ClassRunner.createTest(SpringJUnit4ClassRunner.java:228)
	at org.springframework.test.context.junit4.SpringJUnit4ClassRunner$1.runReflectiveCall(SpringJUnit4ClassRunner.java:287)
	at org.junit.internal.runners.model.ReflectiveCallable.run(ReflectiveCallable.java:12)
	at org.springframework.test.context.junit4.SpringJUnit4ClassRunner.methodBlock(SpringJUnit4ClassRunner.java:289)
	at org.springframework.test.context.junit4.SpringJUnit4ClassRunner.runChild(SpringJUnit4ClassRunner.java:247)
	at org.springframework.test.context.junit4.SpringJUnit4ClassRunner.runChild(SpringJUnit4ClassRunner.java:94)
	at org.junit.runners.ParentRunner$3.run(ParentRunner.java:290)
	at org.junit.runners.ParentRunner$1.schedule(ParentRunner.java:71)
	at org.junit.runners.ParentRunner.runChildren(ParentRunner.java:288)
	at org.junit.runners.ParentRunner.access$000(ParentRunner.java:58)
	at org.junit.runners.ParentRunner$2.evaluate(ParentRunner.java:268)
	at org.springframework.test.context.junit4.statements.RunBeforeTestClassCallbacks.evaluate(RunBeforeTestClassCallbacks.java:61)
	at org.springframework.test.context.junit4.statements.RunAfterTestClassCallbacks.evaluate(RunAfterTestClassCallbacks.java:70)
	at org.junit.runners.ParentRunner.run(ParentRunner.java:363)
	at org.springframework.test.context.junit4.SpringJUnit4ClassRunner.run(SpringJUnit4ClassRunner.java:191)
	at org.apache.maven.surefire.junit4.JUnit4Provider.execute(JUnit4Provider.java:283)
	at org.apache.maven.surefire.junit4.JUnit4Provider.executeWithRerun(JUnit4Provider.java:173)
	at org.apache.maven.surefire.junit4.JUnit4Provider.executeTestSet(JUnit4Provider.java:153)
	at org.apache.maven.surefire.junit4.JUnit4Provider.invoke(JUnit4Provider.java:128)
	at org.apache.maven.surefire.booter.ForkedBooter.invokeProviderInSameClassLoader(ForkedBooter.java:203)
	at org.apache.maven.surefire.booter.ForkedBooter.runSuitesInProcess(ForkedBooter.java:155)
	at org.apache.maven.surefire.booter.ForkedBooter.main(ForkedBooter.java:103)
]]></error>
    <system-out><![CDATA[14:14:32.731 [main] DEBUG org.springframework.test.context.junit4.SpringJUnit4ClassRunner - SpringJUnit4ClassRunner constructor called with [class com.qg.QgUserConsumerApplicationTests]
14:14:32.737 [main] DEBUG org.springframework.test.context.BootstrapUtils - Instantiating CacheAwareContextLoaderDelegate from class [org.springframework.test.context.cache.DefaultCacheAwareContextLoaderDelegate]
14:14:32.744 [main] DEBUG org.springframework.test.context.BootstrapUtils - Instantiating BootstrapContext using constructor [public org.springframework.test.context.support.DefaultBootstrapContext(java.lang.Class,org.springframework.test.context.CacheAwareContextLoaderDelegate)]
14:14:32.757 [main] DEBUG org.springframework.test.context.BootstrapUtils - Instantiating TestContextBootstrapper for test class [com.qg.QgUserConsumerApplicationTests] from class [org.springframework.boot.test.context.SpringBootTestContextBootstrapper]
14:14:32.771 [main] INFO org.springframework.boot.test.context.SpringBootTestContextBootstrapper - Neither @ContextConfiguration nor @ContextHierarchy found for test class [com.qg.QgUserConsumerApplicationTests], using SpringBootContextLoader
14:14:32.774 [main] DEBUG org.springframework.test.context.support.AbstractContextLoader - Did not detect default resource location for test class [com.qg.QgUserConsumerApplicationTests]: class path resource [com/qg/QgUserConsumerApplicationTests-context.xml] does not exist
14:14:32.774 [main] DEBUG org.springframework.test.context.support.AbstractContextLoader - Did not detect default resource location for test class [com.qg.QgUserConsumerApplicationTests]: class path resource [com/qg/QgUserConsumerApplicationTestsContext.groovy] does not exist
14:14:32.774 [main] INFO org.springframework.test.context.support.AbstractContextLoader - Could not detect default resource locations for test class [com.qg.QgUserConsumerApplicationTests]: no resource found for suffixes {-context.xml, Context.groovy}.
14:14:32.775 [main] INFO org.springframework.test.context.support.AnnotationConfigContextLoaderUtils - Could not detect default configuration classes for test class [com.qg.QgUserConsumerApplicationTests]: QgUserConsumerApplicationTests does not declare any static, non-private, non-final, nested classes annotated with @Configuration.
14:14:32.817 [main] DEBUG org.springframework.test.context.support.ActiveProfilesUtils - Could not find an 'annotation declaring class' for annotation type [org.springframework.test.context.ActiveProfiles] and class [com.qg.QgUserConsumerApplicationTests]
14:14:32.827 [main] DEBUG org.springframework.core.env.StandardEnvironment - Adding PropertySource 'systemProperties' with lowest search precedence
14:14:32.827 [main] DEBUG org.springframework.core.env.StandardEnvironment - Adding PropertySource 'systemEnvironment' with lowest search precedence
14:14:32.827 [main] DEBUG org.springframework.core.env.StandardEnvironment - Initialized StandardEnvironment with PropertySources [MapPropertySource@2979643 {name='systemProperties', properties={idea.version=2017.2.4, java.runtime.name=Java(TM) SE Runtime Environment, sun.boot.library.path=C:\Program Files (x86)\Java\jdk1.8.0_144\jre\bin, java.vm.version=25.144-b01, java.vm.vendor=Oracle Corporation, java.vendor.url=http://java.oracle.com/, path.separator=;, java.vm.name=Java HotSpot(TM) Client VM, file.encoding.pkg=sun.io, user.country=CN, user.script=, sun.java.launcher=SUN_STANDARD, sun.os.patch.level=, java.vm.specification.name=Java Virtual Machine Specification, user.dir=D:\workspace\qg\qg-user-consumer, java.runtime.version=1.8.0_144-b01, basedir=D:\workspace\qg\qg-user-consumer, java.awt.graphicsenv=sun.awt.Win32GraphicsEnvironment, java.endorsed.dirs=C:\Program Files (x86)\Java\jdk1.8.0_144\jre\lib\endorsed, os.arch=x86, surefire.real.class.path=D:\workspace\qg\qg-user-consumer\target\surefire\surefirebooter4951574212139531464.jar, java.io.tmpdir=C:\Users\10447\AppData\Local\Temp\, line.separator=
, java.vm.specification.vendor=Oracle Corporation, user.variant=, os.name=Windows 10, sun.jnu.encoding=GBK, java.library.path=C:\Program Files (x86)\Java\jdk1.8.0_144\jre\bin;C:\WINDOWS\Sun\Java\bin;C:\WINDOWS\system32;C:\WINDOWS;C:\Program Files (x86)\Java\jdk1.8.0_144\;C:\Program Files (x86)\Intel\iCLS Client\;C:\Program Files\Intel\iCLS Client\;C:\Windows\system32;C:\Windows;C:\Windows\System32\Wbem;C:\Windows\System32\WindowsPowerShell\v1.0\;C:\Program Files (x86)\Intel\Intel(R) Management Engine Components\DAL;C:\Program Files\Intel\Intel(R) Management Engine Components\DAL;C:\Program Files (x86)\Intel\Intel(R) Management Engine Components\IPT;C:\Program Files\Intel\Intel(R) Management Engine Components\IPT;C:\Program Files (x86)\NVIDIA Corporation\PhysX\Common;D:\program\svn\bin;C:\Program Files\MySQL\MySQL Utilities 1.6\;C:\WINDOWS\system32;C:\WINDOWS;C:\WINDOWS\System32\Wbem;C:\WINDOWS\System32\WindowsPowerShell\v1.0\;%MAVEN_HOME%\bin\;C:\WINDOWS\System32\OpenSSH\;C:\Program Files\Git\cmd;C:\Program Files (x86)\Java\jdk1.8.0_144\bin;C:\Users\10447\AppData\Local\Microsoft\WindowsApps;D:\program\docker\Docker Toolbox;D:\environment\apache-jmeter-4.0\bin;D:\environment\apache-jmeter-4.0\bin;D:\Program Files\Microsoft VS Code\bin;D:\environment\maven\apache-maven-3.5.0\bin;., surefire.test.class.path=D:\workspace\qg\qg-user-consumer\target\test-classes;D:\workspace\qg\qg-user-consumer\target\classes;D:\environment\maven-resp\org\springframework\boot\spring-boot-starter-web\1.5.9.RELEASE\spring-boot-starter-web-1.5.9.RELEASE.jar;D:\environment\maven-resp\org\springframework\boot\spring-boot-starter\1.5.9.RELEASE\spring-boot-starter-1.5.9.RELEASE.jar;D:\environment\maven-resp\org\springframework\boot\spring-boot-starter-logging\1.5.9.RELEASE\spring-boot-starter-logging-1.5.9.RELEASE.jar;D:\environment\maven-resp\ch\qos\logback\logback-classic\1.1.11\logback-classic-1.1.11.jar;D:\environment\maven-resp\ch\qos\logback\logback-core\1.1.11\logback-core-1.1.11.jar;D:\environment\maven-resp\org\slf4j\jcl-over-slf4j\1.7.25\jcl-over-slf4j-1.7.25.jar;D:\environment\maven-resp\org\slf4j\jul-to-slf4j\1.7.25\jul-to-slf4j-1.7.25.jar;D:\environment\maven-resp\org\slf4j\log4j-over-slf4j\1.7.25\log4j-over-slf4j-1.7.25.jar;D:\environment\maven-resp\org\yaml\snakeyaml\1.17\snakeyaml-1.17.jar;D:\environment\maven-resp\org\springframework\boot\spring-boot-starter-tomcat\1.5.9.RELEASE\spring-boot-starter-tomcat-1.5.9.RELEASE.jar;D:\environment\maven-resp\org\apache\tomcat\embed\tomcat-embed-core\8.5.23\tomcat-embed-core-8.5.23.jar;D:\environment\maven-resp\org\apache\tomcat\tomcat-annotations-api\8.5.23\tomcat-annotations-api-8.5.23.jar;D:\environment\maven-resp\org\apache\tomcat\embed\tomcat-embed-el\8.5.23\tomcat-embed-el-8.5.23.jar;D:\environment\maven-resp\org\apache\tomcat\embed\tomcat-embed-websocket\8.5.23\tomcat-embed-websocket-8.5.23.jar;D:\environment\maven-resp\org\hibernate\hibernate-validator\5.3.6.Final\hibernate-validator-5.3.6.Final.jar;D:\environment\maven-resp\javax\validation\validation-api\1.1.0.Final\validation-api-1.1.0.Final.jar;D:\environment\maven-resp\org\jboss\logging\jboss-logging\3.3.1.Final\jboss-logging-3.3.1.Final.jar;D:\environment\maven-resp\com\fasterxml\classmate\1.3.4\classmate-1.3.4.jar;D:\environment\maven-resp\com\fasterxml\jackson\core\jackson-databind\2.8.10\jackson-databind-2.8.10.jar;D:\environment\maven-resp\com\fasterxml\jackson\core\jackson-annotations\2.8.0\jackson-annotations-2.8.0.jar;D:\environment\maven-resp\com\fasterxml\jackson\core\jackson-core\2.8.10\jackson-core-2.8.10.jar;D:\environment\maven-resp\org\springframework\spring-web\4.3.13.RELEASE\spring-web-4.3.13.RELEASE.jar;D:\environment\maven-resp\org\springframework\spring-aop\4.3.13.RELEASE\spring-aop-4.3.13.RELEASE.jar;D:\environment\maven-resp\org\springframework\spring-beans\4.3.13.RELEASE\spring-beans-4.3.13.RELEASE.jar;D:\environment\maven-resp\org\springframework\spring-context\4.3.13.RELEASE\spring-context-4.3.13.RELEASE.jar;D:\environment\maven-resp\org\springframework\spring-webmvc\4.3.13.RELEASE\spring-webmvc-4.3.13.RELEASE.jar;D:\environment\maven-resp\org\springframework\spring-expression\4.3.13.RELEASE\spring-expression-4.3.13.RELEASE.jar;D:\environment\maven-resp\org\springframework\boot\spring-boot-starter-test\1.5.9.RELEASE\spring-boot-starter-test-1.5.9.RELEASE.jar;D:\environment\maven-resp\org\springframework\boot\spring-boot-test\1.5.9.RELEASE\spring-boot-test-1.5.9.RELEASE.jar;D:\environment\maven-resp\org\springframework\boot\spring-boot-test-autoconfigure\1.5.9.RELEASE\spring-boot-test-autoconfigure-1.5.9.RELEASE.jar;D:\environment\maven-resp\com\jayway\jsonpath\json-path\2.2.0\json-path-2.2.0.jar;D:\environment\maven-resp\net\minidev\json-smart\2.2.1\json-smart-2.2.1.jar;D:\environment\maven-resp\net\minidev\accessors-smart\1.1\accessors-smart-1.1.jar;D:\environment\maven-resp\org\ow2\asm\asm\5.0.3\asm-5.0.3.jar;D:\environment\maven-resp\junit\junit\4.12\junit-4.12.jar;D:\environment\maven-resp\org\assertj\assertj-core\2.6.0\assertj-core-2.6.0.jar;D:\environment\maven-resp\org\mockito\mockito-core\1.10.19\mockito-core-1.10.19.jar;D:\environment\maven-resp\org\objenesis\objenesis\2.1\objenesis-2.1.jar;D:\environment\maven-resp\org\hamcrest\hamcrest-core\1.3\hamcrest-core-1.3.jar;D:\environment\maven-resp\org\hamcrest\hamcrest-library\1.3\hamcrest-library-1.3.jar;D:\environment\maven-resp\org\skyscreamer\jsonassert\1.4.0\jsonassert-1.4.0.jar;D:\environment\maven-resp\com\vaadin\external\google\android-json\0.0.20131108.vaadin1\android-json-0.0.20131108.vaadin1.jar;D:\environment\maven-resp\org\springframework\spring-core\4.3.13.RELEASE\spring-core-4.3.13.RELEASE.jar;D:\environment\maven-resp\org\springframework\spring-test\4.3.13.RELEASE\spring-test-4.3.13.RELEASE.jar;D:\environment\maven-resp\com\qg\qg-common-service\1.0-SNAPSHOT\qg-common-service-1.0-SNAPSHOT.jar;D:\environment\maven-resp\com\qg\qg-common-module\1.0-SNAPSHOT\qg-common-module-1.0-SNAPSHOT.jar;D:\environment\maven-resp\com\qg\qg-common-utils\1.0-SNAPSHOT\qg-common-utils-1.0-SNAPSHOT.jar;D:\environment\maven-resp\com\qg\qg-common-dto\1.0-SNAPSHOT\qg-common-dto-1.0-SNAPSHOT.jar;D:\environment\maven-resp\org\springframework\boot\spring-boot-starter-data-redis\1.5.9.RELEASE\spring-boot-starter-data-redis-1.5.9.RELEASE.jar;D:\environment\maven-resp\org\springframework\data\spring-data-redis\1.8.9.RELEASE\spring-data-redis-1.8.9.RELEASE.jar;D:\environment\maven-resp\org\springframework\data\spring-data-keyvalue\1.2.9.RELEASE\spring-data-keyvalue-1.2.9.RELEASE.jar;D:\environment\maven-resp\org\springframework\data\spring-data-commons\1.13.9.RELEASE\spring-data-commons-1.13.9.RELEASE.jar;D:\environment\maven-resp\org\springframework\spring-tx\4.3.13.RELEASE\spring-tx-4.3.13.RELEASE.jar;D:\environment\maven-resp\org\springframework\spring-oxm\4.3.13.RELEASE\spring-oxm-4.3.13.RELEASE.jar;D:\environment\maven-resp\org\springframework\spring-context-support\4.3.13.RELEASE\spring-context-support-4.3.13.RELEASE.jar;D:\environment\maven-resp\redis\clients\jedis\2.9.0\jedis-2.9.0.jar;D:\environment\maven-resp\org\apache\commons\commons-pool2\2.4.3\commons-pool2-2.4.3.jar;D:\environment\maven-resp\org\springframework\kafka\spring-kafka\1.1.7.RELEASE\spring-kafka-1.1.7.RELEASE.jar;D:\environment\maven-resp\org\springframework\spring-messaging\4.3.13.RELEASE\spring-messaging-4.3.13.RELEASE.jar;D:\environment\maven-resp\org\springframework\retry\spring-retry\1.2.1.RELEASE\spring-retry-1.2.1.RELEASE.jar;D:\environment\maven-resp\org\apache\kafka\kafka-clients\0.10.1.1\kafka-clients-0.10.1.1.jar;D:\environment\maven-resp\net\jpountz\lz4\lz4\1.3.0\lz4-1.3.0.jar;D:\environment\maven-resp\org\xerial\snappy\snappy-java\1.1.2.6\snappy-java-1.1.2.6.jar;D:\environment\maven-resp\com\alibaba\fastjson\1.2.54\fastjson-1.2.54.jar;D:\environment\maven-resp\org\springframework\boot\spring-boot-starter-activemq\1.5.9.RELEASE\spring-boot-starter-activemq-1.5.9.RELEASE.jar;D:\environment\maven-resp\org\springframework\spring-jms\4.3.13.RELEASE\spring-jms-4.3.13.RELEASE.jar;D:\environment\maven-resp\org\apache\activemq\activemq-broker\5.14.5\activemq-broker-5.14.5.jar;D:\environment\maven-resp\org\apache\activemq\activemq-client\5.14.5\activemq-client-5.14.5.jar;D:\environment\maven-resp\org\apache\geronimo\specs\geronimo-jms_1.1_spec\1.1.1\geronimo-jms_1.1_spec-1.1.1.jar;D:\environment\maven-resp\org\fusesource\hawtbuf\hawtbuf\1.11\hawtbuf-1.11.jar;D:\environment\maven-resp\org\apache\geronimo\specs\geronimo-j2ee-management_1.1_spec\1.0.1\geronimo-j2ee-management_1.1_spec-1.0.1.jar;D:\environment\maven-resp\org\apache\activemq\activemq-openwire-legacy\5.14.5\activemq-openwire-legacy-5.14.5.jar;D:\environment\maven-resp\org\springframework\boot\spring-boot-devtools\1.5.9.RELEASE\spring-boot-devtools-1.5.9.RELEASE.jar;D:\environment\maven-resp\org\springframework\boot\spring-boot\1.5.9.RELEASE\spring-boot-1.5.9.RELEASE.jar;D:\environment\maven-resp\org\springframework\boot\spring-boot-autoconfigure\1.5.9.RELEASE\spring-boot-autoconfigure-1.5.9.RELEASE.jar;D:\environment\maven-resp\org\springframework\springloaded\1.2.5.RELEASE\springloaded-1.2.5.RELEASE.jar;D:\environment\maven-resp\com\alibaba\spring\boot\dubbo-spring-boot-starter\1.0.0\dubbo-spring-boot-starter-1.0.0.jar;D:\environment\maven-resp\com\alibaba\dubbo\2.6.0\dubbo-2.6.0.jar;D:\environment\maven-resp\org\javassist\javassist\3.21.0-GA\javassist-3.21.0-GA.jar;D:\environment\maven-resp\org\jboss\netty\netty\3.2.5.Final\netty-3.2.5.Final.jar;D:\environment\maven-resp\org\springframework\boot\spring-boot-starter-actuator\1.5.9.RELEASE\spring-boot-starter-actuator-1.5.9.RELEASE.jar;D:\environment\maven-resp\org\springframework\boot\spring-boot-actuator\1.5.9.RELEASE\spring-boot-actuator-1.5.9.RELEASE.jar;D:\environment\maven-resp\com\101tec\zkclient\0.10\zkclient-0.10.jar;D:\environment\maven-resp\org\slf4j\slf4j-api\1.7.25\slf4j-api-1.7.25.jar;D:\environment\maven-resp\org\apache\zookeeper\zookeeper\3.4.8\zookeeper-3.4.8.jar;D:\environment\maven-resp\org\slf4j\slf4j-log4j12\1.7.25\slf4j-log4j12-1.7.25.jar;D:\environment\maven-resp\log4j\log4j\1.2.16\log4j-1.2.16.jar;D:\environment\maven-resp\jline\jline\0.9.94\jline-0.9.94.jar;D:\environment\maven-resp\io\netty\netty\3.7.0.Final\netty-3.7.0.Final.jar;, java.specification.name=Java Platform API Specification, java.class.version=52.0, sun.management.compiler=HotSpot Client Compiler, os.version=10.0, user.home=C:\Users\10447, user.timezone=Asia/Shanghai, java.awt.printerjob=sun.awt.windows.WPrinterJob, file.encoding=GBK, java.specification.version=1.8, java.class.path=D:\workspace\qg\qg-user-consumer\target\test-classes;D:\workspace\qg\qg-user-consumer\target\classes;D:\environment\maven-resp\org\springframework\boot\spring-boot-starter-web\1.5.9.RELEASE\spring-boot-starter-web-1.5.9.RELEASE.jar;D:\environment\maven-resp\org\springframework\boot\spring-boot-starter\1.5.9.RELEASE\spring-boot-starter-1.5.9.RELEASE.jar;D:\environment\maven-resp\org\springframework\boot\spring-boot-starter-logging\1.5.9.RELEASE\spring-boot-starter-logging-1.5.9.RELEASE.jar;D:\environment\maven-resp\ch\qos\logback\logback-classic\1.1.11\logback-classic-1.1.11.jar;D:\environment\maven-resp\ch\qos\logback\logback-core\1.1.11\logback-core-1.1.11.jar;D:\environment\maven-resp\org\slf4j\jcl-over-slf4j\1.7.25\jcl-over-slf4j-1.7.25.jar;D:\environment\maven-resp\org\slf4j\jul-to-slf4j\1.7.25\jul-to-slf4j-1.7.25.jar;D:\environment\maven-resp\org\slf4j\log4j-over-slf4j\1.7.25\log4j-over-slf4j-1.7.25.jar;D:\environment\maven-resp\org\yaml\snakeyaml\1.17\snakeyaml-1.17.jar;D:\environment\maven-resp\org\springframework\boot\spring-boot-starter-tomcat\1.5.9.RELEASE\spring-boot-starter-tomcat-1.5.9.RELEASE.jar;D:\environment\maven-resp\org\apache\tomcat\embed\tomcat-embed-core\8.5.23\tomcat-embed-core-8.5.23.jar;D:\environment\maven-resp\org\apache\tomcat\tomcat-annotations-api\8.5.23\tomcat-annotations-api-8.5.23.jar;D:\environment\maven-resp\org\apache\tomcat\embed\tomcat-embed-el\8.5.23\tomcat-embed-el-8.5.23.jar;D:\environment\maven-resp\org\apache\tomcat\embed\tomcat-embed-websocket\8.5.23\tomcat-embed-websocket-8.5.23.jar;D:\environment\maven-resp\org\hibernate\hibernate-validator\5.3.6.Final\hibernate-validator-5.3.6.Final.jar;D:\environment\maven-resp\javax\validation\validation-api\1.1.0.Final\validation-api-1.1.0.Final.jar;D:\environment\maven-resp\org\jboss\logging\jboss-logging\3.3.1.Final\jboss-logging-3.3.1.Final.jar;D:\environment\maven-resp\com\fasterxml\classmate\1.3.4\classmate-1.3.4.jar;D:\environment\maven-resp\com\fasterxml\jackson\core\jackson-databind\2.8.10\jackson-databind-2.8.10.jar;D:\environment\maven-resp\com\fasterxml\jackson\core\jackson-annotations\2.8.0\jackson-annotations-2.8.0.jar;D:\environment\maven-resp\com\fasterxml\jackson\core\jackson-core\2.8.10\jackson-core-2.8.10.jar;D:\environment\maven-resp\org\springframework\spring-web\4.3.13.RELEASE\spring-web-4.3.13.RELEASE.jar;D:\environment\maven-resp\org\springframework\spring-aop\4.3.13.RELEASE\spring-aop-4.3.13.RELEASE.jar;D:\environment\maven-resp\org\springframework\spring-beans\4.3.13.RELEASE\spring-beans-4.3.13.RELEASE.jar;D:\environment\maven-resp\org\springframework\spring-context\4.3.13.RELEASE\spring-context-4.3.13.RELEASE.jar;D:\environment\maven-resp\org\springframework\spring-webmvc\4.3.13.RELEASE\spring-webmvc-4.3.13.RELEASE.jar;D:\environment\maven-resp\org\springframework\spring-expression\4.3.13.RELEASE\spring-expression-4.3.13.RELEASE.jar;D:\environment\maven-resp\org\springframework\boot\spring-boot-starter-test\1.5.9.RELEASE\spring-boot-starter-test-1.5.9.RELEASE.jar;D:\environment\maven-resp\org\springframework\boot\spring-boot-test\1.5.9.RELEASE\spring-boot-test-1.5.9.RELEASE.jar;D:\environment\maven-resp\org\springframework\boot\spring-boot-test-autoconfigure\1.5.9.RELEASE\spring-boot-test-autoconfigure-1.5.9.RELEASE.jar;D:\environment\maven-resp\com\jayway\jsonpath\json-path\2.2.0\json-path-2.2.0.jar;D:\environment\maven-resp\net\minidev\json-smart\2.2.1\json-smart-2.2.1.jar;D:\environment\maven-resp\net\minidev\accessors-smart\1.1\accessors-smart-1.1.jar;D:\environment\maven-resp\org\ow2\asm\asm\5.0.3\asm-5.0.3.jar;D:\environment\maven-resp\junit\junit\4.12\junit-4.12.jar;D:\environment\maven-resp\org\assertj\assertj-core\2.6.0\assertj-core-2.6.0.jar;D:\environment\maven-resp\org\mockito\mockito-core\1.10.19\mockito-core-1.10.19.jar;D:\environment\maven-resp\org\objenesis\objenesis\2.1\objenesis-2.1.jar;D:\environment\maven-resp\org\hamcrest\hamcrest-core\1.3\hamcrest-core-1.3.jar;D:\environment\maven-resp\org\hamcrest\hamcrest-library\1.3\hamcrest-library-1.3.jar;D:\environment\maven-resp\org\skyscreamer\jsonassert\1.4.0\jsonassert-1.4.0.jar;D:\environment\maven-resp\com\vaadin\external\google\android-json\0.0.20131108.vaadin1\android-json-0.0.20131108.vaadin1.jar;D:\environment\maven-resp\org\springframework\spring-core\4.3.13.RELEASE\spring-core-4.3.13.RELEASE.jar;D:\environment\maven-resp\org\springframework\spring-test\4.3.13.RELEASE\spring-test-4.3.13.RELEASE.jar;D:\environment\maven-resp\com\qg\qg-common-service\1.0-SNAPSHOT\qg-common-service-1.0-SNAPSHOT.jar;D:\environment\maven-resp\com\qg\qg-common-module\1.0-SNAPSHOT\qg-common-module-1.0-SNAPSHOT.jar;D:\environment\maven-resp\com\qg\qg-common-utils\1.0-SNAPSHOT\qg-common-utils-1.0-SNAPSHOT.jar;D:\environment\maven-resp\com\qg\qg-common-dto\1.0-SNAPSHOT\qg-common-dto-1.0-SNAPSHOT.jar;D:\environment\maven-resp\org\springframework\boot\spring-boot-starter-data-redis\1.5.9.RELEASE\spring-boot-starter-data-redis-1.5.9.RELEASE.jar;D:\environment\maven-resp\org\springframework\data\spring-data-redis\1.8.9.RELEASE\spring-data-redis-1.8.9.RELEASE.jar;D:\environment\maven-resp\org\springframework\data\spring-data-keyvalue\1.2.9.RELEASE\spring-data-keyvalue-1.2.9.RELEASE.jar;D:\environment\maven-resp\org\springframework\data\spring-data-commons\1.13.9.RELEASE\spring-data-commons-1.13.9.RELEASE.jar;D:\environment\maven-resp\org\springframework\spring-tx\4.3.13.RELEASE\spring-tx-4.3.13.RELEASE.jar;D:\environment\maven-resp\org\springframework\spring-oxm\4.3.13.RELEASE\spring-oxm-4.3.13.RELEASE.jar;D:\environment\maven-resp\org\springframework\spring-context-support\4.3.13.RELEASE\spring-context-support-4.3.13.RELEASE.jar;D:\environment\maven-resp\redis\clients\jedis\2.9.0\jedis-2.9.0.jar;D:\environment\maven-resp\org\apache\commons\commons-pool2\2.4.3\commons-pool2-2.4.3.jar;D:\environment\maven-resp\org\springframework\kafka\spring-kafka\1.1.7.RELEASE\spring-kafka-1.1.7.RELEASE.jar;D:\environment\maven-resp\org\springframework\spring-messaging\4.3.13.RELEASE\spring-messaging-4.3.13.RELEASE.jar;D:\environment\maven-resp\org\springframework\retry\spring-retry\1.2.1.RELEASE\spring-retry-1.2.1.RELEASE.jar;D:\environment\maven-resp\org\apache\kafka\kafka-clients\0.10.1.1\kafka-clients-0.10.1.1.jar;D:\environment\maven-resp\net\jpountz\lz4\lz4\1.3.0\lz4-1.3.0.jar;D:\environment\maven-resp\org\xerial\snappy\snappy-java\1.1.2.6\snappy-java-1.1.2.6.jar;D:\environment\maven-resp\com\alibaba\fastjson\1.2.54\fastjson-1.2.54.jar;D:\environment\maven-resp\org\springframework\boot\spring-boot-starter-activemq\1.5.9.RELEASE\spring-boot-starter-activemq-1.5.9.RELEASE.jar;D:\environment\maven-resp\org\springframework\spring-jms\4.3.13.RELEASE\spring-jms-4.3.13.RELEASE.jar;D:\environment\maven-resp\org\apache\activemq\activemq-broker\5.14.5\activemq-broker-5.14.5.jar;D:\environment\maven-resp\org\apache\activemq\activemq-client\5.14.5\activemq-client-5.14.5.jar;D:\environment\maven-resp\org\apache\geronimo\specs\geronimo-jms_1.1_spec\1.1.1\geronimo-jms_1.1_spec-1.1.1.jar;D:\environment\maven-resp\org\fusesource\hawtbuf\hawtbuf\1.11\hawtbuf-1.11.jar;D:\environment\maven-resp\org\apache\geronimo\specs\geronimo-j2ee-management_1.1_spec\1.0.1\geronimo-j2ee-management_1.1_spec-1.0.1.jar;D:\environment\maven-resp\org\apache\activemq\activemq-openwire-legacy\5.14.5\activemq-openwire-legacy-5.14.5.jar;D:\environment\maven-resp\org\springframework\boot\spring-boot-devtools\1.5.9.RELEASE\spring-boot-devtools-1.5.9.RELEASE.jar;D:\environment\maven-resp\org\springframework\boot\spring-boot\1.5.9.RELEASE\spring-boot-1.5.9.RELEASE.jar;D:\environment\maven-resp\org\springframework\boot\spring-boot-autoconfigure\1.5.9.RELEASE\spring-boot-autoconfigure-1.5.9.RELEASE.jar;D:\environment\maven-resp\org\springframework\springloaded\1.2.5.RELEASE\springloaded-1.2.5.RELEASE.jar;D:\environment\maven-resp\com\alibaba\spring\boot\dubbo-spring-boot-starter\1.0.0\dubbo-spring-boot-starter-1.0.0.jar;D:\environment\maven-resp\com\alibaba\dubbo\2.6.0\dubbo-2.6.0.jar;D:\environment\maven-resp\org\javassist\javassist\3.21.0-GA\javassist-3.21.0-GA.jar;D:\environment\maven-resp\org\jboss\netty\netty\3.2.5.Final\netty-3.2.5.Final.jar;D:\environment\maven-resp\org\springframework\boot\spring-boot-starter-actuator\1.5.9.RELEASE\spring-boot-starter-actuator-1.5.9.RELEASE.jar;D:\environment\maven-resp\org\springframework\boot\spring-boot-actuator\1.5.9.RELEASE\spring-boot-actuator-1.5.9.RELEASE.jar;D:\environment\maven-resp\com\101tec\zkclient\0.10\zkclient-0.10.jar;D:\environment\maven-resp\org\slf4j\slf4j-api\1.7.25\slf4j-api-1.7.25.jar;D:\environment\maven-resp\org\apache\zookeeper\zookeeper\3.4.8\zookeeper-3.4.8.jar;D:\environment\maven-resp\org\slf4j\slf4j-log4j12\1.7.25\slf4j-log4j12-1.7.25.jar;D:\environment\maven-resp\log4j\log4j\1.2.16\log4j-1.2.16.jar;D:\environment\maven-resp\jline\jline\0.9.94\jline-0.9.94.jar;D:\environment\maven-resp\io\netty\netty\3.7.0.Final\netty-3.7.0.Final.jar;, user.name=bdqn, java.vm.specification.version=1.8, sun.java.command=D:\workspace\qg\qg-user-consumer\target\surefire\surefirebooter4951574212139531464.jar D:\workspace\qg\qg-user-consumer\target\surefire\surefire2963669447455742081tmp D:\workspace\qg\qg-user-consumer\target\surefire\surefire_0981519669271656029tmp, java.home=C:\Program Files (x86)\Java\jdk1.8.0_144\jre, sun.arch.data.model=32, user.language=zh, java.specification.vendor=Oracle Corporation, awt.toolkit=sun.awt.windows.WToolkit, java.vm.info=mixed mode, java.version=1.8.0_144, java.ext.dirs=C:\Program Files (x86)\Java\jdk1.8.0_144\jre\lib\ext;C:\WINDOWS\Sun\Java\lib\ext, sun.boot.class.path=C:\Program Files (x86)\Java\jdk1.8.0_144\jre\lib\resources.jar;C:\Program Files (x86)\Java\jdk1.8.0_144\jre\lib\rt.jar;C:\Program Files (x86)\Java\jdk1.8.0_144\jre\lib\sunrsasign.jar;C:\Program Files (x86)\Java\jdk1.8.0_144\jre\lib\jsse.jar;C:\Program Files (x86)\Java\jdk1.8.0_144\jre\lib\jce.jar;C:\Program Files (x86)\Java\jdk1.8.0_144\jre\lib\charsets.jar;C:\Program Files (x86)\Java\jdk1.8.0_144\jre\lib\jfr.jar;C:\Program Files (x86)\Java\jdk1.8.0_144\jre\classes, java.vendor=Oracle Corporation, localRepository=D:\environment\maven-resp, file.separator=\, java.vendor.url.bug=http://bugreport.sun.com/bugreport/, sun.io.unicode.encoding=UnicodeLittle, sun.cpu.endian=little, sun.desktop=windows, sun.cpu.isalist=pentium_pro+mmx pentium_pro pentium+mmx pentium i486 i386 i86}}, SystemEnvironmentPropertySource@24377049 {name='systemEnvironment', properties={PATH=C:\Program Files (x86)\Java\jdk1.8.0_144\;C:\Program Files (x86)\Intel\iCLS Client\;C:\Program Files\Intel\iCLS Client\;C:\Windows\system32;C:\Windows;C:\Windows\System32\Wbem;C:\Windows\System32\WindowsPowerShell\v1.0\;C:\Program Files (x86)\Intel\Intel(R) Management Engine Components\DAL;C:\Program Files\Intel\Intel(R) Management Engine Components\DAL;C:\Program Files (x86)\Intel\Intel(R) Management Engine Components\IPT;C:\Program Files\Intel\Intel(R) Management Engine Components\IPT;C:\Program Files (x86)\NVIDIA Corporation\PhysX\Common;D:\program\svn\bin;C:\Program Files\MySQL\MySQL Utilities 1.6\;C:\WINDOWS\system32;C:\WINDOWS;C:\WINDOWS\System32\Wbem;C:\WINDOWS\System32\WindowsPowerShell\v1.0\;%MAVEN_HOME%\bin\;C:\WINDOWS\System32\OpenSSH\;C:\Program Files\Git\cmd;C:\Program Files (x86)\Java\jdk1.8.0_144\bin;C:\Users\10447\AppData\Local\Microsoft\WindowsApps;D:\program\docker\Docker Toolbox;D:\environment\apache-jmeter-4.0\bin;D:\environment\apache-jmeter-4.0\bin;D:\Program Files\Microsoft VS Code\bin;D:\environment\maven\apache-maven-3.5.0\bin, USERDOMAIN_ROAMINGPROFILE=LAPTOP-8PLCCF1H, PROCESSOR_LEVEL=6, SYSTEMDRIVE=C:, SESSIONNAME=Console, ALLUSERSPROFILE=C:\ProgramData, PROCESSOR_ARCHITECTURE=x86, DRIVERDATA=C:\Windows\System32\Drivers\DriverData, PROGRAMFILES=C:\Program Files (x86), PSMODULEPATH=%ProgramFiles%\WindowsPowerShell\Modules;C:\WINDOWS\system32\WindowsPowerShell\v1.0\Modules, PROGRAMDATA=C:\ProgramData, USERNAME=bdqn, FPS_BROWSER_USER_PROFILE_STRING=Default, ONEDRIVE=C:\Users\10447\OneDrive, CONFIGSETROOT=C:\WINDOWS\ConfigSetRoot, PATHEXT=.COM;.EXE;.BAT;.CMD;.VBS;.VBE;.JS;.JSE;.WSF;.WSH;.MSC, PROCESSOR_ARCHITEW6432=AMD64, WINDIR=C:\WINDOWS, HOMEPATH=\Users\10447, PROCESSOR_IDENTIFIER=Intel64 Family 6 Model 158 Stepping 9, GenuineIntel, M2_HOME=D:\environment\maven\apache-maven-3.5.0, PUBLIC=C:\Users\Public, =::=::\, LOCALAPPDATA=C:\Users\10447\AppData\Local, COMMONPROGRAMFILES(X86)=C:\Program Files (x86)\Common Files, USERDOMAIN=LAPTOP-8PLCCF1H, FPS_BROWSER_APP_PROFILE_STRING=Internet Explorer, LOGONSERVER=\\LAPTOP-8PLCCF1H, JAVA_HOME=C:\Program Files (x86)\Java\jdk1.8.0_144, PROMPT=$P$G, PROGRAMFILES(X86)=C:\Program Files (x86), APPDATA=C:\Users\10447\AppData\Roaming, PROGRAMW6432=C:\Program Files, SYSTEMROOT=C:\WINDOWS, VBOX_MSI_INSTALL_PATH=C:\Program Files\Oracle\VirtualBox\, JMETER_HOME=D:\environment\apache-jmeter-4.0, OS=Windows_NT, COMMONPROGRAMW6432=C:\Program Files\Common Files, COMPUTERNAME=LAPTOP-8PLCCF1H, COMMONPROGRAMFILES=C:\Program Files (x86)\Common Files, COMSPEC=C:\WINDOWS\system32\cmd.exe, PROCESSOR_REVISION=9e09, CLASSPATH=.;C:\Program Files (x86)\Java\jdk1.8.0_144\lib;%JMETER_HOME\lib\ext\ApacheJMeter_core.jar;D:\environment\apache-jmeter-4.0\lib\jorphan.jar;D:\environment\apache-jmeter-4.0\lib\logkit-2.0.jar, =D:=D:\workspace\qg\qg-user-consumer, TEMP=C:\Users\10447\AppData\Local\Temp, HOMEDRIVE=C:, USERPROFILE=C:\Users\10447, TMP=C:\Users\10447\AppData\Local\Temp, NUMBER_OF_PROCESSORS=8, DOCKER_TOOLBOX_INSTALL_PATH=D:\program\docker\Docker Toolbox}}]
14:14:32.838 [main] DEBUG org.springframework.core.io.support.PathMatchingResourcePatternResolver - Resolved classpath location [com/qg/] to resources [URL [file:/D:/workspace/qg/qg-user-consumer/target/test-classes/com/qg/], URL [file:/D:/workspace/qg/qg-user-consumer/target/classes/com/qg/], URL [jar:file:/D:/environment/maven-resp/com/qg/qg-common-service/1.0-SNAPSHOT/qg-common-service-1.0-SNAPSHOT.jar!/com/qg/], URL [jar:file:/D:/environment/maven-resp/com/qg/qg-common-module/1.0-SNAPSHOT/qg-common-module-1.0-SNAPSHOT.jar!/com/qg/], URL [jar:file:/D:/environment/maven-resp/com/qg/qg-common-utils/1.0-SNAPSHOT/qg-common-utils-1.0-SNAPSHOT.jar!/com/qg/], URL [jar:file:/D:/environment/maven-resp/com/qg/qg-common-dto/1.0-SNAPSHOT/qg-common-dto-1.0-SNAPSHOT.jar!/com/qg/]]
14:14:32.839 [main] DEBUG org.springframework.core.io.support.PathMatchingResourcePatternResolver - Looking for matching resources in directory tree [D:\workspace\qg\qg-user-consumer\target\test-classes\com\qg]
14:14:32.839 [main] DEBUG org.springframework.core.io.support.PathMatchingResourcePatternResolver - Searching directory [D:\workspace\qg\qg-user-consumer\target\test-classes\com\qg] for files matching pattern [D:/workspace/qg/qg-user-consumer/target/test-classes/com/qg/*.class]
14:14:32.841 [main] DEBUG org.springframework.core.io.support.PathMatchingResourcePatternResolver - Looking for matching resources in directory tree [D:\workspace\qg\qg-user-consumer\target\classes\com\qg]
14:14:32.841 [main] DEBUG org.springframework.core.io.support.PathMatchingResourcePatternResolver - Searching directory [D:\workspace\qg\qg-user-consumer\target\classes\com\qg] for files matching pattern [D:/workspace/qg/qg-user-consumer/target/classes/com/qg/*.class]
14:14:32.843 [main] DEBUG org.springframework.core.io.support.PathMatchingResourcePatternResolver - Looking for matching resources in jar file [file:/D:/environment/maven-resp/com/qg/qg-common-service/1.0-SNAPSHOT/qg-common-service-1.0-SNAPSHOT.jar]
14:14:32.844 [main] DEBUG org.springframework.core.io.support.PathMatchingResourcePatternResolver - Looking for matching resources in jar file [file:/D:/environment/maven-resp/com/qg/qg-common-module/1.0-SNAPSHOT/qg-common-module-1.0-SNAPSHOT.jar]
14:14:32.844 [main] DEBUG org.springframework.core.io.support.PathMatchingResourcePatternResolver - Looking for matching resources in jar file [file:/D:/environment/maven-resp/com/qg/qg-common-utils/1.0-SNAPSHOT/qg-common-utils-1.0-SNAPSHOT.jar]
14:14:32.845 [main] DEBUG org.springframework.core.io.support.PathMatchingResourcePatternResolver - Looking for matching resources in jar file [file:/D:/environment/maven-resp/com/qg/qg-common-dto/1.0-SNAPSHOT/qg-common-dto-1.0-SNAPSHOT.jar]
14:14:32.845 [main] DEBUG org.springframework.core.io.support.PathMatchingResourcePatternResolver - Resolved location pattern [classpath*:com/qg/*.class] to resources [file [D:\workspace\qg\qg-user-consumer\target\test-classes\com\qg\QgUserConsumerApplicationTests.class], file [D:\workspace\qg\qg-user-consumer\target\classes\com\qg\QgUserConsumerApplication.class]]
14:14:32.900 [main] DEBUG org.springframework.context.annotation.ClassPathScanningCandidateComponentProvider - Identified candidate component class: file [D:\workspace\qg\qg-user-consumer\target\classes\com\qg\QgUserConsumerApplication.class]
14:14:32.902 [main] INFO org.springframework.boot.test.context.SpringBootTestContextBootstrapper - Found @SpringBootConfiguration com.qg.QgUserConsumerApplication for test class com.qg.QgUserConsumerApplicationTests
14:14:32.923 [main] DEBUG org.springframework.boot.test.context.SpringBootTestContextBootstrapper - @TestExecutionListeners is not present for class [com.qg.QgUserConsumerApplicationTests]: using defaults.
14:14:32.928 [main] INFO org.springframework.boot.test.context.SpringBootTestContextBootstrapper - Loaded default TestExecutionListener class names from location [META-INF/spring.factories]: [org.springframework.boot.test.mock.mockito.MockitoTestExecutionListener, org.springframework.boot.test.mock.mockito.ResetMocksTestExecutionListener, org.springframework.boot.test.autoconfigure.restdocs.RestDocsTestExecutionListener, org.springframework.boot.test.autoconfigure.web.client.MockRestServiceServerResetTestExecutionListener, org.springframework.boot.test.autoconfigure.web.servlet.MockMvcPrintOnlyOnFailureTestExecutionListener, org.springframework.boot.test.autoconfigure.web.servlet.WebDriverTestExecutionListener, org.springframework.test.context.web.ServletTestExecutionListener, org.springframework.test.context.support.DirtiesContextBeforeModesTestExecutionListener, org.springframework.test.context.support.DependencyInjectionTestExecutionListener, org.springframework.test.context.support.DirtiesContextTestExecutionListener, org.springframework.test.context.transaction.TransactionalTestExecutionListener, org.springframework.test.context.jdbc.SqlScriptsTestExecutionListener]
14:14:32.954 [main] INFO org.springframework.boot.test.context.SpringBootTestContextBootstrapper - Using TestExecutionListeners: [org.springframework.test.context.web.ServletTestExecutionListener@1e4c80f, org.springframework.test.context.support.DirtiesContextBeforeModesTestExecutionListener@1fc6dc4, org.springframework.boot.test.autoconfigure.SpringBootDependencyInjectionTestExecutionListener@1e8ea47, org.springframework.test.context.support.DirtiesContextTestExecutionListener@6a82c4, org.springframework.test.context.transaction.TransactionalTestExecutionListener@11f8236, org.springframework.test.context.jdbc.SqlScriptsTestExecutionListener@15b53dc, org.springframework.boot.test.mock.mockito.MockitoTestExecutionListener@1d92fe2, org.springframework.boot.test.autoconfigure.web.servlet.WebDriverTestExecutionListener@153e23f, org.springframework.boot.test.mock.mockito.ResetMocksTestExecutionListener@d2d351, org.springframework.boot.test.autoconfigure.restdocs.RestDocsTestExecutionListener@168b9a4, org.springframework.boot.test.autoconfigure.web.servlet.MockMvcPrintOnlyOnFailureTestExecutionListener@19a3314, org.springframework.boot.test.autoconfigure.web.client.MockRestServiceServerResetTestExecutionListener@12c72c2]
14:14:32.957 [main] DEBUG org.springframework.test.annotation.ProfileValueUtils - Retrieved @ProfileValueSourceConfiguration [null] for test class [com.qg.QgUserConsumerApplicationTests]
14:14:32.957 [main] DEBUG org.springframework.test.annotation.ProfileValueUtils - Retrieved ProfileValueSource type [class org.springframework.test.annotation.SystemProfileValueSource] for class [com.qg.QgUserConsumerApplicationTests]
14:14:32.959 [main] DEBUG org.springframework.test.context.junit4.SpringJUnit4ClassRunner - SpringJUnit4ClassRunner constructor called with [class com.qg.QgUserConsumerApplicationTests]
14:14:32.960 [main] DEBUG org.springframework.test.context.BootstrapUtils - Instantiating CacheAwareContextLoaderDelegate from class [org.springframework.test.context.cache.DefaultCacheAwareContextLoaderDelegate]
14:14:32.960 [main] DEBUG org.springframework.test.context.BootstrapUtils - Instantiating BootstrapContext using constructor [public org.springframework.test.context.support.DefaultBootstrapContext(java.lang.Class,org.springframework.test.context.CacheAwareContextLoaderDelegate)]
14:14:32.960 [main] DEBUG org.springframework.test.context.BootstrapUtils - Instantiating TestContextBootstrapper for test class [com.qg.QgUserConsumerApplicationTests] from class [org.springframework.boot.test.context.SpringBootTestContextBootstrapper]
14:14:32.960 [main] INFO org.springframework.boot.test.context.SpringBootTestContextBootstrapper - Neither @ContextConfiguration nor @ContextHierarchy found for test class [com.qg.QgUserConsumerApplicationTests], using SpringBootContextLoader
14:14:32.961 [main] DEBUG org.springframework.test.context.support.AbstractContextLoader - Did not detect default resource location for test class [com.qg.QgUserConsumerApplicationTests]: class path resource [com/qg/QgUserConsumerApplicationTests-context.xml] does not exist
14:14:32.961 [main] DEBUG org.springframework.test.context.support.AbstractContextLoader - Did not detect default resource location for test class [com.qg.QgUserConsumerApplicationTests]: class path resource [com/qg/QgUserConsumerApplicationTestsContext.groovy] does not exist
14:14:32.961 [main] INFO org.springframework.test.context.support.AbstractContextLoader - Could not detect default resource locations for test class [com.qg.QgUserConsumerApplicationTests]: no resource found for suffixes {-context.xml, Context.groovy}.
14:14:32.961 [main] INFO org.springframework.test.context.support.AnnotationConfigContextLoaderUtils - Could not detect default configuration classes for test class [com.qg.QgUserConsumerApplicationTests]: QgUserConsumerApplicationTests does not declare any static, non-private, non-final, nested classes annotated with @Configuration.
14:14:32.968 [main] DEBUG org.springframework.test.context.support.ActiveProfilesUtils - Could not find an 'annotation declaring class' for annotation type [org.springframework.test.context.ActiveProfiles] and class [com.qg.QgUserConsumerApplicationTests]
14:14:32.968 [main] DEBUG org.springframework.core.env.StandardEnvironment - Adding PropertySource 'systemProperties' with lowest search precedence
14:14:32.969 [main] DEBUG org.springframework.core.env.StandardEnvironment - Adding PropertySource 'systemEnvironment' with lowest search precedence
14:14:32.970 [main] DEBUG org.springframework.core.env.StandardEnvironment - Initialized StandardEnvironment with PropertySources [MapPropertySource@10642370 {name='systemProperties', properties={idea.version=2017.2.4, java.runtime.name=Java(TM) SE Runtime Environment, sun.boot.library.path=C:\Program Files (x86)\Java\jdk1.8.0_144\jre\bin, java.vm.version=25.144-b01, java.vm.vendor=Oracle Corporation, java.vendor.url=http://java.oracle.com/, path.separator=;, java.vm.name=Java HotSpot(TM) Client VM, file.encoding.pkg=sun.io, user.country=CN, user.script=, sun.java.launcher=SUN_STANDARD, sun.os.patch.level=, java.vm.specification.name=Java Virtual Machine Specification, user.dir=D:\workspace\qg\qg-user-consumer, java.runtime.version=1.8.0_144-b01, basedir=D:\workspace\qg\qg-user-consumer, java.awt.graphicsenv=sun.awt.Win32GraphicsEnvironment, java.endorsed.dirs=C:\Program Files (x86)\Java\jdk1.8.0_144\jre\lib\endorsed, os.arch=x86, surefire.real.class.path=D:\workspace\qg\qg-user-consumer\target\surefire\surefirebooter4951574212139531464.jar, java.io.tmpdir=C:\Users\10447\AppData\Local\Temp\, line.separator=
, java.vm.specification.vendor=Oracle Corporation, user.variant=, os.name=Windows 10, sun.jnu.encoding=GBK, java.library.path=C:\Program Files (x86)\Java\jdk1.8.0_144\jre\bin;C:\WINDOWS\Sun\Java\bin;C:\WINDOWS\system32;C:\WINDOWS;C:\Program Files (x86)\Java\jdk1.8.0_144\;C:\Program Files (x86)\Intel\iCLS Client\;C:\Program Files\Intel\iCLS Client\;C:\Windows\system32;C:\Windows;C:\Windows\System32\Wbem;C:\Windows\System32\WindowsPowerShell\v1.0\;C:\Program Files (x86)\Intel\Intel(R) Management Engine Components\DAL;C:\Program Files\Intel\Intel(R) Management Engine Components\DAL;C:\Program Files (x86)\Intel\Intel(R) Management Engine Components\IPT;C:\Program Files\Intel\Intel(R) Management Engine Components\IPT;C:\Program Files (x86)\NVIDIA Corporation\PhysX\Common;D:\program\svn\bin;C:\Program Files\MySQL\MySQL Utilities 1.6\;C:\WINDOWS\system32;C:\WINDOWS;C:\WINDOWS\System32\Wbem;C:\WINDOWS\System32\WindowsPowerShell\v1.0\;%MAVEN_HOME%\bin\;C:\WINDOWS\System32\OpenSSH\;C:\Program Files\Git\cmd;C:\Program Files (x86)\Java\jdk1.8.0_144\bin;C:\Users\10447\AppData\Local\Microsoft\WindowsApps;D:\program\docker\Docker Toolbox;D:\environment\apache-jmeter-4.0\bin;D:\environment\apache-jmeter-4.0\bin;D:\Program Files\Microsoft VS Code\bin;D:\environment\maven\apache-maven-3.5.0\bin;., surefire.test.class.path=D:\workspace\qg\qg-user-consumer\target\test-classes;D:\workspace\qg\qg-user-consumer\target\classes;D:\environment\maven-resp\org\springframework\boot\spring-boot-starter-web\1.5.9.RELEASE\spring-boot-starter-web-1.5.9.RELEASE.jar;D:\environment\maven-resp\org\springframework\boot\spring-boot-starter\1.5.9.RELEASE\spring-boot-starter-1.5.9.RELEASE.jar;D:\environment\maven-resp\org\springframework\boot\spring-boot-starter-logging\1.5.9.RELEASE\spring-boot-starter-logging-1.5.9.RELEASE.jar;D:\environment\maven-resp\ch\qos\logback\logback-classic\1.1.11\logback-classic-1.1.11.jar;D:\environment\maven-resp\ch\qos\logback\logback-core\1.1.11\logback-core-1.1.11.jar;D:\environment\maven-resp\org\slf4j\jcl-over-slf4j\1.7.25\jcl-over-slf4j-1.7.25.jar;D:\environment\maven-resp\org\slf4j\jul-to-slf4j\1.7.25\jul-to-slf4j-1.7.25.jar;D:\environment\maven-resp\org\slf4j\log4j-over-slf4j\1.7.25\log4j-over-slf4j-1.7.25.jar;D:\environment\maven-resp\org\yaml\snakeyaml\1.17\snakeyaml-1.17.jar;D:\environment\maven-resp\org\springframework\boot\spring-boot-starter-tomcat\1.5.9.RELEASE\spring-boot-starter-tomcat-1.5.9.RELEASE.jar;D:\environment\maven-resp\org\apache\tomcat\embed\tomcat-embed-core\8.5.23\tomcat-embed-core-8.5.23.jar;D:\environment\maven-resp\org\apache\tomcat\tomcat-annotations-api\8.5.23\tomcat-annotations-api-8.5.23.jar;D:\environment\maven-resp\org\apache\tomcat\embed\tomcat-embed-el\8.5.23\tomcat-embed-el-8.5.23.jar;D:\environment\maven-resp\org\apache\tomcat\embed\tomcat-embed-websocket\8.5.23\tomcat-embed-websocket-8.5.23.jar;D:\environment\maven-resp\org\hibernate\hibernate-validator\5.3.6.Final\hibernate-validator-5.3.6.Final.jar;D:\environment\maven-resp\javax\validation\validation-api\1.1.0.Final\validation-api-1.1.0.Final.jar;D:\environment\maven-resp\org\jboss\logging\jboss-logging\3.3.1.Final\jboss-logging-3.3.1.Final.jar;D:\environment\maven-resp\com\fasterxml\classmate\1.3.4\classmate-1.3.4.jar;D:\environment\maven-resp\com\fasterxml\jackson\core\jackson-databind\2.8.10\jackson-databind-2.8.10.jar;D:\environment\maven-resp\com\fasterxml\jackson\core\jackson-annotations\2.8.0\jackson-annotations-2.8.0.jar;D:\environment\maven-resp\com\fasterxml\jackson\core\jackson-core\2.8.10\jackson-core-2.8.10.jar;D:\environment\maven-resp\org\springframework\spring-web\4.3.13.RELEASE\spring-web-4.3.13.RELEASE.jar;D:\environment\maven-resp\org\springframework\spring-aop\4.3.13.RELEASE\spring-aop-4.3.13.RELEASE.jar;D:\environment\maven-resp\org\springframework\spring-beans\4.3.13.RELEASE\spring-beans-4.3.13.RELEASE.jar;D:\environment\maven-resp\org\springframework\spring-context\4.3.13.RELEASE\spring-context-4.3.13.RELEASE.jar;D:\environment\maven-resp\org\springframework\spring-webmvc\4.3.13.RELEASE\spring-webmvc-4.3.13.RELEASE.jar;D:\environment\maven-resp\org\springframework\spring-expression\4.3.13.RELEASE\spring-expression-4.3.13.RELEASE.jar;D:\environment\maven-resp\org\springframework\boot\spring-boot-starter-test\1.5.9.RELEASE\spring-boot-starter-test-1.5.9.RELEASE.jar;D:\environment\maven-resp\org\springframework\boot\spring-boot-test\1.5.9.RELEASE\spring-boot-test-1.5.9.RELEASE.jar;D:\environment\maven-resp\org\springframework\boot\spring-boot-test-autoconfigure\1.5.9.RELEASE\spring-boot-test-autoconfigure-1.5.9.RELEASE.jar;D:\environment\maven-resp\com\jayway\jsonpath\json-path\2.2.0\json-path-2.2.0.jar;D:\environment\maven-resp\net\minidev\json-smart\2.2.1\json-smart-2.2.1.jar;D:\environment\maven-resp\net\minidev\accessors-smart\1.1\accessors-smart-1.1.jar;D:\environment\maven-resp\org\ow2\asm\asm\5.0.3\asm-5.0.3.jar;D:\environment\maven-resp\junit\junit\4.12\junit-4.12.jar;D:\environment\maven-resp\org\assertj\assertj-core\2.6.0\assertj-core-2.6.0.jar;D:\environment\maven-resp\org\mockito\mockito-core\1.10.19\mockito-core-1.10.19.jar;D:\environment\maven-resp\org\objenesis\objenesis\2.1\objenesis-2.1.jar;D:\environment\maven-resp\org\hamcrest\hamcrest-core\1.3\hamcrest-core-1.3.jar;D:\environment\maven-resp\org\hamcrest\hamcrest-library\1.3\hamcrest-library-1.3.jar;D:\environment\maven-resp\org\skyscreamer\jsonassert\1.4.0\jsonassert-1.4.0.jar;D:\environment\maven-resp\com\vaadin\external\google\android-json\0.0.20131108.vaadin1\android-json-0.0.20131108.vaadin1.jar;D:\environment\maven-resp\org\springframework\spring-core\4.3.13.RELEASE\spring-core-4.3.13.RELEASE.jar;D:\environment\maven-resp\org\springframework\spring-test\4.3.13.RELEASE\spring-test-4.3.13.RELEASE.jar;D:\environment\maven-resp\com\qg\qg-common-service\1.0-SNAPSHOT\qg-common-service-1.0-SNAPSHOT.jar;D:\environment\maven-resp\com\qg\qg-common-module\1.0-SNAPSHOT\qg-common-module-1.0-SNAPSHOT.jar;D:\environment\maven-resp\com\qg\qg-common-utils\1.0-SNAPSHOT\qg-common-utils-1.0-SNAPSHOT.jar;D:\environment\maven-resp\com\qg\qg-common-dto\1.0-SNAPSHOT\qg-common-dto-1.0-SNAPSHOT.jar;D:\environment\maven-resp\org\springframework\boot\spring-boot-starter-data-redis\1.5.9.RELEASE\spring-boot-starter-data-redis-1.5.9.RELEASE.jar;D:\environment\maven-resp\org\springframework\data\spring-data-redis\1.8.9.RELEASE\spring-data-redis-1.8.9.RELEASE.jar;D:\environment\maven-resp\org\springframework\data\spring-data-keyvalue\1.2.9.RELEASE\spring-data-keyvalue-1.2.9.RELEASE.jar;D:\environment\maven-resp\org\springframework\data\spring-data-commons\1.13.9.RELEASE\spring-data-commons-1.13.9.RELEASE.jar;D:\environment\maven-resp\org\springframework\spring-tx\4.3.13.RELEASE\spring-tx-4.3.13.RELEASE.jar;D:\environment\maven-resp\org\springframework\spring-oxm\4.3.13.RELEASE\spring-oxm-4.3.13.RELEASE.jar;D:\environment\maven-resp\org\springframework\spring-context-support\4.3.13.RELEASE\spring-context-support-4.3.13.RELEASE.jar;D:\environment\maven-resp\redis\clients\jedis\2.9.0\jedis-2.9.0.jar;D:\environment\maven-resp\org\apache\commons\commons-pool2\2.4.3\commons-pool2-2.4.3.jar;D:\environment\maven-resp\org\springframework\kafka\spring-kafka\1.1.7.RELEASE\spring-kafka-1.1.7.RELEASE.jar;D:\environment\maven-resp\org\springframework\spring-messaging\4.3.13.RELEASE\spring-messaging-4.3.13.RELEASE.jar;D:\environment\maven-resp\org\springframework\retry\spring-retry\1.2.1.RELEASE\spring-retry-1.2.1.RELEASE.jar;D:\environment\maven-resp\org\apache\kafka\kafka-clients\0.10.1.1\kafka-clients-0.10.1.1.jar;D:\environment\maven-resp\net\jpountz\lz4\lz4\1.3.0\lz4-1.3.0.jar;D:\environment\maven-resp\org\xerial\snappy\snappy-java\1.1.2.6\snappy-java-1.1.2.6.jar;D:\environment\maven-resp\com\alibaba\fastjson\1.2.54\fastjson-1.2.54.jar;D:\environment\maven-resp\org\springframework\boot\spring-boot-starter-activemq\1.5.9.RELEASE\spring-boot-starter-activemq-1.5.9.RELEASE.jar;D:\environment\maven-resp\org\springframework\spring-jms\4.3.13.RELEASE\spring-jms-4.3.13.RELEASE.jar;D:\environment\maven-resp\org\apache\activemq\activemq-broker\5.14.5\activemq-broker-5.14.5.jar;D:\environment\maven-resp\org\apache\activemq\activemq-client\5.14.5\activemq-client-5.14.5.jar;D:\environment\maven-resp\org\apache\geronimo\specs\geronimo-jms_1.1_spec\1.1.1\geronimo-jms_1.1_spec-1.1.1.jar;D:\environment\maven-resp\org\fusesource\hawtbuf\hawtbuf\1.11\hawtbuf-1.11.jar;D:\environment\maven-resp\org\apache\geronimo\specs\geronimo-j2ee-management_1.1_spec\1.0.1\geronimo-j2ee-management_1.1_spec-1.0.1.jar;D:\environment\maven-resp\org\apache\activemq\activemq-openwire-legacy\5.14.5\activemq-openwire-legacy-5.14.5.jar;D:\environment\maven-resp\org\springframework\boot\spring-boot-devtools\1.5.9.RELEASE\spring-boot-devtools-1.5.9.RELEASE.jar;D:\environment\maven-resp\org\springframework\boot\spring-boot\1.5.9.RELEASE\spring-boot-1.5.9.RELEASE.jar;D:\environment\maven-resp\org\springframework\boot\spring-boot-autoconfigure\1.5.9.RELEASE\spring-boot-autoconfigure-1.5.9.RELEASE.jar;D:\environment\maven-resp\org\springframework\springloaded\1.2.5.RELEASE\springloaded-1.2.5.RELEASE.jar;D:\environment\maven-resp\com\alibaba\spring\boot\dubbo-spring-boot-starter\1.0.0\dubbo-spring-boot-starter-1.0.0.jar;D:\environment\maven-resp\com\alibaba\dubbo\2.6.0\dubbo-2.6.0.jar;D:\environment\maven-resp\org\javassist\javassist\3.21.0-GA\javassist-3.21.0-GA.jar;D:\environment\maven-resp\org\jboss\netty\netty\3.2.5.Final\netty-3.2.5.Final.jar;D:\environment\maven-resp\org\springframework\boot\spring-boot-starter-actuator\1.5.9.RELEASE\spring-boot-starter-actuator-1.5.9.RELEASE.jar;D:\environment\maven-resp\org\springframework\boot\spring-boot-actuator\1.5.9.RELEASE\spring-boot-actuator-1.5.9.RELEASE.jar;D:\environment\maven-resp\com\101tec\zkclient\0.10\zkclient-0.10.jar;D:\environment\maven-resp\org\slf4j\slf4j-api\1.7.25\slf4j-api-1.7.25.jar;D:\environment\maven-resp\org\apache\zookeeper\zookeeper\3.4.8\zookeeper-3.4.8.jar;D:\environment\maven-resp\org\slf4j\slf4j-log4j12\1.7.25\slf4j-log4j12-1.7.25.jar;D:\environment\maven-resp\log4j\log4j\1.2.16\log4j-1.2.16.jar;D:\environment\maven-resp\jline\jline\0.9.94\jline-0.9.94.jar;D:\environment\maven-resp\io\netty\netty\3.7.0.Final\netty-3.7.0.Final.jar;, java.specification.name=Java Platform API Specification, java.class.version=52.0, sun.management.compiler=HotSpot Client Compiler, os.version=10.0, user.home=C:\Users\10447, user.timezone=Asia/Shanghai, java.awt.printerjob=sun.awt.windows.WPrinterJob, file.encoding=GBK, java.specification.version=1.8, java.class.path=D:\workspace\qg\qg-user-consumer\target\test-classes;D:\workspace\qg\qg-user-consumer\target\classes;D:\environment\maven-resp\org\springframework\boot\spring-boot-starter-web\1.5.9.RELEASE\spring-boot-starter-web-1.5.9.RELEASE.jar;D:\environment\maven-resp\org\springframework\boot\spring-boot-starter\1.5.9.RELEASE\spring-boot-starter-1.5.9.RELEASE.jar;D:\environment\maven-resp\org\springframework\boot\spring-boot-starter-logging\1.5.9.RELEASE\spring-boot-starter-logging-1.5.9.RELEASE.jar;D:\environment\maven-resp\ch\qos\logback\logback-classic\1.1.11\logback-classic-1.1.11.jar;D:\environment\maven-resp\ch\qos\logback\logback-core\1.1.11\logback-core-1.1.11.jar;D:\environment\maven-resp\org\slf4j\jcl-over-slf4j\1.7.25\jcl-over-slf4j-1.7.25.jar;D:\environment\maven-resp\org\slf4j\jul-to-slf4j\1.7.25\jul-to-slf4j-1.7.25.jar;D:\environment\maven-resp\org\slf4j\log4j-over-slf4j\1.7.25\log4j-over-slf4j-1.7.25.jar;D:\environment\maven-resp\org\yaml\snakeyaml\1.17\snakeyaml-1.17.jar;D:\environment\maven-resp\org\springframework\boot\spring-boot-starter-tomcat\1.5.9.RELEASE\spring-boot-starter-tomcat-1.5.9.RELEASE.jar;D:\environment\maven-resp\org\apache\tomcat\embed\tomcat-embed-core\8.5.23\tomcat-embed-core-8.5.23.jar;D:\environment\maven-resp\org\apache\tomcat\tomcat-annotations-api\8.5.23\tomcat-annotations-api-8.5.23.jar;D:\environment\maven-resp\org\apache\tomcat\embed\tomcat-embed-el\8.5.23\tomcat-embed-el-8.5.23.jar;D:\environment\maven-resp\org\apache\tomcat\embed\tomcat-embed-websocket\8.5.23\tomcat-embed-websocket-8.5.23.jar;D:\environment\maven-resp\org\hibernate\hibernate-validator\5.3.6.Final\hibernate-validator-5.3.6.Final.jar;D:\environment\maven-resp\javax\validation\validation-api\1.1.0.Final\validation-api-1.1.0.Final.jar;D:\environment\maven-resp\org\jboss\logging\jboss-logging\3.3.1.Final\jboss-logging-3.3.1.Final.jar;D:\environment\maven-resp\com\fasterxml\classmate\1.3.4\classmate-1.3.4.jar;D:\environment\maven-resp\com\fasterxml\jackson\core\jackson-databind\2.8.10\jackson-databind-2.8.10.jar;D:\environment\maven-resp\com\fasterxml\jackson\core\jackson-annotations\2.8.0\jackson-annotations-2.8.0.jar;D:\environment\maven-resp\com\fasterxml\jackson\core\jackson-core\2.8.10\jackson-core-2.8.10.jar;D:\environment\maven-resp\org\springframework\spring-web\4.3.13.RELEASE\spring-web-4.3.13.RELEASE.jar;D:\environment\maven-resp\org\springframework\spring-aop\4.3.13.RELEASE\spring-aop-4.3.13.RELEASE.jar;D:\environment\maven-resp\org\springframework\spring-beans\4.3.13.RELEASE\spring-beans-4.3.13.RELEASE.jar;D:\environment\maven-resp\org\springframework\spring-context\4.3.13.RELEASE\spring-context-4.3.13.RELEASE.jar;D:\environment\maven-resp\org\springframework\spring-webmvc\4.3.13.RELEASE\spring-webmvc-4.3.13.RELEASE.jar;D:\environment\maven-resp\org\springframework\spring-expression\4.3.13.RELEASE\spring-expression-4.3.13.RELEASE.jar;D:\environment\maven-resp\org\springframework\boot\spring-boot-starter-test\1.5.9.RELEASE\spring-boot-starter-test-1.5.9.RELEASE.jar;D:\environment\maven-resp\org\springframework\boot\spring-boot-test\1.5.9.RELEASE\spring-boot-test-1.5.9.RELEASE.jar;D:\environment\maven-resp\org\springframework\boot\spring-boot-test-autoconfigure\1.5.9.RELEASE\spring-boot-test-autoconfigure-1.5.9.RELEASE.jar;D:\environment\maven-resp\com\jayway\jsonpath\json-path\2.2.0\json-path-2.2.0.jar;D:\environment\maven-resp\net\minidev\json-smart\2.2.1\json-smart-2.2.1.jar;D:\environment\maven-resp\net\minidev\accessors-smart\1.1\accessors-smart-1.1.jar;D:\environment\maven-resp\org\ow2\asm\asm\5.0.3\asm-5.0.3.jar;D:\environment\maven-resp\junit\junit\4.12\junit-4.12.jar;D:\environment\maven-resp\org\assertj\assertj-core\2.6.0\assertj-core-2.6.0.jar;D:\environment\maven-resp\org\mockito\mockito-core\1.10.19\mockito-core-1.10.19.jar;D:\environment\maven-resp\org\objenesis\objenesis\2.1\objenesis-2.1.jar;D:\environment\maven-resp\org\hamcrest\hamcrest-core\1.3\hamcrest-core-1.3.jar;D:\environment\maven-resp\org\hamcrest\hamcrest-library\1.3\hamcrest-library-1.3.jar;D:\environment\maven-resp\org\skyscreamer\jsonassert\1.4.0\jsonassert-1.4.0.jar;D:\environment\maven-resp\com\vaadin\external\google\android-json\0.0.20131108.vaadin1\android-json-0.0.20131108.vaadin1.jar;D:\environment\maven-resp\org\springframework\spring-core\4.3.13.RELEASE\spring-core-4.3.13.RELEASE.jar;D:\environment\maven-resp\org\springframework\spring-test\4.3.13.RELEASE\spring-test-4.3.13.RELEASE.jar;D:\environment\maven-resp\com\qg\qg-common-service\1.0-SNAPSHOT\qg-common-service-1.0-SNAPSHOT.jar;D:\environment\maven-resp\com\qg\qg-common-module\1.0-SNAPSHOT\qg-common-module-1.0-SNAPSHOT.jar;D:\environment\maven-resp\com\qg\qg-common-utils\1.0-SNAPSHOT\qg-common-utils-1.0-SNAPSHOT.jar;D:\environment\maven-resp\com\qg\qg-common-dto\1.0-SNAPSHOT\qg-common-dto-1.0-SNAPSHOT.jar;D:\environment\maven-resp\org\springframework\boot\spring-boot-starter-data-redis\1.5.9.RELEASE\spring-boot-starter-data-redis-1.5.9.RELEASE.jar;D:\environment\maven-resp\org\springframework\data\spring-data-redis\1.8.9.RELEASE\spring-data-redis-1.8.9.RELEASE.jar;D:\environment\maven-resp\org\springframework\data\spring-data-keyvalue\1.2.9.RELEASE\spring-data-keyvalue-1.2.9.RELEASE.jar;D:\environment\maven-resp\org\springframework\data\spring-data-commons\1.13.9.RELEASE\spring-data-commons-1.13.9.RELEASE.jar;D:\environment\maven-resp\org\springframework\spring-tx\4.3.13.RELEASE\spring-tx-4.3.13.RELEASE.jar;D:\environment\maven-resp\org\springframework\spring-oxm\4.3.13.RELEASE\spring-oxm-4.3.13.RELEASE.jar;D:\environment\maven-resp\org\springframework\spring-context-support\4.3.13.RELEASE\spring-context-support-4.3.13.RELEASE.jar;D:\environment\maven-resp\redis\clients\jedis\2.9.0\jedis-2.9.0.jar;D:\environment\maven-resp\org\apache\commons\commons-pool2\2.4.3\commons-pool2-2.4.3.jar;D:\environment\maven-resp\org\springframework\kafka\spring-kafka\1.1.7.RELEASE\spring-kafka-1.1.7.RELEASE.jar;D:\environment\maven-resp\org\springframework\spring-messaging\4.3.13.RELEASE\spring-messaging-4.3.13.RELEASE.jar;D:\environment\maven-resp\org\springframework\retry\spring-retry\1.2.1.RELEASE\spring-retry-1.2.1.RELEASE.jar;D:\environment\maven-resp\org\apache\kafka\kafka-clients\0.10.1.1\kafka-clients-0.10.1.1.jar;D:\environment\maven-resp\net\jpountz\lz4\lz4\1.3.0\lz4-1.3.0.jar;D:\environment\maven-resp\org\xerial\snappy\snappy-java\1.1.2.6\snappy-java-1.1.2.6.jar;D:\environment\maven-resp\com\alibaba\fastjson\1.2.54\fastjson-1.2.54.jar;D:\environment\maven-resp\org\springframework\boot\spring-boot-starter-activemq\1.5.9.RELEASE\spring-boot-starter-activemq-1.5.9.RELEASE.jar;D:\environment\maven-resp\org\springframework\spring-jms\4.3.13.RELEASE\spring-jms-4.3.13.RELEASE.jar;D:\environment\maven-resp\org\apache\activemq\activemq-broker\5.14.5\activemq-broker-5.14.5.jar;D:\environment\maven-resp\org\apache\activemq\activemq-client\5.14.5\activemq-client-5.14.5.jar;D:\environment\maven-resp\org\apache\geronimo\specs\geronimo-jms_1.1_spec\1.1.1\geronimo-jms_1.1_spec-1.1.1.jar;D:\environment\maven-resp\org\fusesource\hawtbuf\hawtbuf\1.11\hawtbuf-1.11.jar;D:\environment\maven-resp\org\apache\geronimo\specs\geronimo-j2ee-management_1.1_spec\1.0.1\geronimo-j2ee-management_1.1_spec-1.0.1.jar;D:\environment\maven-resp\org\apache\activemq\activemq-openwire-legacy\5.14.5\activemq-openwire-legacy-5.14.5.jar;D:\environment\maven-resp\org\springframework\boot\spring-boot-devtools\1.5.9.RELEASE\spring-boot-devtools-1.5.9.RELEASE.jar;D:\environment\maven-resp\org\springframework\boot\spring-boot\1.5.9.RELEASE\spring-boot-1.5.9.RELEASE.jar;D:\environment\maven-resp\org\springframework\boot\spring-boot-autoconfigure\1.5.9.RELEASE\spring-boot-autoconfigure-1.5.9.RELEASE.jar;D:\environment\maven-resp\org\springframework\springloaded\1.2.5.RELEASE\springloaded-1.2.5.RELEASE.jar;D:\environment\maven-resp\com\alibaba\spring\boot\dubbo-spring-boot-starter\1.0.0\dubbo-spring-boot-starter-1.0.0.jar;D:\environment\maven-resp\com\alibaba\dubbo\2.6.0\dubbo-2.6.0.jar;D:\environment\maven-resp\org\javassist\javassist\3.21.0-GA\javassist-3.21.0-GA.jar;D:\environment\maven-resp\org\jboss\netty\netty\3.2.5.Final\netty-3.2.5.Final.jar;D:\environment\maven-resp\org\springframework\boot\spring-boot-starter-actuator\1.5.9.RELEASE\spring-boot-starter-actuator-1.5.9.RELEASE.jar;D:\environment\maven-resp\org\springframework\boot\spring-boot-actuator\1.5.9.RELEASE\spring-boot-actuator-1.5.9.RELEASE.jar;D:\environment\maven-resp\com\101tec\zkclient\0.10\zkclient-0.10.jar;D:\environment\maven-resp\org\slf4j\slf4j-api\1.7.25\slf4j-api-1.7.25.jar;D:\environment\maven-resp\org\apache\zookeeper\zookeeper\3.4.8\zookeeper-3.4.8.jar;D:\environment\maven-resp\org\slf4j\slf4j-log4j12\1.7.25\slf4j-log4j12-1.7.25.jar;D:\environment\maven-resp\log4j\log4j\1.2.16\log4j-1.2.16.jar;D:\environment\maven-resp\jline\jline\0.9.94\jline-0.9.94.jar;D:\environment\maven-resp\io\netty\netty\3.7.0.Final\netty-3.7.0.Final.jar;, user.name=bdqn, java.vm.specification.version=1.8, sun.java.command=D:\workspace\qg\qg-user-consumer\target\surefire\surefirebooter4951574212139531464.jar D:\workspace\qg\qg-user-consumer\target\surefire\surefire2963669447455742081tmp D:\workspace\qg\qg-user-consumer\target\surefire\surefire_0981519669271656029tmp, java.home=C:\Program Files (x86)\Java\jdk1.8.0_144\jre, sun.arch.data.model=32, user.language=zh, java.specification.vendor=Oracle Corporation, awt.toolkit=sun.awt.windows.WToolkit, java.vm.info=mixed mode, java.version=1.8.0_144, java.ext.dirs=C:\Program Files (x86)\Java\jdk1.8.0_144\jre\lib\ext;C:\WINDOWS\Sun\Java\lib\ext, sun.boot.class.path=C:\Program Files (x86)\Java\jdk1.8.0_144\jre\lib\resources.jar;C:\Program Files (x86)\Java\jdk1.8.0_144\jre\lib\rt.jar;C:\Program Files (x86)\Java\jdk1.8.0_144\jre\lib\sunrsasign.jar;C:\Program Files (x86)\Java\jdk1.8.0_144\jre\lib\jsse.jar;C:\Program Files (x86)\Java\jdk1.8.0_144\jre\lib\jce.jar;C:\Program Files (x86)\Java\jdk1.8.0_144\jre\lib\charsets.jar;C:\Program Files (x86)\Java\jdk1.8.0_144\jre\lib\jfr.jar;C:\Program Files (x86)\Java\jdk1.8.0_144\jre\classes, java.vendor=Oracle Corporation, localRepository=D:\environment\maven-resp, file.separator=\, java.vendor.url.bug=http://bugreport.sun.com/bugreport/, sun.io.unicode.encoding=UnicodeLittle, sun.cpu.endian=little, sun.desktop=windows, sun.cpu.isalist=pentium_pro+mmx pentium_pro pentium+mmx pentium i486 i386 i86}}, SystemEnvironmentPropertySource@10171954 {name='systemEnvironment', properties={PATH=C:\Program Files (x86)\Java\jdk1.8.0_144\;C:\Program Files (x86)\Intel\iCLS Client\;C:\Program Files\Intel\iCLS Client\;C:\Windows\system32;C:\Windows;C:\Windows\System32\Wbem;C:\Windows\System32\WindowsPowerShell\v1.0\;C:\Program Files (x86)\Intel\Intel(R) Management Engine Components\DAL;C:\Program Files\Intel\Intel(R) Management Engine Components\DAL;C:\Program Files (x86)\Intel\Intel(R) Management Engine Components\IPT;C:\Program Files\Intel\Intel(R) Management Engine Components\IPT;C:\Program Files (x86)\NVIDIA Corporation\PhysX\Common;D:\program\svn\bin;C:\Program Files\MySQL\MySQL Utilities 1.6\;C:\WINDOWS\system32;C:\WINDOWS;C:\WINDOWS\System32\Wbem;C:\WINDOWS\System32\WindowsPowerShell\v1.0\;%MAVEN_HOME%\bin\;C:\WINDOWS\System32\OpenSSH\;C:\Program Files\Git\cmd;C:\Program Files (x86)\Java\jdk1.8.0_144\bin;C:\Users\10447\AppData\Local\Microsoft\WindowsApps;D:\program\docker\Docker Toolbox;D:\environment\apache-jmeter-4.0\bin;D:\environment\apache-jmeter-4.0\bin;D:\Program Files\Microsoft VS Code\bin;D:\environment\maven\apache-maven-3.5.0\bin, USERDOMAIN_ROAMINGPROFILE=LAPTOP-8PLCCF1H, PROCESSOR_LEVEL=6, SYSTEMDRIVE=C:, SESSIONNAME=Console, ALLUSERSPROFILE=C:\ProgramData, PROCESSOR_ARCHITECTURE=x86, DRIVERDATA=C:\Windows\System32\Drivers\DriverData, PROGRAMFILES=C:\Program Files (x86), PSMODULEPATH=%ProgramFiles%\WindowsPowerShell\Modules;C:\WINDOWS\system32\WindowsPowerShell\v1.0\Modules, PROGRAMDATA=C:\ProgramData, USERNAME=bdqn, FPS_BROWSER_USER_PROFILE_STRING=Default, ONEDRIVE=C:\Users\10447\OneDrive, CONFIGSETROOT=C:\WINDOWS\ConfigSetRoot, PATHEXT=.COM;.EXE;.BAT;.CMD;.VBS;.VBE;.JS;.JSE;.WSF;.WSH;.MSC, PROCESSOR_ARCHITEW6432=AMD64, WINDIR=C:\WINDOWS, HOMEPATH=\Users\10447, PROCESSOR_IDENTIFIER=Intel64 Family 6 Model 158 Stepping 9, GenuineIntel, M2_HOME=D:\environment\maven\apache-maven-3.5.0, PUBLIC=C:\Users\Public, =::=::\, LOCALAPPDATA=C:\Users\10447\AppData\Local, COMMONPROGRAMFILES(X86)=C:\Program Files (x86)\Common Files, USERDOMAIN=LAPTOP-8PLCCF1H, FPS_BROWSER_APP_PROFILE_STRING=Internet Explorer, LOGONSERVER=\\LAPTOP-8PLCCF1H, JAVA_HOME=C:\Program Files (x86)\Java\jdk1.8.0_144, PROMPT=$P$G, PROGRAMFILES(X86)=C:\Program Files (x86), APPDATA=C:\Users\10447\AppData\Roaming, PROGRAMW6432=C:\Program Files, SYSTEMROOT=C:\WINDOWS, VBOX_MSI_INSTALL_PATH=C:\Program Files\Oracle\VirtualBox\, JMETER_HOME=D:\environment\apache-jmeter-4.0, OS=Windows_NT, COMMONPROGRAMW6432=C:\Program Files\Common Files, COMPUTERNAME=LAPTOP-8PLCCF1H, COMMONPROGRAMFILES=C:\Program Files (x86)\Common Files, COMSPEC=C:\WINDOWS\system32\cmd.exe, PROCESSOR_REVISION=9e09, CLASSPATH=.;C:\Program Files (x86)\Java\jdk1.8.0_144\lib;%JMETER_HOME\lib\ext\ApacheJMeter_core.jar;D:\environment\apache-jmeter-4.0\lib\jorphan.jar;D:\environment\apache-jmeter-4.0\lib\logkit-2.0.jar, =D:=D:\workspace\qg\qg-user-consumer, TEMP=C:\Users\10447\AppData\Local\Temp, HOMEDRIVE=C:, USERPROFILE=C:\Users\10447, TMP=C:\Users\10447\AppData\Local\Temp, NUMBER_OF_PROCESSORS=8, DOCKER_TOOLBOX_INSTALL_PATH=D:\program\docker\Docker Toolbox}}]
14:14:32.972 [main] INFO org.springframework.boot.test.context.SpringBootTestContextBootstrapper - Found @SpringBootConfiguration com.qg.QgUserConsumerApplication for test class com.qg.QgUserConsumerApplicationTests
14:14:32.973 [main] DEBUG org.springframework.boot.test.context.SpringBootTestContextBootstrapper - @TestExecutionListeners is not present for class [com.qg.QgUserConsumerApplicationTests]: using defaults.
14:14:32.978 [main] INFO org.springframework.boot.test.context.SpringBootTestContextBootstrapper - Loaded default TestExecutionListener class names from location [META-INF/spring.factories]: [org.springframework.boot.test.mock.mockito.MockitoTestExecutionListener, org.springframework.boot.test.mock.mockito.ResetMocksTestExecutionListener, org.springframework.boot.test.autoconfigure.restdocs.RestDocsTestExecutionListener, org.springframework.boot.test.autoconfigure.web.client.MockRestServiceServerResetTestExecutionListener, org.springframework.boot.test.autoconfigure.web.servlet.MockMvcPrintOnlyOnFailureTestExecutionListener, org.springframework.boot.test.autoconfigure.web.servlet.WebDriverTestExecutionListener, org.springframework.test.context.web.ServletTestExecutionListener, org.springframework.test.context.support.DirtiesContextBeforeModesTestExecutionListener, org.springframework.test.context.support.DependencyInjectionTestExecutionListener, org.springframework.test.context.support.DirtiesContextTestExecutionListener, org.springframework.test.context.transaction.TransactionalTestExecutionListener, org.springframework.test.context.jdbc.SqlScriptsTestExecutionListener]
14:14:32.983 [main] INFO org.springframework.boot.test.context.SpringBootTestContextBootstrapper - Using TestExecutionListeners: [org.springframework.test.context.web.ServletTestExecutionListener@12f2cc1, org.springframework.test.context.support.DirtiesContextBeforeModesTestExecutionListener@79870, org.springframework.boot.test.autoconfigure.SpringBootDependencyInjectionTestExecutionListener@12cf7ab, org.springframework.test.context.support.DirtiesContextTestExecutionListener@a5fe93, org.springframework.test.context.transaction.TransactionalTestExecutionListener@1a8622, org.springframework.test.context.jdbc.SqlScriptsTestExecutionListener@d851c9, org.springframework.boot.test.mock.mockito.MockitoTestExecutionListener@156496, org.springframework.boot.test.autoconfigure.web.servlet.WebDriverTestExecutionListener@1c153a1, org.springframework.boot.test.mock.mockito.ResetMocksTestExecutionListener@162fe6d, org.springframework.boot.test.autoconfigure.restdocs.RestDocsTestExecutionListener@1acb0d1, org.springframework.boot.test.autoconfigure.web.servlet.MockMvcPrintOnlyOnFailureTestExecutionListener@3047e6, org.springframework.boot.test.autoconfigure.web.client.MockRestServiceServerResetTestExecutionListener@1e547da]
14:14:32.983 [main] DEBUG org.springframework.test.annotation.ProfileValueUtils - Retrieved @ProfileValueSourceConfiguration [null] for test class [com.qg.QgUserConsumerApplicationTests]
14:14:32.983 [main] DEBUG org.springframework.test.annotation.ProfileValueUtils - Retrieved ProfileValueSource type [class org.springframework.test.annotation.SystemProfileValueSource] for class [com.qg.QgUserConsumerApplicationTests]
14:14:32.984 [main] DEBUG org.springframework.test.annotation.ProfileValueUtils - Retrieved @ProfileValueSourceConfiguration [null] for test class [com.qg.QgUserConsumerApplicationTests]
14:14:32.984 [main] DEBUG org.springframework.test.annotation.ProfileValueUtils - Retrieved ProfileValueSource type [class org.springframework.test.annotation.SystemProfileValueSource] for class [com.qg.QgUserConsumerApplicationTests]
14:14:32.990 [main] DEBUG org.springframework.test.context.support.AbstractDirtiesContextTestExecutionListener - Before test class: context [DefaultTestContext@52f2a2 testClass = QgUserConsumerApplicationTests, testInstance = [null], testMethod = [null], testException = [null], mergedContextConfiguration = [WebMergedContextConfiguration@47b92 testClass = QgUserConsumerApplicationTests, locations = '{}', classes = '{class com.qg.QgUserConsumerApplication}', contextInitializerClasses = '[]', activeProfiles = '{}', propertySourceLocations = '{}', propertySourceProperties = '{org.springframework.boot.test.context.SpringBootTestContextBootstrapper=true}', contextCustomizers = set[org.springframework.boot.test.context.SpringBootTestContextCustomizer@24f60b, org.springframework.boot.test.context.filter.ExcludeFilterContextCustomizer@137fd8f, org.springframework.boot.test.json.DuplicateJsonObjectContextCustomizerFactory$DuplicateJsonObjectContextCustomizer@bbe345, org.springframework.boot.test.mock.mockito.MockitoContextCustomizer@0, org.springframework.boot.test.autoconfigure.properties.PropertyMappingContextCustomizer@0, org.springframework.boot.test.autoconfigure.web.servlet.WebDriverContextCustomizerFactory$Customizer@965684], resourceBasePath = 'src/main/webapp', contextLoader = 'org.springframework.boot.test.context.SpringBootContextLoader', parent = [null]]], class annotated with @DirtiesContext [false] with mode [null].
14:14:32.991 [main] DEBUG org.springframework.test.annotation.ProfileValueUtils - Retrieved @ProfileValueSourceConfiguration [null] for test class [com.qg.QgUserConsumerApplicationTests]
14:14:32.991 [main] DEBUG org.springframework.test.annotation.ProfileValueUtils - Retrieved ProfileValueSource type [class org.springframework.test.annotation.SystemProfileValueSource] for class [com.qg.QgUserConsumerApplicationTests]
14:14:33.053 [main] DEBUG org.springframework.core.env.StandardEnvironment - Adding PropertySource 'systemProperties' with lowest search precedence
14:14:33.053 [main] DEBUG org.springframework.core.env.StandardEnvironment - Adding PropertySource 'systemEnvironment' with lowest search precedence
14:14:33.053 [main] DEBUG org.springframework.core.env.StandardEnvironment - Initialized StandardEnvironment with PropertySources [MapPropertySource@7510613 {name='systemProperties', properties={idea.version=2017.2.4, java.runtime.name=Java(TM) SE Runtime Environment, sun.boot.library.path=C:\Program Files (x86)\Java\jdk1.8.0_144\jre\bin, java.vm.version=25.144-b01, java.vm.vendor=Oracle Corporation, java.vendor.url=http://java.oracle.com/, path.separator=;, java.vm.name=Java HotSpot(TM) Client VM, file.encoding.pkg=sun.io, user.country=CN, user.script=, sun.java.launcher=SUN_STANDARD, sun.os.patch.level=, java.vm.specification.name=Java Virtual Machine Specification, user.dir=D:\workspace\qg\qg-user-consumer, java.runtime.version=1.8.0_144-b01, basedir=D:\workspace\qg\qg-user-consumer, java.awt.graphicsenv=sun.awt.Win32GraphicsEnvironment, java.endorsed.dirs=C:\Program Files (x86)\Java\jdk1.8.0_144\jre\lib\endorsed, os.arch=x86, surefire.real.class.path=D:\workspace\qg\qg-user-consumer\target\surefire\surefirebooter4951574212139531464.jar, java.io.tmpdir=C:\Users\10447\AppData\Local\Temp\, line.separator=
, java.vm.specification.vendor=Oracle Corporation, user.variant=, os.name=Windows 10, sun.jnu.encoding=GBK, java.library.path=C:\Program Files (x86)\Java\jdk1.8.0_144\jre\bin;C:\WINDOWS\Sun\Java\bin;C:\WINDOWS\system32;C:\WINDOWS;C:\Program Files (x86)\Java\jdk1.8.0_144\;C:\Program Files (x86)\Intel\iCLS Client\;C:\Program Files\Intel\iCLS Client\;C:\Windows\system32;C:\Windows;C:\Windows\System32\Wbem;C:\Windows\System32\WindowsPowerShell\v1.0\;C:\Program Files (x86)\Intel\Intel(R) Management Engine Components\DAL;C:\Program Files\Intel\Intel(R) Management Engine Components\DAL;C:\Program Files (x86)\Intel\Intel(R) Management Engine Components\IPT;C:\Program Files\Intel\Intel(R) Management Engine Components\IPT;C:\Program Files (x86)\NVIDIA Corporation\PhysX\Common;D:\program\svn\bin;C:\Program Files\MySQL\MySQL Utilities 1.6\;C:\WINDOWS\system32;C:\WINDOWS;C:\WINDOWS\System32\Wbem;C:\WINDOWS\System32\WindowsPowerShell\v1.0\;%MAVEN_HOME%\bin\;C:\WINDOWS\System32\OpenSSH\;C:\Program Files\Git\cmd;C:\Program Files (x86)\Java\jdk1.8.0_144\bin;C:\Users\10447\AppData\Local\Microsoft\WindowsApps;D:\program\docker\Docker Toolbox;D:\environment\apache-jmeter-4.0\bin;D:\environment\apache-jmeter-4.0\bin;D:\Program Files\Microsoft VS Code\bin;D:\environment\maven\apache-maven-3.5.0\bin;., surefire.test.class.path=D:\workspace\qg\qg-user-consumer\target\test-classes;D:\workspace\qg\qg-user-consumer\target\classes;D:\environment\maven-resp\org\springframework\boot\spring-boot-starter-web\1.5.9.RELEASE\spring-boot-starter-web-1.5.9.RELEASE.jar;D:\environment\maven-resp\org\springframework\boot\spring-boot-starter\1.5.9.RELEASE\spring-boot-starter-1.5.9.RELEASE.jar;D:\environment\maven-resp\org\springframework\boot\spring-boot-starter-logging\1.5.9.RELEASE\spring-boot-starter-logging-1.5.9.RELEASE.jar;D:\environment\maven-resp\ch\qos\logback\logback-classic\1.1.11\logback-classic-1.1.11.jar;D:\environment\maven-resp\ch\qos\logback\logback-core\1.1.11\logback-core-1.1.11.jar;D:\environment\maven-resp\org\slf4j\jcl-over-slf4j\1.7.25\jcl-over-slf4j-1.7.25.jar;D:\environment\maven-resp\org\slf4j\jul-to-slf4j\1.7.25\jul-to-slf4j-1.7.25.jar;D:\environment\maven-resp\org\slf4j\log4j-over-slf4j\1.7.25\log4j-over-slf4j-1.7.25.jar;D:\environment\maven-resp\org\yaml\snakeyaml\1.17\snakeyaml-1.17.jar;D:\environment\maven-resp\org\springframework\boot\spring-boot-starter-tomcat\1.5.9.RELEASE\spring-boot-starter-tomcat-1.5.9.RELEASE.jar;D:\environment\maven-resp\org\apache\tomcat\embed\tomcat-embed-core\8.5.23\tomcat-embed-core-8.5.23.jar;D:\environment\maven-resp\org\apache\tomcat\tomcat-annotations-api\8.5.23\tomcat-annotations-api-8.5.23.jar;D:\environment\maven-resp\org\apache\tomcat\embed\tomcat-embed-el\8.5.23\tomcat-embed-el-8.5.23.jar;D:\environment\maven-resp\org\apache\tomcat\embed\tomcat-embed-websocket\8.5.23\tomcat-embed-websocket-8.5.23.jar;D:\environment\maven-resp\org\hibernate\hibernate-validator\5.3.6.Final\hibernate-validator-5.3.6.Final.jar;D:\environment\maven-resp\javax\validation\validation-api\1.1.0.Final\validation-api-1.1.0.Final.jar;D:\environment\maven-resp\org\jboss\logging\jboss-logging\3.3.1.Final\jboss-logging-3.3.1.Final.jar;D:\environment\maven-resp\com\fasterxml\classmate\1.3.4\classmate-1.3.4.jar;D:\environment\maven-resp\com\fasterxml\jackson\core\jackson-databind\2.8.10\jackson-databind-2.8.10.jar;D:\environment\maven-resp\com\fasterxml\jackson\core\jackson-annotations\2.8.0\jackson-annotations-2.8.0.jar;D:\environment\maven-resp\com\fasterxml\jackson\core\jackson-core\2.8.10\jackson-core-2.8.10.jar;D:\environment\maven-resp\org\springframework\spring-web\4.3.13.RELEASE\spring-web-4.3.13.RELEASE.jar;D:\environment\maven-resp\org\springframework\spring-aop\4.3.13.RELEASE\spring-aop-4.3.13.RELEASE.jar;D:\environment\maven-resp\org\springframework\spring-beans\4.3.13.RELEASE\spring-beans-4.3.13.RELEASE.jar;D:\environment\maven-resp\org\springframework\spring-context\4.3.13.RELEASE\spring-context-4.3.13.RELEASE.jar;D:\environment\maven-resp\org\springframework\spring-webmvc\4.3.13.RELEASE\spring-webmvc-4.3.13.RELEASE.jar;D:\environment\maven-resp\org\springframework\spring-expression\4.3.13.RELEASE\spring-expression-4.3.13.RELEASE.jar;D:\environment\maven-resp\org\springframework\boot\spring-boot-starter-test\1.5.9.RELEASE\spring-boot-starter-test-1.5.9.RELEASE.jar;D:\environment\maven-resp\org\springframework\boot\spring-boot-test\1.5.9.RELEASE\spring-boot-test-1.5.9.RELEASE.jar;D:\environment\maven-resp\org\springframework\boot\spring-boot-test-autoconfigure\1.5.9.RELEASE\spring-boot-test-autoconfigure-1.5.9.RELEASE.jar;D:\environment\maven-resp\com\jayway\jsonpath\json-path\2.2.0\json-path-2.2.0.jar;D:\environment\maven-resp\net\minidev\json-smart\2.2.1\json-smart-2.2.1.jar;D:\environment\maven-resp\net\minidev\accessors-smart\1.1\accessors-smart-1.1.jar;D:\environment\maven-resp\org\ow2\asm\asm\5.0.3\asm-5.0.3.jar;D:\environment\maven-resp\junit\junit\4.12\junit-4.12.jar;D:\environment\maven-resp\org\assertj\assertj-core\2.6.0\assertj-core-2.6.0.jar;D:\environment\maven-resp\org\mockito\mockito-core\1.10.19\mockito-core-1.10.19.jar;D:\environment\maven-resp\org\objenesis\objenesis\2.1\objenesis-2.1.jar;D:\environment\maven-resp\org\hamcrest\hamcrest-core\1.3\hamcrest-core-1.3.jar;D:\environment\maven-resp\org\hamcrest\hamcrest-library\1.3\hamcrest-library-1.3.jar;D:\environment\maven-resp\org\skyscreamer\jsonassert\1.4.0\jsonassert-1.4.0.jar;D:\environment\maven-resp\com\vaadin\external\google\android-json\0.0.20131108.vaadin1\android-json-0.0.20131108.vaadin1.jar;D:\environment\maven-resp\org\springframework\spring-core\4.3.13.RELEASE\spring-core-4.3.13.RELEASE.jar;D:\environment\maven-resp\org\springframework\spring-test\4.3.13.RELEASE\spring-test-4.3.13.RELEASE.jar;D:\environment\maven-resp\com\qg\qg-common-service\1.0-SNAPSHOT\qg-common-service-1.0-SNAPSHOT.jar;D:\environment\maven-resp\com\qg\qg-common-module\1.0-SNAPSHOT\qg-common-module-1.0-SNAPSHOT.jar;D:\environment\maven-resp\com\qg\qg-common-utils\1.0-SNAPSHOT\qg-common-utils-1.0-SNAPSHOT.jar;D:\environment\maven-resp\com\qg\qg-common-dto\1.0-SNAPSHOT\qg-common-dto-1.0-SNAPSHOT.jar;D:\environment\maven-resp\org\springframework\boot\spring-boot-starter-data-redis\1.5.9.RELEASE\spring-boot-starter-data-redis-1.5.9.RELEASE.jar;D:\environment\maven-resp\org\springframework\data\spring-data-redis\1.8.9.RELEASE\spring-data-redis-1.8.9.RELEASE.jar;D:\environment\maven-resp\org\springframework\data\spring-data-keyvalue\1.2.9.RELEASE\spring-data-keyvalue-1.2.9.RELEASE.jar;D:\environment\maven-resp\org\springframework\data\spring-data-commons\1.13.9.RELEASE\spring-data-commons-1.13.9.RELEASE.jar;D:\environment\maven-resp\org\springframework\spring-tx\4.3.13.RELEASE\spring-tx-4.3.13.RELEASE.jar;D:\environment\maven-resp\org\springframework\spring-oxm\4.3.13.RELEASE\spring-oxm-4.3.13.RELEASE.jar;D:\environment\maven-resp\org\springframework\spring-context-support\4.3.13.RELEASE\spring-context-support-4.3.13.RELEASE.jar;D:\environment\maven-resp\redis\clients\jedis\2.9.0\jedis-2.9.0.jar;D:\environment\maven-resp\org\apache\commons\commons-pool2\2.4.3\commons-pool2-2.4.3.jar;D:\environment\maven-resp\org\springframework\kafka\spring-kafka\1.1.7.RELEASE\spring-kafka-1.1.7.RELEASE.jar;D:\environment\maven-resp\org\springframework\spring-messaging\4.3.13.RELEASE\spring-messaging-4.3.13.RELEASE.jar;D:\environment\maven-resp\org\springframework\retry\spring-retry\1.2.1.RELEASE\spring-retry-1.2.1.RELEASE.jar;D:\environment\maven-resp\org\apache\kafka\kafka-clients\0.10.1.1\kafka-clients-0.10.1.1.jar;D:\environment\maven-resp\net\jpountz\lz4\lz4\1.3.0\lz4-1.3.0.jar;D:\environment\maven-resp\org\xerial\snappy\snappy-java\1.1.2.6\snappy-java-1.1.2.6.jar;D:\environment\maven-resp\com\alibaba\fastjson\1.2.54\fastjson-1.2.54.jar;D:\environment\maven-resp\org\springframework\boot\spring-boot-starter-activemq\1.5.9.RELEASE\spring-boot-starter-activemq-1.5.9.RELEASE.jar;D:\environment\maven-resp\org\springframework\spring-jms\4.3.13.RELEASE\spring-jms-4.3.13.RELEASE.jar;D:\environment\maven-resp\org\apache\activemq\activemq-broker\5.14.5\activemq-broker-5.14.5.jar;D:\environment\maven-resp\org\apache\activemq\activemq-client\5.14.5\activemq-client-5.14.5.jar;D:\environment\maven-resp\org\apache\geronimo\specs\geronimo-jms_1.1_spec\1.1.1\geronimo-jms_1.1_spec-1.1.1.jar;D:\environment\maven-resp\org\fusesource\hawtbuf\hawtbuf\1.11\hawtbuf-1.11.jar;D:\environment\maven-resp\org\apache\geronimo\specs\geronimo-j2ee-management_1.1_spec\1.0.1\geronimo-j2ee-management_1.1_spec-1.0.1.jar;D:\environment\maven-resp\org\apache\activemq\activemq-openwire-legacy\5.14.5\activemq-openwire-legacy-5.14.5.jar;D:\environment\maven-resp\org\springframework\boot\spring-boot-devtools\1.5.9.RELEASE\spring-boot-devtools-1.5.9.RELEASE.jar;D:\environment\maven-resp\org\springframework\boot\spring-boot\1.5.9.RELEASE\spring-boot-1.5.9.RELEASE.jar;D:\environment\maven-resp\org\springframework\boot\spring-boot-autoconfigure\1.5.9.RELEASE\spring-boot-autoconfigure-1.5.9.RELEASE.jar;D:\environment\maven-resp\org\springframework\springloaded\1.2.5.RELEASE\springloaded-1.2.5.RELEASE.jar;D:\environment\maven-resp\com\alibaba\spring\boot\dubbo-spring-boot-starter\1.0.0\dubbo-spring-boot-starter-1.0.0.jar;D:\environment\maven-resp\com\alibaba\dubbo\2.6.0\dubbo-2.6.0.jar;D:\environment\maven-resp\org\javassist\javassist\3.21.0-GA\javassist-3.21.0-GA.jar;D:\environment\maven-resp\org\jboss\netty\netty\3.2.5.Final\netty-3.2.5.Final.jar;D:\environment\maven-resp\org\springframework\boot\spring-boot-starter-actuator\1.5.9.RELEASE\spring-boot-starter-actuator-1.5.9.RELEASE.jar;D:\environment\maven-resp\org\springframework\boot\spring-boot-actuator\1.5.9.RELEASE\spring-boot-actuator-1.5.9.RELEASE.jar;D:\environment\maven-resp\com\101tec\zkclient\0.10\zkclient-0.10.jar;D:\environment\maven-resp\org\slf4j\slf4j-api\1.7.25\slf4j-api-1.7.25.jar;D:\environment\maven-resp\org\apache\zookeeper\zookeeper\3.4.8\zookeeper-3.4.8.jar;D:\environment\maven-resp\org\slf4j\slf4j-log4j12\1.7.25\slf4j-log4j12-1.7.25.jar;D:\environment\maven-resp\log4j\log4j\1.2.16\log4j-1.2.16.jar;D:\environment\maven-resp\jline\jline\0.9.94\jline-0.9.94.jar;D:\environment\maven-resp\io\netty\netty\3.7.0.Final\netty-3.7.0.Final.jar;, java.specification.name=Java Platform API Specification, java.class.version=52.0, sun.management.compiler=HotSpot Client Compiler, os.version=10.0, user.home=C:\Users\10447, user.timezone=Asia/Shanghai, java.awt.printerjob=sun.awt.windows.WPrinterJob, file.encoding=GBK, java.specification.version=1.8, java.class.path=D:\workspace\qg\qg-user-consumer\target\test-classes;D:\workspace\qg\qg-user-consumer\target\classes;D:\environment\maven-resp\org\springframework\boot\spring-boot-starter-web\1.5.9.RELEASE\spring-boot-starter-web-1.5.9.RELEASE.jar;D:\environment\maven-resp\org\springframework\boot\spring-boot-starter\1.5.9.RELEASE\spring-boot-starter-1.5.9.RELEASE.jar;D:\environment\maven-resp\org\springframework\boot\spring-boot-starter-logging\1.5.9.RELEASE\spring-boot-starter-logging-1.5.9.RELEASE.jar;D:\environment\maven-resp\ch\qos\logback\logback-classic\1.1.11\logback-classic-1.1.11.jar;D:\environment\maven-resp\ch\qos\logback\logback-core\1.1.11\logback-core-1.1.11.jar;D:\environment\maven-resp\org\slf4j\jcl-over-slf4j\1.7.25\jcl-over-slf4j-1.7.25.jar;D:\environment\maven-resp\org\slf4j\jul-to-slf4j\1.7.25\jul-to-slf4j-1.7.25.jar;D:\environment\maven-resp\org\slf4j\log4j-over-slf4j\1.7.25\log4j-over-slf4j-1.7.25.jar;D:\environment\maven-resp\org\yaml\snakeyaml\1.17\snakeyaml-1.17.jar;D:\environment\maven-resp\org\springframework\boot\spring-boot-starter-tomcat\1.5.9.RELEASE\spring-boot-starter-tomcat-1.5.9.RELEASE.jar;D:\environment\maven-resp\org\apache\tomcat\embed\tomcat-embed-core\8.5.23\tomcat-embed-core-8.5.23.jar;D:\environment\maven-resp\org\apache\tomcat\tomcat-annotations-api\8.5.23\tomcat-annotations-api-8.5.23.jar;D:\environment\maven-resp\org\apache\tomcat\embed\tomcat-embed-el\8.5.23\tomcat-embed-el-8.5.23.jar;D:\environment\maven-resp\org\apache\tomcat\embed\tomcat-embed-websocket\8.5.23\tomcat-embed-websocket-8.5.23.jar;D:\environment\maven-resp\org\hibernate\hibernate-validator\5.3.6.Final\hibernate-validator-5.3.6.Final.jar;D:\environment\maven-resp\javax\validation\validation-api\1.1.0.Final\validation-api-1.1.0.Final.jar;D:\environment\maven-resp\org\jboss\logging\jboss-logging\3.3.1.Final\jboss-logging-3.3.1.Final.jar;D:\environment\maven-resp\com\fasterxml\classmate\1.3.4\classmate-1.3.4.jar;D:\environment\maven-resp\com\fasterxml\jackson\core\jackson-databind\2.8.10\jackson-databind-2.8.10.jar;D:\environment\maven-resp\com\fasterxml\jackson\core\jackson-annotations\2.8.0\jackson-annotations-2.8.0.jar;D:\environment\maven-resp\com\fasterxml\jackson\core\jackson-core\2.8.10\jackson-core-2.8.10.jar;D:\environment\maven-resp\org\springframework\spring-web\4.3.13.RELEASE\spring-web-4.3.13.RELEASE.jar;D:\environment\maven-resp\org\springframework\spring-aop\4.3.13.RELEASE\spring-aop-4.3.13.RELEASE.jar;D:\environment\maven-resp\org\springframework\spring-beans\4.3.13.RELEASE\spring-beans-4.3.13.RELEASE.jar;D:\environment\maven-resp\org\springframework\spring-context\4.3.13.RELEASE\spring-context-4.3.13.RELEASE.jar;D:\environment\maven-resp\org\springframework\spring-webmvc\4.3.13.RELEASE\spring-webmvc-4.3.13.RELEASE.jar;D:\environment\maven-resp\org\springframework\spring-expression\4.3.13.RELEASE\spring-expression-4.3.13.RELEASE.jar;D:\environment\maven-resp\org\springframework\boot\spring-boot-starter-test\1.5.9.RELEASE\spring-boot-starter-test-1.5.9.RELEASE.jar;D:\environment\maven-resp\org\springframework\boot\spring-boot-test\1.5.9.RELEASE\spring-boot-test-1.5.9.RELEASE.jar;D:\environment\maven-resp\org\springframework\boot\spring-boot-test-autoconfigure\1.5.9.RELEASE\spring-boot-test-autoconfigure-1.5.9.RELEASE.jar;D:\environment\maven-resp\com\jayway\jsonpath\json-path\2.2.0\json-path-2.2.0.jar;D:\environment\maven-resp\net\minidev\json-smart\2.2.1\json-smart-2.2.1.jar;D:\environment\maven-resp\net\minidev\accessors-smart\1.1\accessors-smart-1.1.jar;D:\environment\maven-resp\org\ow2\asm\asm\5.0.3\asm-5.0.3.jar;D:\environment\maven-resp\junit\junit\4.12\junit-4.12.jar;D:\environment\maven-resp\org\assertj\assertj-core\2.6.0\assertj-core-2.6.0.jar;D:\environment\maven-resp\org\mockito\mockito-core\1.10.19\mockito-core-1.10.19.jar;D:\environment\maven-resp\org\objenesis\objenesis\2.1\objenesis-2.1.jar;D:\environment\maven-resp\org\hamcrest\hamcrest-core\1.3\hamcrest-core-1.3.jar;D:\environment\maven-resp\org\hamcrest\hamcrest-library\1.3\hamcrest-library-1.3.jar;D:\environment\maven-resp\org\skyscreamer\jsonassert\1.4.0\jsonassert-1.4.0.jar;D:\environment\maven-resp\com\vaadin\external\google\android-json\0.0.20131108.vaadin1\android-json-0.0.20131108.vaadin1.jar;D:\environment\maven-resp\org\springframework\spring-core\4.3.13.RELEASE\spring-core-4.3.13.RELEASE.jar;D:\environment\maven-resp\org\springframework\spring-test\4.3.13.RELEASE\spring-test-4.3.13.RELEASE.jar;D:\environment\maven-resp\com\qg\qg-common-service\1.0-SNAPSHOT\qg-common-service-1.0-SNAPSHOT.jar;D:\environment\maven-resp\com\qg\qg-common-module\1.0-SNAPSHOT\qg-common-module-1.0-SNAPSHOT.jar;D:\environment\maven-resp\com\qg\qg-common-utils\1.0-SNAPSHOT\qg-common-utils-1.0-SNAPSHOT.jar;D:\environment\maven-resp\com\qg\qg-common-dto\1.0-SNAPSHOT\qg-common-dto-1.0-SNAPSHOT.jar;D:\environment\maven-resp\org\springframework\boot\spring-boot-starter-data-redis\1.5.9.RELEASE\spring-boot-starter-data-redis-1.5.9.RELEASE.jar;D:\environment\maven-resp\org\springframework\data\spring-data-redis\1.8.9.RELEASE\spring-data-redis-1.8.9.RELEASE.jar;D:\environment\maven-resp\org\springframework\data\spring-data-keyvalue\1.2.9.RELEASE\spring-data-keyvalue-1.2.9.RELEASE.jar;D:\environment\maven-resp\org\springframework\data\spring-data-commons\1.13.9.RELEASE\spring-data-commons-1.13.9.RELEASE.jar;D:\environment\maven-resp\org\springframework\spring-tx\4.3.13.RELEASE\spring-tx-4.3.13.RELEASE.jar;D:\environment\maven-resp\org\springframework\spring-oxm\4.3.13.RELEASE\spring-oxm-4.3.13.RELEASE.jar;D:\environment\maven-resp\org\springframework\spring-context-support\4.3.13.RELEASE\spring-context-support-4.3.13.RELEASE.jar;D:\environment\maven-resp\redis\clients\jedis\2.9.0\jedis-2.9.0.jar;D:\environment\maven-resp\org\apache\commons\commons-pool2\2.4.3\commons-pool2-2.4.3.jar;D:\environment\maven-resp\org\springframework\kafka\spring-kafka\1.1.7.RELEASE\spring-kafka-1.1.7.RELEASE.jar;D:\environment\maven-resp\org\springframework\spring-messaging\4.3.13.RELEASE\spring-messaging-4.3.13.RELEASE.jar;D:\environment\maven-resp\org\springframework\retry\spring-retry\1.2.1.RELEASE\spring-retry-1.2.1.RELEASE.jar;D:\environment\maven-resp\org\apache\kafka\kafka-clients\0.10.1.1\kafka-clients-0.10.1.1.jar;D:\environment\maven-resp\net\jpountz\lz4\lz4\1.3.0\lz4-1.3.0.jar;D:\environment\maven-resp\org\xerial\snappy\snappy-java\1.1.2.6\snappy-java-1.1.2.6.jar;D:\environment\maven-resp\com\alibaba\fastjson\1.2.54\fastjson-1.2.54.jar;D:\environment\maven-resp\org\springframework\boot\spring-boot-starter-activemq\1.5.9.RELEASE\spring-boot-starter-activemq-1.5.9.RELEASE.jar;D:\environment\maven-resp\org\springframework\spring-jms\4.3.13.RELEASE\spring-jms-4.3.13.RELEASE.jar;D:\environment\maven-resp\org\apache\activemq\activemq-broker\5.14.5\activemq-broker-5.14.5.jar;D:\environment\maven-resp\org\apache\activemq\activemq-client\5.14.5\activemq-client-5.14.5.jar;D:\environment\maven-resp\org\apache\geronimo\specs\geronimo-jms_1.1_spec\1.1.1\geronimo-jms_1.1_spec-1.1.1.jar;D:\environment\maven-resp\org\fusesource\hawtbuf\hawtbuf\1.11\hawtbuf-1.11.jar;D:\environment\maven-resp\org\apache\geronimo\specs\geronimo-j2ee-management_1.1_spec\1.0.1\geronimo-j2ee-management_1.1_spec-1.0.1.jar;D:\environment\maven-resp\org\apache\activemq\activemq-openwire-legacy\5.14.5\activemq-openwire-legacy-5.14.5.jar;D:\environment\maven-resp\org\springframework\boot\spring-boot-devtools\1.5.9.RELEASE\spring-boot-devtools-1.5.9.RELEASE.jar;D:\environment\maven-resp\org\springframework\boot\spring-boot\1.5.9.RELEASE\spring-boot-1.5.9.RELEASE.jar;D:\environment\maven-resp\org\springframework\boot\spring-boot-autoconfigure\1.5.9.RELEASE\spring-boot-autoconfigure-1.5.9.RELEASE.jar;D:\environment\maven-resp\org\springframework\springloaded\1.2.5.RELEASE\springloaded-1.2.5.RELEASE.jar;D:\environment\maven-resp\com\alibaba\spring\boot\dubbo-spring-boot-starter\1.0.0\dubbo-spring-boot-starter-1.0.0.jar;D:\environment\maven-resp\com\alibaba\dubbo\2.6.0\dubbo-2.6.0.jar;D:\environment\maven-resp\org\javassist\javassist\3.21.0-GA\javassist-3.21.0-GA.jar;D:\environment\maven-resp\org\jboss\netty\netty\3.2.5.Final\netty-3.2.5.Final.jar;D:\environment\maven-resp\org\springframework\boot\spring-boot-starter-actuator\1.5.9.RELEASE\spring-boot-starter-actuator-1.5.9.RELEASE.jar;D:\environment\maven-resp\org\springframework\boot\spring-boot-actuator\1.5.9.RELEASE\spring-boot-actuator-1.5.9.RELEASE.jar;D:\environment\maven-resp\com\101tec\zkclient\0.10\zkclient-0.10.jar;D:\environment\maven-resp\org\slf4j\slf4j-api\1.7.25\slf4j-api-1.7.25.jar;D:\environment\maven-resp\org\apache\zookeeper\zookeeper\3.4.8\zookeeper-3.4.8.jar;D:\environment\maven-resp\org\slf4j\slf4j-log4j12\1.7.25\slf4j-log4j12-1.7.25.jar;D:\environment\maven-resp\log4j\log4j\1.2.16\log4j-1.2.16.jar;D:\environment\maven-resp\jline\jline\0.9.94\jline-0.9.94.jar;D:\environment\maven-resp\io\netty\netty\3.7.0.Final\netty-3.7.0.Final.jar;, user.name=bdqn, java.vm.specification.version=1.8, sun.java.command=D:\workspace\qg\qg-user-consumer\target\surefire\surefirebooter4951574212139531464.jar D:\workspace\qg\qg-user-consumer\target\surefire\surefire2963669447455742081tmp D:\workspace\qg\qg-user-consumer\target\surefire\surefire_0981519669271656029tmp, java.home=C:\Program Files (x86)\Java\jdk1.8.0_144\jre, sun.arch.data.model=32, user.language=zh, java.specification.vendor=Oracle Corporation, awt.toolkit=sun.awt.windows.WToolkit, java.vm.info=mixed mode, java.version=1.8.0_144, java.ext.dirs=C:\Program Files (x86)\Java\jdk1.8.0_144\jre\lib\ext;C:\WINDOWS\Sun\Java\lib\ext, sun.boot.class.path=C:\Program Files (x86)\Java\jdk1.8.0_144\jre\lib\resources.jar;C:\Program Files (x86)\Java\jdk1.8.0_144\jre\lib\rt.jar;C:\Program Files (x86)\Java\jdk1.8.0_144\jre\lib\sunrsasign.jar;C:\Program Files (x86)\Java\jdk1.8.0_144\jre\lib\jsse.jar;C:\Program Files (x86)\Java\jdk1.8.0_144\jre\lib\jce.jar;C:\Program Files (x86)\Java\jdk1.8.0_144\jre\lib\charsets.jar;C:\Program Files (x86)\Java\jdk1.8.0_144\jre\lib\jfr.jar;C:\Program Files (x86)\Java\jdk1.8.0_144\jre\classes, java.vendor=Oracle Corporation, localRepository=D:\environment\maven-resp, file.separator=\, java.vendor.url.bug=http://bugreport.sun.com/bugreport/, sun.io.unicode.encoding=UnicodeLittle, sun.cpu.endian=little, sun.desktop=windows, sun.cpu.isalist=pentium_pro+mmx pentium_pro pentium+mmx pentium i486 i386 i86}}, SystemEnvironmentPropertySource@28943359 {name='systemEnvironment', properties={PATH=C:\Program Files (x86)\Java\jdk1.8.0_144\;C:\Program Files (x86)\Intel\iCLS Client\;C:\Program Files\Intel\iCLS Client\;C:\Windows\system32;C:\Windows;C:\Windows\System32\Wbem;C:\Windows\System32\WindowsPowerShell\v1.0\;C:\Program Files (x86)\Intel\Intel(R) Management Engine Components\DAL;C:\Program Files\Intel\Intel(R) Management Engine Components\DAL;C:\Program Files (x86)\Intel\Intel(R) Management Engine Components\IPT;C:\Program Files\Intel\Intel(R) Management Engine Components\IPT;C:\Program Files (x86)\NVIDIA Corporation\PhysX\Common;D:\program\svn\bin;C:\Program Files\MySQL\MySQL Utilities 1.6\;C:\WINDOWS\system32;C:\WINDOWS;C:\WINDOWS\System32\Wbem;C:\WINDOWS\System32\WindowsPowerShell\v1.0\;%MAVEN_HOME%\bin\;C:\WINDOWS\System32\OpenSSH\;C:\Program Files\Git\cmd;C:\Program Files (x86)\Java\jdk1.8.0_144\bin;C:\Users\10447\AppData\Local\Microsoft\WindowsApps;D:\program\docker\Docker Toolbox;D:\environment\apache-jmeter-4.0\bin;D:\environment\apache-jmeter-4.0\bin;D:\Program Files\Microsoft VS Code\bin;D:\environment\maven\apache-maven-3.5.0\bin, USERDOMAIN_ROAMINGPROFILE=LAPTOP-8PLCCF1H, PROCESSOR_LEVEL=6, SYSTEMDRIVE=C:, SESSIONNAME=Console, ALLUSERSPROFILE=C:\ProgramData, PROCESSOR_ARCHITECTURE=x86, DRIVERDATA=C:\Windows\System32\Drivers\DriverData, PROGRAMFILES=C:\Program Files (x86), PSMODULEPATH=%ProgramFiles%\WindowsPowerShell\Modules;C:\WINDOWS\system32\WindowsPowerShell\v1.0\Modules, PROGRAMDATA=C:\ProgramData, USERNAME=bdqn, FPS_BROWSER_USER_PROFILE_STRING=Default, ONEDRIVE=C:\Users\10447\OneDrive, CONFIGSETROOT=C:\WINDOWS\ConfigSetRoot, PATHEXT=.COM;.EXE;.BAT;.CMD;.VBS;.VBE;.JS;.JSE;.WSF;.WSH;.MSC, PROCESSOR_ARCHITEW6432=AMD64, WINDIR=C:\WINDOWS, HOMEPATH=\Users\10447, PROCESSOR_IDENTIFIER=Intel64 Family 6 Model 158 Stepping 9, GenuineIntel, M2_HOME=D:\environment\maven\apache-maven-3.5.0, PUBLIC=C:\Users\Public, =::=::\, LOCALAPPDATA=C:\Users\10447\AppData\Local, COMMONPROGRAMFILES(X86)=C:\Program Files (x86)\Common Files, USERDOMAIN=LAPTOP-8PLCCF1H, FPS_BROWSER_APP_PROFILE_STRING=Internet Explorer, LOGONSERVER=\\LAPTOP-8PLCCF1H, JAVA_HOME=C:\Program Files (x86)\Java\jdk1.8.0_144, PROMPT=$P$G, PROGRAMFILES(X86)=C:\Program Files (x86), APPDATA=C:\Users\10447\AppData\Roaming, PROGRAMW6432=C:\Program Files, SYSTEMROOT=C:\WINDOWS, VBOX_MSI_INSTALL_PATH=C:\Program Files\Oracle\VirtualBox\, JMETER_HOME=D:\environment\apache-jmeter-4.0, OS=Windows_NT, COMMONPROGRAMW6432=C:\Program Files\Common Files, COMPUTERNAME=LAPTOP-8PLCCF1H, COMMONPROGRAMFILES=C:\Program Files (x86)\Common Files, COMSPEC=C:\WINDOWS\system32\cmd.exe, PROCESSOR_REVISION=9e09, CLASSPATH=.;C:\Program Files (x86)\Java\jdk1.8.0_144\lib;%JMETER_HOME\lib\ext\ApacheJMeter_core.jar;D:\environment\apache-jmeter-4.0\lib\jorphan.jar;D:\environment\apache-jmeter-4.0\lib\logkit-2.0.jar, =D:=D:\workspace\qg\qg-user-consumer, TEMP=C:\Users\10447\AppData\Local\Temp, HOMEDRIVE=C:, USERPROFILE=C:\Users\10447, TMP=C:\Users\10447\AppData\Local\Temp, NUMBER_OF_PROCESSORS=8, DOCKER_TOOLBOX_INSTALL_PATH=D:\program\docker\Docker Toolbox}}]
14:14:33.056 [main] DEBUG org.springframework.core.env.MutablePropertySources - Adding PropertySource 'inline' with highest search precedence
14:14:33.063 [main] DEBUG org.springframework.test.context.support.TestPropertySourceUtils - Adding inlined properties to environment: {spring.jmx.enabled=false, org.springframework.boot.test.context.SpringBootTestContextBootstrapper=true, server.port=-1}
14:14:33.064 [main] DEBUG org.springframework.core.env.StandardEnvironment - Adding PropertySource 'Inlined Test Properties' with highest search precedence

  .   ____          _            __ _ _
 /\\ / ___'_ __ _ _(_)_ __  __ _ \ \ \ \
( ( )\___ | '_ | '_| | '_ \/ _` | \ \ \ \
 \\/  ___)| |_)| | | | | || (_| |  ) ) ) )
  '  |____| .__|_| |_|_| |_\__, | / / / /
 =========|_|==============|___/=/_/_/_/
 :: Spring Boot ::        (v1.5.9.RELEASE)

2019-01-22 14:14:33.383  INFO 9100 --- [           main] com.qg.QgUserConsumerApplicationTests    : Starting QgUserConsumerApplicationTests on LAPTOP-8PLCCF1H with PID 9100 (started by bdqn in D:\workspace\qg\qg-user-consumer)
2019-01-22 14:14:33.383  INFO 9100 --- [           main] com.qg.QgUserConsumerApplicationTests    : No active profile set, falling back to default profiles: default
2019-01-22 14:14:33.418  INFO 9100 --- [           main] o.s.w.c.s.GenericWebApplicationContext   : Refreshing org.springframework.web.context.support.GenericWebApplicationContext@19b00e0: startup date [Tue Jan 22 14:14:33 CST 2019]; root of context hierarchy
2019-01-22 14:14:34.280  INFO 9100 --- [           main] .s.d.r.c.RepositoryConfigurationDelegate : Multiple Spring Data modules found, entering strict repository configuration mode!
2019-01-22 14:14:34.843  INFO 9100 --- [           main] trationDelegate$BeanPostProcessorChecker : Bean 'org.springframework.kafka.annotation.KafkaBootstrapConfiguration' of type [org.springframework.kafka.annotation.KafkaBootstrapConfiguration$$EnhancerBySpringCGLIB$$a0048c28] is not eligible for getting processed by all BeanPostProcessors (for example: not eligible for auto-proxying)
2019-01-22 14:14:34.996  INFO 9100 --- [           main] trationDelegate$BeanPostProcessorChecker : Bean 'spring.dubbo-com.alibaba.dubbo.spring.boot.DubboProperties' of type [com.alibaba.dubbo.spring.boot.DubboProperties] is not eligible for getting processed by all BeanPostProcessors (for example: not eligible for auto-proxying)
2019-01-22 14:14:35.005  INFO 9100 --- [           main] trationDelegate$BeanPostProcessorChecker : Bean 'com.alibaba.dubbo.spring.boot.DubboAutoConfiguration' of type [com.alibaba.dubbo.spring.boot.DubboAutoConfiguration$$EnhancerBySpringCGLIB$$3a27c5dd] is not eligible for getting processed by all BeanPostProcessors (for example: not eligible for auto-proxying)
2019-01-22 14:14:35.019  INFO 9100 --- [           main] c.a.dubbo.common.logger.LoggerFactory    : using logger: com.alibaba.dubbo.common.logger.log4j.Log4jLoggerAdapter
2019-01-22 14:14:35.026  INFO 9100 --- [           main] trationDelegate$BeanPostProcessorChecker : Bean 'dubboApplicationConfig' of type [com.alibaba.dubbo.config.ApplicationConfig] is not eligible for getting processed by all BeanPostProcessors (for example: not eligible for auto-proxying)
2019-01-22 14:14:35.037  INFO 9100 --- [           main] trationDelegate$BeanPostProcessorChecker : Bean 'dubboRegistryConfig' of type [com.alibaba.dubbo.config.RegistryConfig] is not eligible for getting processed by all BeanPostProcessors (for example: not eligible for auto-proxying)
2019-01-22 14:14:35.042  INFO 9100 --- [           main] trationDelegate$BeanPostProcessorChecker : Bean 'com.alibaba.dubbo.spring.boot.DubboConsumerAutoConfiguration' of type [com.alibaba.dubbo.spring.boot.DubboConsumerAutoConfiguration$$EnhancerBySpringCGLIB$$66d13c7] is not eligible for getting processed by all BeanPostProcessors (for example: not eligible for auto-proxying)
2019-01-22 14:14:35.345  INFO 9100 --- [           main] c.a.d.r.zookeeper.ZookeeperRegistry      :  [DUBBO] Load registry store file C:\Users\10447\.dubbo\dubbo-registry-spring-boot-starter-dubbo-user-consumer-192.168.9.150:2181.cache, data: {cn.bdqn.RpcQgUserService=override://192.168.10.102:20802/cn.bdqn.RpcQgUserService?category=configurators&disabled=true&dynamic=false&enabled=true empty://192.168.9.59/cn.bdqn.RpcQgUserService?actives=0&application=spring-boot-starter-dubbo-user-consumer&async=false&category=routers&check=true&dubbo=2.5.7&interface=cn.bdqn.RpcQgUserService&lazy=false&methods=createQgUser,getCurrentUser,findByPhone,login,getQgUserById,getQgUserByWxUserId&pid=9080&retries=0&revision=1.0-SNAPSHOT&sent=false&side=consumer&timeout=0&timestamp=1523948737525 dubbo://192.168.10.102:20802/cn.bdqn.RpcQgUserService?anyhost=true&application=spring-boot-starter-dubbo-user-provider&dubbo=2.5.7&generic=false&interface=cn.bdqn.RpcQgUserService&methods=createQgUser,getCurrentUser,findByPhone,login,getQgUserById,getQgUserByWxUserId&pid=6&revision=1.0-SNAPSHOT&side=provider&threads=200&timestamp=1522734081238 dubbo://192.168.9.59:20802/cn.bdqn.RpcQgUserService?anyhost=true&application=spring-boot-starter-dubbo-user-provider&dubbo=2.5.7&generic=false&interface=cn.bdqn.RpcQgUserService&methods=createQgUser,getCurrentUser,findByPhone,login,getQgUserById,getQgUserByWxUserId&pid=6624&revision=1.0-SNAPSHOT&side=provider&threads=200&timestamp=1523948720634, com.qg.service.QgUserService=empty://169.254.121.247/com.qg.service.QgUserService?application=spring-boot-starter-dubbo-user-consumer&category=configurators&dubbo=2.6.0&interface=com.qg.service.QgUserService&methods=qdtxModifyQgUser,qdtxBatchDeleteQgUser,qdtxAddQgUser,getQgUserCountByMap,queryQgUserByPhoneAndPwd,getQgUserListByMap,qdtxDeleteQgUserById,getQgUserById&pid=21000&revision=1.0-SNAPSHOT&side=consumer&timestamp=1548137482284 empty://169.254.121.247/com.qg.service.QgUserService?application=spring-boot-starter-dubbo-user-consumer&category=routers&dubbo=2.6.0&interface=com.qg.service.QgUserService&methods=qdtxModifyQgUser,qdtxBatchDeleteQgUser,qdtxAddQgUser,getQgUserCountByMap,queryQgUserByPhoneAndPwd,getQgUserListByMap,qdtxDeleteQgUserById,getQgUserById&pid=21000&revision=1.0-SNAPSHOT&side=consumer&timestamp=1548137482284 empty://169.254.121.247/com.qg.service.QgUserService?application=spring-boot-starter-dubbo-user-consumer&category=providers&dubbo=2.6.0&interface=com.qg.service.QgUserService&methods=qdtxModifyQgUser,qdtxBatchDeleteQgUser,qdtxAddQgUser,getQgUserCountByMap,queryQgUserByPhoneAndPwd,getQgUserListByMap,qdtxDeleteQgUserById,getQgUserById&pid=21000&revision=1.0-SNAPSHOT&side=consumer&timestamp=1548137482284, cn.bdqn.RpcQgTokenService=override://192.168.10.102:20802/cn.bdqn.RpcQgTokenService?category=configurators&disabled=true&dynamic=false&enabled=true empty://192.168.9.59/cn.bdqn.RpcQgTokenService?actives=0&application=spring-boot-starter-dubbo-user-consumer&async=false&category=routers&check=true&dubbo=2.5.7&interface=cn.bdqn.RpcQgTokenService&lazy=false&methods=generateToken&pid=9080&retries=0&revision=1.0-SNAPSHOT&sent=false&side=consumer&timeout=0&timestamp=1523948738092 dubbo://192.168.10.102:20802/cn.bdqn.RpcQgTokenService?anyhost=true&application=spring-boot-starter-dubbo-user-provider&dubbo=2.5.7&generic=false&interface=cn.bdqn.RpcQgTokenService&methods=generateToken&pid=6&revision=1.0-SNAPSHOT&side=provider&threads=200&timestamp=1522734079535 dubbo://192.168.9.59:20802/cn.bdqn.RpcQgTokenService?anyhost=true&application=spring-boot-starter-dubbo-user-provider&dubbo=2.5.7&generic=false&interface=cn.bdqn.RpcQgTokenService&methods=generateToken&pid=6624&revision=1.0-SNAPSHOT&side=provider&threads=200&timestamp=1523948720229}, dubbo version: 2.6.0, current host: 169.254.121.247
2019-01-22 14:14:35.360  INFO 9100 --- [           main] c.a.d.common.concurrent.ExecutionList    :  [DUBBO] Executor for listenablefuture is null, will use default executor!, dubbo version: 2.6.0, current host: 169.254.121.247
2019-01-22 14:14:35.369  INFO 9100 --- [.168.9.150:2181] org.I0Itec.zkclient.ZkEventThread        : Starting ZkClient event thread.
2019-01-22 14:14:44.391  INFO 9100 --- [clientConnector] org.apache.zookeeper.ZooKeeper           : Client environment:zookeeper.version=3.4.8--1, built on 02/06/2016 03:18 GMT
2019-01-22 14:14:44.391  INFO 9100 --- [clientConnector] org.apache.zookeeper.ZooKeeper           : Client environment:host.name=LAPTOP-8PLCCF1H
2019-01-22 14:14:44.391  INFO 9100 --- [clientConnector] org.apache.zookeeper.ZooKeeper           : Client environment:java.version=1.8.0_144
2019-01-22 14:14:44.391  INFO 9100 --- [clientConnector] org.apache.zookeeper.ZooKeeper           : Client environment:java.vendor=Oracle Corporation
2019-01-22 14:14:44.391  INFO 9100 --- [clientConnector] org.apache.zookeeper.ZooKeeper           : Client environment:java.home=C:\Program Files (x86)\Java\jdk1.8.0_144\jre
2019-01-22 14:14:44.391  INFO 9100 --- [clientConnector] org.apache.zookeeper.ZooKeeper           : Client environment:java.class.path=D:\workspace\qg\qg-user-consumer\target\test-classes;D:\workspace\qg\qg-user-consumer\target\classes;D:\environment\maven-resp\org\springframework\boot\spring-boot-starter-web\1.5.9.RELEASE\spring-boot-starter-web-1.5.9.RELEASE.jar;D:\environment\maven-resp\org\springframework\boot\spring-boot-starter\1.5.9.RELEASE\spring-boot-starter-1.5.9.RELEASE.jar;D:\environment\maven-resp\org\springframework\boot\spring-boot-starter-logging\1.5.9.RELEASE\spring-boot-starter-logging-1.5.9.RELEASE.jar;D:\environment\maven-resp\ch\qos\logback\logback-classic\1.1.11\logback-classic-1.1.11.jar;D:\environment\maven-resp\ch\qos\logback\logback-core\1.1.11\logback-core-1.1.11.jar;D:\environment\maven-resp\org\slf4j\jcl-over-slf4j\1.7.25\jcl-over-slf4j-1.7.25.jar;D:\environment\maven-resp\org\slf4j\jul-to-slf4j\1.7.25\jul-to-slf4j-1.7.25.jar;D:\environment\maven-resp\org\slf4j\log4j-over-slf4j\1.7.25\log4j-over-slf4j-1.7.25.jar;D:\environment\maven-resp\org\yaml\snakeyaml\1.17\snakeyaml-1.17.jar;D:\environment\maven-resp\org\springframework\boot\spring-boot-starter-tomcat\1.5.9.RELEASE\spring-boot-starter-tomcat-1.5.9.RELEASE.jar;D:\environment\maven-resp\org\apache\tomcat\embed\tomcat-embed-core\8.5.23\tomcat-embed-core-8.5.23.jar;D:\environment\maven-resp\org\apache\tomcat\tomcat-annotations-api\8.5.23\tomcat-annotations-api-8.5.23.jar;D:\environment\maven-resp\org\apache\tomcat\embed\tomcat-embed-el\8.5.23\tomcat-embed-el-8.5.23.jar;D:\environment\maven-resp\org\apache\tomcat\embed\tomcat-embed-websocket\8.5.23\tomcat-embed-websocket-8.5.23.jar;D:\environment\maven-resp\org\hibernate\hibernate-validator\5.3.6.Final\hibernate-validator-5.3.6.Final.jar;D:\environment\maven-resp\javax\validation\validation-api\1.1.0.Final\validation-api-1.1.0.Final.jar;D:\environment\maven-resp\org\jboss\logging\jboss-logging\3.3.1.Final\jboss-logging-3.3.1.Final.jar;D:\environment\maven-resp\com\fasterxml\classmate\1.3.4\classmate-1.3.4.jar;D:\environment\maven-resp\com\fasterxml\jackson\core\jackson-databind\2.8.10\jackson-databind-2.8.10.jar;D:\environment\maven-resp\com\fasterxml\jackson\core\jackson-annotations\2.8.0\jackson-annotations-2.8.0.jar;D:\environment\maven-resp\com\fasterxml\jackson\core\jackson-core\2.8.10\jackson-core-2.8.10.jar;D:\environment\maven-resp\org\springframework\spring-web\4.3.13.RELEASE\spring-web-4.3.13.RELEASE.jar;D:\environment\maven-resp\org\springframework\spring-aop\4.3.13.RELEASE\spring-aop-4.3.13.RELEASE.jar;D:\environment\maven-resp\org\springframework\spring-beans\4.3.13.RELEASE\spring-beans-4.3.13.RELEASE.jar;D:\environment\maven-resp\org\springframework\spring-context\4.3.13.RELEASE\spring-context-4.3.13.RELEASE.jar;D:\environment\maven-resp\org\springframework\spring-webmvc\4.3.13.RELEASE\spring-webmvc-4.3.13.RELEASE.jar;D:\environment\maven-resp\org\springframework\spring-expression\4.3.13.RELEASE\spring-expression-4.3.13.RELEASE.jar;D:\environment\maven-resp\org\springframework\boot\spring-boot-starter-test\1.5.9.RELEASE\spring-boot-starter-test-1.5.9.RELEASE.jar;D:\environment\maven-resp\org\springframework\boot\spring-boot-test\1.5.9.RELEASE\spring-boot-test-1.5.9.RELEASE.jar;D:\environment\maven-resp\org\springframework\boot\spring-boot-test-autoconfigure\1.5.9.RELEASE\spring-boot-test-autoconfigure-1.5.9.RELEASE.jar;D:\environment\maven-resp\com\jayway\jsonpath\json-path\2.2.0\json-path-2.2.0.jar;D:\environment\maven-resp\net\minidev\json-smart\2.2.1\json-smart-2.2.1.jar;D:\environment\maven-resp\net\minidev\accessors-smart\1.1\accessors-smart-1.1.jar;D:\environment\maven-resp\org\ow2\asm\asm\5.0.3\asm-5.0.3.jar;D:\environment\maven-resp\junit\junit\4.12\junit-4.12.jar;D:\environment\maven-resp\org\assertj\assertj-core\2.6.0\assertj-core-2.6.0.jar;D:\environment\maven-resp\org\mockito\mockito-core\1.10.19\mockito-core-1.10.19.jar;D:\environment\maven-resp\org\objenesis\objenesis\2.1\objenesis-2.1.jar;D:\environment\maven-resp\org\hamcrest\hamcrest-core\1.3\hamcrest-core-1.3.jar;D:\environment\maven-resp\org\hamcrest\hamcrest-library\1.3\hamcrest-library-1.3.jar;D:\environment\maven-resp\org\skyscreamer\jsonassert\1.4.0\jsonassert-1.4.0.jar;D:\environment\maven-resp\com\vaadin\external\google\android-json\0.0.20131108.vaadin1\android-json-0.0.20131108.vaadin1.jar;D:\environment\maven-resp\org\springframework\spring-core\4.3.13.RELEASE\spring-core-4.3.13.RELEASE.jar;D:\environment\maven-resp\org\springframework\spring-test\4.3.13.RELEASE\spring-test-4.3.13.RELEASE.jar;D:\environment\maven-resp\com\qg\qg-common-service\1.0-SNAPSHOT\qg-common-service-1.0-SNAPSHOT.jar;D:\environment\maven-resp\com\qg\qg-common-module\1.0-SNAPSHOT\qg-common-module-1.0-SNAPSHOT.jar;D:\environment\maven-resp\com\qg\qg-common-utils\1.0-SNAPSHOT\qg-common-utils-1.0-SNAPSHOT.jar;D:\environment\maven-resp\com\qg\qg-common-dto\1.0-SNAPSHOT\qg-common-dto-1.0-SNAPSHOT.jar;D:\environment\maven-resp\org\springframework\boot\spring-boot-starter-data-redis\1.5.9.RELEASE\spring-boot-starter-data-redis-1.5.9.RELEASE.jar;D:\environment\maven-resp\org\springframework\data\spring-data-redis\1.8.9.RELEASE\spring-data-redis-1.8.9.RELEASE.jar;D:\environment\maven-resp\org\springframework\data\spring-data-keyvalue\1.2.9.RELEASE\spring-data-keyvalue-1.2.9.RELEASE.jar;D:\environment\maven-resp\org\springframework\data\spring-data-commons\1.13.9.RELEASE\spring-data-commons-1.13.9.RELEASE.jar;D:\environment\maven-resp\org\springframework\spring-tx\4.3.13.RELEASE\spring-tx-4.3.13.RELEASE.jar;D:\environment\maven-resp\org\springframework\spring-oxm\4.3.13.RELEASE\spring-oxm-4.3.13.RELEASE.jar;D:\environment\maven-resp\org\springframework\spring-context-support\4.3.13.RELEASE\spring-context-support-4.3.13.RELEASE.jar;D:\environment\maven-resp\redis\clients\jedis\2.9.0\jedis-2.9.0.jar;D:\environment\maven-resp\org\apache\commons\commons-pool2\2.4.3\commons-pool2-2.4.3.jar;D:\environment\maven-resp\org\springframework\kafka\spring-kafka\1.1.7.RELEASE\spring-kafka-1.1.7.RELEASE.jar;D:\environment\maven-resp\org\springframework\spring-messaging\4.3.13.RELEASE\spring-messaging-4.3.13.RELEASE.jar;D:\environment\maven-resp\org\springframework\retry\spring-retry\1.2.1.RELEASE\spring-retry-1.2.1.RELEASE.jar;D:\environment\maven-resp\org\apache\kafka\kafka-clients\0.10.1.1\kafka-clients-0.10.1.1.jar;D:\environment\maven-resp\net\jpountz\lz4\lz4\1.3.0\lz4-1.3.0.jar;D:\environment\maven-resp\org\xerial\snappy\snappy-java\1.1.2.6\snappy-java-1.1.2.6.jar;D:\environment\maven-resp\com\alibaba\fastjson\1.2.54\fastjson-1.2.54.jar;D:\environment\maven-resp\org\springframework\boot\spring-boot-starter-activemq\1.5.9.RELEASE\spring-boot-starter-activemq-1.5.9.RELEASE.jar;D:\environment\maven-resp\org\springframework\spring-jms\4.3.13.RELEASE\spring-jms-4.3.13.RELEASE.jar;D:\environment\maven-resp\org\apache\activemq\activemq-broker\5.14.5\activemq-broker-5.14.5.jar;D:\environment\maven-resp\org\apache\activemq\activemq-client\5.14.5\activemq-client-5.14.5.jar;D:\environment\maven-resp\org\apache\geronimo\specs\geronimo-jms_1.1_spec\1.1.1\geronimo-jms_1.1_spec-1.1.1.jar;D:\environment\maven-resp\org\fusesource\hawtbuf\hawtbuf\1.11\hawtbuf-1.11.jar;D:\environment\maven-resp\org\apache\geronimo\specs\geronimo-j2ee-management_1.1_spec\1.0.1\geronimo-j2ee-management_1.1_spec-1.0.1.jar;D:\environment\maven-resp\org\apache\activemq\activemq-openwire-legacy\5.14.5\activemq-openwire-legacy-5.14.5.jar;D:\environment\maven-resp\org\springframework\boot\spring-boot-devtools\1.5.9.RELEASE\spring-boot-devtools-1.5.9.RELEASE.jar;D:\environment\maven-resp\org\springframework\boot\spring-boot\1.5.9.RELEASE\spring-boot-1.5.9.RELEASE.jar;D:\environment\maven-resp\org\springframework\boot\spring-boot-autoconfigure\1.5.9.RELEASE\spring-boot-autoconfigure-1.5.9.RELEASE.jar;D:\environment\maven-resp\org\springframework\springloaded\1.2.5.RELEASE\springloaded-1.2.5.RELEASE.jar;D:\environment\maven-resp\com\alibaba\spring\boot\dubbo-spring-boot-starter\1.0.0\dubbo-spring-boot-starter-1.0.0.jar;D:\environment\maven-resp\com\alibaba\dubbo\2.6.0\dubbo-2.6.0.jar;D:\environment\maven-resp\org\javassist\javassist\3.21.0-GA\javassist-3.21.0-GA.jar;D:\environment\maven-resp\org\jboss\netty\netty\3.2.5.Final\netty-3.2.5.Final.jar;D:\environment\maven-resp\org\springframework\boot\spring-boot-starter-actuator\1.5.9.RELEASE\spring-boot-starter-actuator-1.5.9.RELEASE.jar;D:\environment\maven-resp\org\springframework\boot\spring-boot-actuator\1.5.9.RELEASE\spring-boot-actuator-1.5.9.RELEASE.jar;D:\environment\maven-resp\com\101tec\zkclient\0.10\zkclient-0.10.jar;D:\environment\maven-resp\org\slf4j\slf4j-api\1.7.25\slf4j-api-1.7.25.jar;D:\environment\maven-resp\org\apache\zookeeper\zookeeper\3.4.8\zookeeper-3.4.8.jar;D:\environment\maven-resp\org\slf4j\slf4j-log4j12\1.7.25\slf4j-log4j12-1.7.25.jar;D:\environment\maven-resp\log4j\log4j\1.2.16\log4j-1.2.16.jar;D:\environment\maven-resp\jline\jline\0.9.94\jline-0.9.94.jar;D:\environment\maven-resp\io\netty\netty\3.7.0.Final\netty-3.7.0.Final.jar;
2019-01-22 14:14:44.391  INFO 9100 --- [clientConnector] org.apache.zookeeper.ZooKeeper           : Client environment:java.library.path=C:\Program Files (x86)\Java\jdk1.8.0_144\jre\bin;C:\WINDOWS\Sun\Java\bin;C:\WINDOWS\system32;C:\WINDOWS;C:\Program Files (x86)\Java\jdk1.8.0_144\;C:\Program Files (x86)\Intel\iCLS Client\;C:\Program Files\Intel\iCLS Client\;C:\Windows\system32;C:\Windows;C:\Windows\System32\Wbem;C:\Windows\System32\WindowsPowerShell\v1.0\;C:\Program Files (x86)\Intel\Intel(R) Management Engine Components\DAL;C:\Program Files\Intel\Intel(R) Management Engine Components\DAL;C:\Program Files (x86)\Intel\Intel(R) Management Engine Components\IPT;C:\Program Files\Intel\Intel(R) Management Engine Components\IPT;C:\Program Files (x86)\NVIDIA Corporation\PhysX\Common;D:\program\svn\bin;C:\Program Files\MySQL\MySQL Utilities 1.6\;C:\WINDOWS\system32;C:\WINDOWS;C:\WINDOWS\System32\Wbem;C:\WINDOWS\System32\WindowsPowerShell\v1.0\;%MAVEN_HOME%\bin\;C:\WINDOWS\System32\OpenSSH\;C:\Program Files\Git\cmd;C:\Program Files (x86)\Java\jdk1.8.0_144\bin;C:\Users\10447\AppData\Local\Microsoft\WindowsApps;D:\program\docker\Docker Toolbox;D:\environment\apache-jmeter-4.0\bin;D:\environment\apache-jmeter-4.0\bin;D:\Program Files\Microsoft VS Code\bin;D:\environment\maven\apache-maven-3.5.0\bin;.
2019-01-22 14:14:44.391  INFO 9100 --- [clientConnector] org.apache.zookeeper.ZooKeeper           : Client environment:java.io.tmpdir=C:\Users\10447\AppData\Local\Temp\
2019-01-22 14:14:44.391  INFO 9100 --- [clientConnector] org.apache.zookeeper.ZooKeeper           : Client environment:java.compiler=<NA>
2019-01-22 14:14:44.391  INFO 9100 --- [clientConnector] org.apache.zookeeper.ZooKeeper           : Client environment:os.name=Windows 10
2019-01-22 14:14:44.391  INFO 9100 --- [clientConnector] org.apache.zookeeper.ZooKeeper           : Client environment:os.arch=x86
2019-01-22 14:14:44.392  INFO 9100 --- [clientConnector] org.apache.zookeeper.ZooKeeper           : Client environment:os.version=10.0
2019-01-22 14:14:44.392  INFO 9100 --- [clientConnector] org.apache.zookeeper.ZooKeeper           : Client environment:user.name=bdqn
2019-01-22 14:14:44.392  INFO 9100 --- [clientConnector] org.apache.zookeeper.ZooKeeper           : Client environment:user.home=C:\Users\10447
2019-01-22 14:14:44.392  INFO 9100 --- [clientConnector] org.apache.zookeeper.ZooKeeper           : Client environment:user.dir=D:\workspace\qg\qg-user-consumer
2019-01-22 14:14:44.392  INFO 9100 --- [clientConnector] org.apache.zookeeper.ZooKeeper           : Initiating client connection, connectString=192.168.9.150:2181 sessionTimeout=30000 watcher=org.I0Itec.zkclient.ZkClient@15e4a22
2019-01-22 14:14:44.777  INFO 9100 --- [clientConnector] org.I0Itec.zkclient.ZkClient             : Waiting for keeper state SyncConnected
2019-01-22 14:14:44.780  INFO 9100 --- [168.9.150:2181)] org.apache.zookeeper.ClientCnxn          : Opening socket connection to server 192.168.9.150/192.168.9.150:2181. Will not attempt to authenticate using SASL (unknown error)
2019-01-22 14:14:44.782  INFO 9100 --- [168.9.150:2181)] org.apache.zookeeper.ClientCnxn          : Socket connection established to 192.168.9.150/192.168.9.150:2181, initiating session
2019-01-22 14:14:44.883  INFO 9100 --- [168.9.150:2181)] org.apache.zookeeper.ClientCnxn          : Session establishment complete on server 192.168.9.150/192.168.9.150:2181, sessionid = 0x10000021fe502bb, negotiated timeout = 30000
2019-01-22 14:14:44.885  INFO 9100 --- [tor-EventThread] org.I0Itec.zkclient.ZkClient             : zookeeper state changed (SyncConnected)
2019-01-22 14:14:44.908  INFO 9100 --- [           main] c.a.d.r.zookeeper.ZookeeperRegistry      :  [DUBBO] Register: consumer://169.254.121.247/com.qg.service.QgUserService?application=spring-boot-starter-dubbo-user-consumer&category=consumers&check=false&dubbo=2.6.0&interface=com.qg.service.QgUserService&methods=qdtxModifyQgUser,qdtxBatchDeleteQgUser,qdtxAddQgUser,getQgUserCountByMap,queryQgUserByPhoneAndPwd,getQgUserListByMap,qdtxDeleteQgUserById,getQgUserById&pid=9100&revision=1.0-SNAPSHOT&side=consumer&timestamp=1548137675296, dubbo version: 2.6.0, current host: 169.254.121.247
2019-01-22 14:14:44.960  INFO 9100 --- [           main] c.a.d.r.zookeeper.ZookeeperRegistry      :  [DUBBO] Subscribe: consumer://169.254.121.247/com.qg.service.QgUserService?application=spring-boot-starter-dubbo-user-consumer&category=providers,configurators,routers&dubbo=2.6.0&interface=com.qg.service.QgUserService&methods=qdtxModifyQgUser,qdtxBatchDeleteQgUser,qdtxAddQgUser,getQgUserCountByMap,queryQgUserByPhoneAndPwd,getQgUserListByMap,qdtxDeleteQgUserById,getQgUserById&pid=9100&revision=1.0-SNAPSHOT&side=consumer&timestamp=1548137675296, dubbo version: 2.6.0, current host: 169.254.121.247
2019-01-22 14:14:45.018  INFO 9100 --- [           main] c.a.d.r.zookeeper.ZookeeperRegistry      :  [DUBBO] Notify urls for subscribe url consumer://169.254.121.247/com.qg.service.QgUserService?application=spring-boot-starter-dubbo-user-consumer&category=providers,configurators,routers&dubbo=2.6.0&interface=com.qg.service.QgUserService&methods=qdtxModifyQgUser,qdtxBatchDeleteQgUser,qdtxAddQgUser,getQgUserCountByMap,queryQgUserByPhoneAndPwd,getQgUserListByMap,qdtxDeleteQgUserById,getQgUserById&pid=9100&revision=1.0-SNAPSHOT&side=consumer&timestamp=1548137675296, urls: [empty://169.254.121.247/com.qg.service.QgUserService?application=spring-boot-starter-dubbo-user-consumer&category=providers&dubbo=2.6.0&interface=com.qg.service.QgUserService&methods=qdtxModifyQgUser,qdtxBatchDeleteQgUser,qdtxAddQgUser,getQgUserCountByMap,queryQgUserByPhoneAndPwd,getQgUserListByMap,qdtxDeleteQgUserById,getQgUserById&pid=9100&revision=1.0-SNAPSHOT&side=consumer&timestamp=1548137675296, empty://169.254.121.247/com.qg.service.QgUserService?application=spring-boot-starter-dubbo-user-consumer&category=configurators&dubbo=2.6.0&interface=com.qg.service.QgUserService&methods=qdtxModifyQgUser,qdtxBatchDeleteQgUser,qdtxAddQgUser,getQgUserCountByMap,queryQgUserByPhoneAndPwd,getQgUserListByMap,qdtxDeleteQgUserById,getQgUserById&pid=9100&revision=1.0-SNAPSHOT&side=consumer&timestamp=1548137675296, empty://169.254.121.247/com.qg.service.QgUserService?application=spring-boot-starter-dubbo-user-consumer&category=routers&dubbo=2.6.0&interface=com.qg.service.QgUserService&methods=qdtxModifyQgUser,qdtxBatchDeleteQgUser,qdtxAddQgUser,getQgUserCountByMap,queryQgUserByPhoneAndPwd,getQgUserListByMap,qdtxDeleteQgUserById,getQgUserById&pid=9100&revision=1.0-SNAPSHOT&side=consumer&timestamp=1548137675296], dubbo version: 2.6.0, current host: 169.254.121.247
2019-01-22 14:14:45.023  WARN 9100 --- [           main] o.s.w.c.s.GenericWebApplicationContext   : Exception encountered during context initialization - cancelling refresh attempt: org.springframework.beans.factory.BeanCreationException: Error creating bean with name 'testUserController' defined in file [D:\workspace\qg\qg-user-consumer\target\classes\com\qg\controller\TestUserController.class]: Initialization of bean failed; nested exception is org.springframework.beans.factory.BeanCreationException: testUserController; nested exception is java.lang.IllegalStateException: Failed to check the status of the service com.qg.service.QgUserService. No provider available for the service com.qg.service.QgUserService from the url zookeeper://192.168.9.150:2181/com.alibaba.dubbo.registry.RegistryService?application=spring-boot-starter-dubbo-user-consumer&dubbo=2.6.0&interface=com.qg.service.QgUserService&methods=qdtxModifyQgUser,qdtxBatchDeleteQgUser,qdtxAddQgUser,getQgUserCountByMap,queryQgUserByPhoneAndPwd,getQgUserListByMap,qdtxDeleteQgUserById,getQgUserById&pid=9100&register.ip=169.254.121.247&revision=1.0-SNAPSHOT&side=consumer&timestamp=1548137675296 to the consumer 169.254.121.247 use dubbo version 2.6.0
2019-01-22 14:14:45.038  INFO 9100 --- [           main] utoConfigurationReportLoggingInitializer : 

Error starting ApplicationContext. To display the auto-configuration report re-run your application with 'debug' enabled.
2019-01-22 14:14:45.048 ERROR 9100 --- [           main] o.s.boot.SpringApplication               : Application startup failed

org.springframework.beans.factory.BeanCreationException: Error creating bean with name 'testUserController' defined in file [D:\workspace\qg\qg-user-consumer\target\classes\com\qg\controller\TestUserController.class]: Initialization of bean failed; nested exception is org.springframework.beans.factory.BeanCreationException: testUserController; nested exception is java.lang.IllegalStateException: Failed to check the status of the service com.qg.service.QgUserService. No provider available for the service com.qg.service.QgUserService from the url zookeeper://192.168.9.150:2181/com.alibaba.dubbo.registry.RegistryService?application=spring-boot-starter-dubbo-user-consumer&dubbo=2.6.0&interface=com.qg.service.QgUserService&methods=qdtxModifyQgUser,qdtxBatchDeleteQgUser,qdtxAddQgUser,getQgUserCountByMap,queryQgUserByPhoneAndPwd,getQgUserListByMap,qdtxDeleteQgUserById,getQgUserById&pid=9100&register.ip=169.254.121.247&revision=1.0-SNAPSHOT&side=consumer&timestamp=1548137675296 to the consumer 169.254.121.247 use dubbo version 2.6.0
	at org.springframework.beans.factory.support.AbstractAutowireCapableBeanFactory.doCreateBean(AbstractAutowireCapableBeanFactory.java:564) ~[spring-beans-4.3.13.RELEASE.jar:4.3.13.RELEASE]
	at org.springframework.beans.factory.support.AbstractAutowireCapableBeanFactory.createBean(AbstractAutowireCapableBeanFactory.java:483) ~[spring-beans-4.3.13.RELEASE.jar:4.3.13.RELEASE]
	at org.springframework.beans.factory.support.AbstractBeanFactory$1.getObject(AbstractBeanFactory.java:306) ~[spring-beans-4.3.13.RELEASE.jar:4.3.13.RELEASE]
	at org.springframework.beans.factory.support.DefaultSingletonBeanRegistry.getSingleton(DefaultSingletonBeanRegistry.java:230) ~[spring-beans-4.3.13.RELEASE.jar:4.3.13.RELEASE]
	at org.springframework.beans.factory.support.AbstractBeanFactory.doGetBean(AbstractBeanFactory.java:302) ~[spring-beans-4.3.13.RELEASE.jar:4.3.13.RELEASE]
	at org.springframework.beans.factory.support.AbstractBeanFactory.getBean(AbstractBeanFactory.java:197) ~[spring-beans-4.3.13.RELEASE.jar:4.3.13.RELEASE]
	at org.springframework.beans.factory.support.DefaultListableBeanFactory.preInstantiateSingletons(DefaultListableBeanFactory.java:761) ~[spring-beans-4.3.13.RELEASE.jar:4.3.13.RELEASE]
	at org.springframework.context.support.AbstractApplicationContext.finishBeanFactoryInitialization(AbstractApplicationContext.java:867) ~[spring-context-4.3.13.RELEASE.jar:4.3.13.RELEASE]
	at org.springframework.context.support.AbstractApplicationContext.refresh(AbstractApplicationContext.java:543) ~[spring-context-4.3.13.RELEASE.jar:4.3.13.RELEASE]
	at org.springframework.boot.SpringApplication.refresh(SpringApplication.java:693) ~[spring-boot-1.5.9.RELEASE.jar:1.5.9.RELEASE]
	at org.springframework.boot.SpringApplication.refreshContext(SpringApplication.java:360) ~[spring-boot-1.5.9.RELEASE.jar:1.5.9.RELEASE]
	at org.springframework.boot.SpringApplication.run(SpringApplication.java:303) ~[spring-boot-1.5.9.RELEASE.jar:1.5.9.RELEASE]
	at org.springframework.boot.test.context.SpringBootContextLoader.loadContext(SpringBootContextLoader.java:120) [spring-boot-test-1.5.9.RELEASE.jar:1.5.9.RELEASE]
	at org.springframework.test.context.cache.DefaultCacheAwareContextLoaderDelegate.loadContextInternal(DefaultCacheAwareContextLoaderDelegate.java:98) [spring-test-4.3.13.RELEASE.jar:4.3.13.RELEASE]
	at org.springframework.test.context.cache.DefaultCacheAwareContextLoaderDelegate.loadContext(DefaultCacheAwareContextLoaderDelegate.java:116) [spring-test-4.3.13.RELEASE.jar:4.3.13.RELEASE]
	at org.springframework.test.context.support.DefaultTestContext.getApplicationContext(DefaultTestContext.java:83) [spring-test-4.3.13.RELEASE.jar:4.3.13.RELEASE]
	at org.springframework.test.context.web.ServletTestExecutionListener.setUpRequestContextIfNecessary(ServletTestExecutionListener.java:189) [spring-test-4.3.13.RELEASE.jar:4.3.13.RELEASE]
	at org.springframework.test.context.web.ServletTestExecutionListener.prepareTestInstance(ServletTestExecutionListener.java:131) [spring-test-4.3.13.RELEASE.jar:4.3.13.RELEASE]
	at org.springframework.test.context.TestContextManager.prepareTestInstance(TestContextManager.java:230) [spring-test-4.3.13.RELEASE.jar:4.3.13.RELEASE]
	at org.springframework.test.context.junit4.SpringJUnit4ClassRunner.createTest(SpringJUnit4ClassRunner.java:228) [spring-test-4.3.13.RELEASE.jar:4.3.13.RELEASE]
	at org.springframework.test.context.junit4.SpringJUnit4ClassRunner$1.runReflectiveCall(SpringJUnit4ClassRunner.java:287) [spring-test-4.3.13.RELEASE.jar:4.3.13.RELEASE]
	at org.junit.internal.runners.model.ReflectiveCallable.run(ReflectiveCallable.java:12) [junit-4.12.jar:4.12]
	at org.springframework.test.context.junit4.SpringJUnit4ClassRunner.methodBlock(SpringJUnit4ClassRunner.java:289) [spring-test-4.3.13.RELEASE.jar:4.3.13.RELEASE]
	at org.springframework.test.context.junit4.SpringJUnit4ClassRunner.runChild(SpringJUnit4ClassRunner.java:247) [spring-test-4.3.13.RELEASE.jar:4.3.13.RELEASE]
	at org.springframework.test.context.junit4.SpringJUnit4ClassRunner.runChild(SpringJUnit4ClassRunner.java:94) [spring-test-4.3.13.RELEASE.jar:4.3.13.RELEASE]
	at org.junit.runners.ParentRunner$3.run(ParentRunner.java:290) [junit-4.12.jar:4.12]
	at org.junit.runners.ParentRunner$1.schedule(ParentRunner.java:71) [junit-4.12.jar:4.12]
	at org.junit.runners.ParentRunner.runChildren(ParentRunner.java:288) [junit-4.12.jar:4.12]
	at org.junit.runners.ParentRunner.access$000(ParentRunner.java:58) [junit-4.12.jar:4.12]
	at org.junit.runners.ParentRunner$2.evaluate(ParentRunner.java:268) [junit-4.12.jar:4.12]
	at org.springframework.test.context.junit4.statements.RunBeforeTestClassCallbacks.evaluate(RunBeforeTestClassCallbacks.java:61) [spring-test-4.3.13.RELEASE.jar:4.3.13.RELEASE]
	at org.springframework.test.context.junit4.statements.RunAfterTestClassCallbacks.evaluate(RunAfterTestClassCallbacks.java:70) [spring-test-4.3.13.RELEASE.jar:4.3.13.RELEASE]
	at org.junit.runners.ParentRunner.run(ParentRunner.java:363) [junit-4.12.jar:4.12]
	at org.springframework.test.context.junit4.SpringJUnit4ClassRunner.run(SpringJUnit4ClassRunner.java:191) [spring-test-4.3.13.RELEASE.jar:4.3.13.RELEASE]
	at org.apache.maven.surefire.junit4.JUnit4Provider.execute(JUnit4Provider.java:283) [surefire-junit4-2.18.1.jar:2.18.1]
	at org.apache.maven.surefire.junit4.JUnit4Provider.executeWithRerun(JUnit4Provider.java:173) [surefire-junit4-2.18.1.jar:2.18.1]
	at org.apache.maven.surefire.junit4.JUnit4Provider.executeTestSet(JUnit4Provider.java:153) [surefire-junit4-2.18.1.jar:2.18.1]
	at org.apache.maven.surefire.junit4.JUnit4Provider.invoke(JUnit4Provider.java:128) [surefire-junit4-2.18.1.jar:2.18.1]
	at org.apache.maven.surefire.booter.ForkedBooter.invokeProviderInSameClassLoader(ForkedBooter.java:203) [surefire-booter-2.18.1.jar:2.18.1]
	at org.apache.maven.surefire.booter.ForkedBooter.runSuitesInProcess(ForkedBooter.java:155) [surefire-booter-2.18.1.jar:2.18.1]
	at org.apache.maven.surefire.booter.ForkedBooter.main(ForkedBooter.java:103) [surefire-booter-2.18.1.jar:2.18.1]
Caused by: org.springframework.beans.factory.BeanCreationException: testUserController; nested exception is java.lang.IllegalStateException: Failed to check the status of the service com.qg.service.QgUserService. No provider available for the service com.qg.service.QgUserService from the url zookeeper://192.168.9.150:2181/com.alibaba.dubbo.registry.RegistryService?application=spring-boot-starter-dubbo-user-consumer&dubbo=2.6.0&interface=com.qg.service.QgUserService&methods=qdtxModifyQgUser,qdtxBatchDeleteQgUser,qdtxAddQgUser,getQgUserCountByMap,queryQgUserByPhoneAndPwd,getQgUserListByMap,qdtxDeleteQgUserById,getQgUserById&pid=9100&register.ip=169.254.121.247&revision=1.0-SNAPSHOT&side=consumer&timestamp=1548137675296 to the consumer 169.254.121.247 use dubbo version 2.6.0
	at com.alibaba.dubbo.spring.boot.DubboConsumerAutoConfiguration$1.postProcessBeforeInitialization(DubboConsumerAutoConfiguration.java:104) ~[dubbo-spring-boot-starter-1.0.0.jar:na]
	at org.springframework.beans.factory.support.AbstractAutowireCapableBeanFactory.applyBeanPostProcessorsBeforeInitialization(AbstractAutowireCapableBeanFactory.java:409) ~[spring-beans-4.3.13.RELEASE.jar:4.3.13.RELEASE]
	at org.springframework.beans.factory.support.AbstractAutowireCapableBeanFactory.initializeBean(AbstractAutowireCapableBeanFactory.java:1620) ~[spring-beans-4.3.13.RELEASE.jar:4.3.13.RELEASE]
	at org.springframework.beans.factory.support.AbstractAutowireCapableBeanFactory.doCreateBean(AbstractAutowireCapableBeanFactory.java:555) ~[spring-beans-4.3.13.RELEASE.jar:4.3.13.RELEASE]
	... 40 common frames omitted
Caused by: java.lang.IllegalStateException: Failed to check the status of the service com.qg.service.QgUserService. No provider available for the service com.qg.service.QgUserService from the url zookeeper://192.168.9.150:2181/com.alibaba.dubbo.registry.RegistryService?application=spring-boot-starter-dubbo-user-consumer&dubbo=2.6.0&interface=com.qg.service.QgUserService&methods=qdtxModifyQgUser,qdtxBatchDeleteQgUser,qdtxAddQgUser,getQgUserCountByMap,queryQgUserByPhoneAndPwd,getQgUserListByMap,qdtxDeleteQgUserById,getQgUserById&pid=9100&register.ip=169.254.121.247&revision=1.0-SNAPSHOT&side=consumer&timestamp=1548137675296 to the consumer 169.254.121.247 use dubbo version 2.6.0
	at com.alibaba.dubbo.config.ReferenceConfig.createProxy(ReferenceConfig.java:422) ~[dubbo-2.6.0.jar:2.6.0]
	at com.alibaba.dubbo.config.ReferenceConfig.init(ReferenceConfig.java:333) ~[dubbo-2.6.0.jar:2.6.0]
	at com.alibaba.dubbo.config.ReferenceConfig.get(ReferenceConfig.java:163) ~[dubbo-2.6.0.jar:2.6.0]
	at com.alibaba.dubbo.config.spring.ReferenceBean.getObject(ReferenceBean.java:59) ~[dubbo-2.6.0.jar:2.6.0]
	at com.alibaba.dubbo.spring.boot.DubboConsumerAutoConfiguration$1.postProcessBeforeInitialization(DubboConsumerAutoConfiguration.java:93) ~[dubbo-spring-boot-starter-1.0.0.jar:na]
	... 43 common frames omitted

2019-01-22 14:14:45.051 ERROR 9100 --- [           main] o.s.test.context.TestContextManager      : Caught exception while allowing TestExecutionListener [org.springframework.test.context.web.ServletTestExecutionListener@12f2cc1] to prepare test instance [com.qg.QgUserConsumerApplicationTests@139baec]

java.lang.IllegalStateException: Failed to load ApplicationContext
	at org.springframework.test.context.cache.DefaultCacheAwareContextLoaderDelegate.loadContext(DefaultCacheAwareContextLoaderDelegate.java:124) ~[spring-test-4.3.13.RELEASE.jar:4.3.13.RELEASE]
	at org.springframework.test.context.support.DefaultTestContext.getApplicationContext(DefaultTestContext.java:83) ~[spring-test-4.3.13.RELEASE.jar:4.3.13.RELEASE]
	at org.springframework.test.context.web.ServletTestExecutionListener.setUpRequestContextIfNecessary(ServletTestExecutionListener.java:189) ~[spring-test-4.3.13.RELEASE.jar:4.3.13.RELEASE]
	at org.springframework.test.context.web.ServletTestExecutionListener.prepareTestInstance(ServletTestExecutionListener.java:131) ~[spring-test-4.3.13.RELEASE.jar:4.3.13.RELEASE]
	at org.springframework.test.context.TestContextManager.prepareTestInstance(TestContextManager.java:230) ~[spring-test-4.3.13.RELEASE.jar:4.3.13.RELEASE]
	at org.springframework.test.context.junit4.SpringJUnit4ClassRunner.createTest(SpringJUnit4ClassRunner.java:228) [spring-test-4.3.13.RELEASE.jar:4.3.13.RELEASE]
	at org.springframework.test.context.junit4.SpringJUnit4ClassRunner$1.runReflectiveCall(SpringJUnit4ClassRunner.java:287) [spring-test-4.3.13.RELEASE.jar:4.3.13.RELEASE]
	at org.junit.internal.runners.model.ReflectiveCallable.run(ReflectiveCallable.java:12) [junit-4.12.jar:4.12]
	at org.springframework.test.context.junit4.SpringJUnit4ClassRunner.methodBlock(SpringJUnit4ClassRunner.java:289) [spring-test-4.3.13.RELEASE.jar:4.3.13.RELEASE]
	at org.springframework.test.context.junit4.SpringJUnit4ClassRunner.runChild(SpringJUnit4ClassRunner.java:247) [spring-test-4.3.13.RELEASE.jar:4.3.13.RELEASE]
	at org.springframework.test.context.junit4.SpringJUnit4ClassRunner.runChild(SpringJUnit4ClassRunner.java:94) [spring-test-4.3.13.RELEASE.jar:4.3.13.RELEASE]
	at org.junit.runners.ParentRunner$3.run(ParentRunner.java:290) [junit-4.12.jar:4.12]
	at org.junit.runners.ParentRunner$1.schedule(ParentRunner.java:71) [junit-4.12.jar:4.12]
	at org.junit.runners.ParentRunner.runChildren(ParentRunner.java:288) [junit-4.12.jar:4.12]
	at org.junit.runners.ParentRunner.access$000(ParentRunner.java:58) [junit-4.12.jar:4.12]
	at org.junit.runners.ParentRunner$2.evaluate(ParentRunner.java:268) [junit-4.12.jar:4.12]
	at org.springframework.test.context.junit4.statements.RunBeforeTestClassCallbacks.evaluate(RunBeforeTestClassCallbacks.java:61) [spring-test-4.3.13.RELEASE.jar:4.3.13.RELEASE]
	at org.springframework.test.context.junit4.statements.RunAfterTestClassCallbacks.evaluate(RunAfterTestClassCallbacks.java:70) [spring-test-4.3.13.RELEASE.jar:4.3.13.RELEASE]
	at org.junit.runners.ParentRunner.run(ParentRunner.java:363) [junit-4.12.jar:4.12]
	at org.springframework.test.context.junit4.SpringJUnit4ClassRunner.run(SpringJUnit4ClassRunner.java:191) [spring-test-4.3.13.RELEASE.jar:4.3.13.RELEASE]
	at org.apache.maven.surefire.junit4.JUnit4Provider.execute(JUnit4Provider.java:283) [surefire-junit4-2.18.1.jar:2.18.1]
	at org.apache.maven.surefire.junit4.JUnit4Provider.executeWithRerun(JUnit4Provider.java:173) [surefire-junit4-2.18.1.jar:2.18.1]
	at org.apache.maven.surefire.junit4.JUnit4Provider.executeTestSet(JUnit4Provider.java:153) [surefire-junit4-2.18.1.jar:2.18.1]
	at org.apache.maven.surefire.junit4.JUnit4Provider.invoke(JUnit4Provider.java:128) [surefire-junit4-2.18.1.jar:2.18.1]
	at org.apache.maven.surefire.booter.ForkedBooter.invokeProviderInSameClassLoader(ForkedBooter.java:203) [surefire-booter-2.18.1.jar:2.18.1]
	at org.apache.maven.surefire.booter.ForkedBooter.runSuitesInProcess(ForkedBooter.java:155) [surefire-booter-2.18.1.jar:2.18.1]
	at org.apache.maven.surefire.booter.ForkedBooter.main(ForkedBooter.java:103) [surefire-booter-2.18.1.jar:2.18.1]
Caused by: org.springframework.beans.factory.BeanCreationException: Error creating bean with name 'testUserController' defined in file [D:\workspace\qg\qg-user-consumer\target\classes\com\qg\controller\TestUserController.class]: Initialization of bean failed; nested exception is org.springframework.beans.factory.BeanCreationException: testUserController; nested exception is java.lang.IllegalStateException: Failed to check the status of the service com.qg.service.QgUserService. No provider available for the service com.qg.service.QgUserService from the url zookeeper://192.168.9.150:2181/com.alibaba.dubbo.registry.RegistryService?application=spring-boot-starter-dubbo-user-consumer&dubbo=2.6.0&interface=com.qg.service.QgUserService&methods=qdtxModifyQgUser,qdtxBatchDeleteQgUser,qdtxAddQgUser,getQgUserCountByMap,queryQgUserByPhoneAndPwd,getQgUserListByMap,qdtxDeleteQgUserById,getQgUserById&pid=9100&register.ip=169.254.121.247&revision=1.0-SNAPSHOT&side=consumer&timestamp=1548137675296 to the consumer 169.254.121.247 use dubbo version 2.6.0
	at org.springframework.beans.factory.support.AbstractAutowireCapableBeanFactory.doCreateBean(AbstractAutowireCapableBeanFactory.java:564) ~[spring-beans-4.3.13.RELEASE.jar:4.3.13.RELEASE]
	at org.springframework.beans.factory.support.AbstractAutowireCapableBeanFactory.createBean(AbstractAutowireCapableBeanFactory.java:483) ~[spring-beans-4.3.13.RELEASE.jar:4.3.13.RELEASE]
	at org.springframework.beans.factory.support.AbstractBeanFactory$1.getObject(AbstractBeanFactory.java:306) ~[spring-beans-4.3.13.RELEASE.jar:4.3.13.RELEASE]
	at org.springframework.beans.factory.support.DefaultSingletonBeanRegistry.getSingleton(DefaultSingletonBeanRegistry.java:230) ~[spring-beans-4.3.13.RELEASE.jar:4.3.13.RELEASE]
	at org.springframework.beans.factory.support.AbstractBeanFactory.doGetBean(AbstractBeanFactory.java:302) ~[spring-beans-4.3.13.RELEASE.jar:4.3.13.RELEASE]
	at org.springframework.beans.factory.support.AbstractBeanFactory.getBean(AbstractBeanFactory.java:197) ~[spring-beans-4.3.13.RELEASE.jar:4.3.13.RELEASE]
	at org.springframework.beans.factory.support.DefaultListableBeanFactory.preInstantiateSingletons(DefaultListableBeanFactory.java:761) ~[spring-beans-4.3.13.RELEASE.jar:4.3.13.RELEASE]
	at org.springframework.context.support.AbstractApplicationContext.finishBeanFactoryInitialization(AbstractApplicationContext.java:867) ~[spring-context-4.3.13.RELEASE.jar:4.3.13.RELEASE]
	at org.springframework.context.support.AbstractApplicationContext.refresh(AbstractApplicationContext.java:543) ~[spring-context-4.3.13.RELEASE.jar:4.3.13.RELEASE]
	at org.springframework.boot.SpringApplication.refresh(SpringApplication.java:693) ~[spring-boot-1.5.9.RELEASE.jar:1.5.9.RELEASE]
	at org.springframework.boot.SpringApplication.refreshContext(SpringApplication.java:360) ~[spring-boot-1.5.9.RELEASE.jar:1.5.9.RELEASE]
	at org.springframework.boot.SpringApplication.run(SpringApplication.java:303) ~[spring-boot-1.5.9.RELEASE.jar:1.5.9.RELEASE]
	at org.springframework.boot.test.context.SpringBootContextLoader.loadContext(SpringBootContextLoader.java:120) ~[spring-boot-test-1.5.9.RELEASE.jar:1.5.9.RELEASE]
	at org.springframework.test.context.cache.DefaultCacheAwareContextLoaderDelegate.loadContextInternal(DefaultCacheAwareContextLoaderDelegate.java:98) ~[spring-test-4.3.13.RELEASE.jar:4.3.13.RELEASE]
	at org.springframework.test.context.cache.DefaultCacheAwareContextLoaderDelegate.loadContext(DefaultCacheAwareContextLoaderDelegate.java:116) ~[spring-test-4.3.13.RELEASE.jar:4.3.13.RELEASE]
	... 26 common frames omitted
Caused by: org.springframework.beans.factory.BeanCreationException: testUserController; nested exception is java.lang.IllegalStateException: Failed to check the status of the service com.qg.service.QgUserService. No provider available for the service com.qg.service.QgUserService from the url zookeeper://192.168.9.150:2181/com.alibaba.dubbo.registry.RegistryService?application=spring-boot-starter-dubbo-user-consumer&dubbo=2.6.0&interface=com.qg.service.QgUserService&methods=qdtxModifyQgUser,qdtxBatchDeleteQgUser,qdtxAddQgUser,getQgUserCountByMap,queryQgUserByPhoneAndPwd,getQgUserListByMap,qdtxDeleteQgUserById,getQgUserById&pid=9100&register.ip=169.254.121.247&revision=1.0-SNAPSHOT&side=consumer&timestamp=1548137675296 to the consumer 169.254.121.247 use dubbo version 2.6.0
	at com.alibaba.dubbo.spring.boot.DubboConsumerAutoConfiguration$1.postProcessBeforeInitialization(DubboConsumerAutoConfiguration.java:104) ~[dubbo-spring-boot-starter-1.0.0.jar:na]
	at org.springframework.beans.factory.support.AbstractAutowireCapableBeanFactory.applyBeanPostProcessorsBeforeInitialization(AbstractAutowireCapableBeanFactory.java:409) ~[spring-beans-4.3.13.RELEASE.jar:4.3.13.RELEASE]
	at org.springframework.beans.factory.support.AbstractAutowireCapableBeanFactory.initializeBean(AbstractAutowireCapableBeanFactory.java:1620) ~[spring-beans-4.3.13.RELEASE.jar:4.3.13.RELEASE]
	at org.springframework.beans.factory.support.AbstractAutowireCapableBeanFactory.doCreateBean(AbstractAutowireCapableBeanFactory.java:555) ~[spring-beans-4.3.13.RELEASE.jar:4.3.13.RELEASE]
	... 40 common frames omitted
Caused by: java.lang.IllegalStateException: Failed to check the status of the service com.qg.service.QgUserService. No provider available for the service com.qg.service.QgUserService from the url zookeeper://192.168.9.150:2181/com.alibaba.dubbo.registry.RegistryService?application=spring-boot-starter-dubbo-user-consumer&dubbo=2.6.0&interface=com.qg.service.QgUserService&methods=qdtxModifyQgUser,qdtxBatchDeleteQgUser,qdtxAddQgUser,getQgUserCountByMap,queryQgUserByPhoneAndPwd,getQgUserListByMap,qdtxDeleteQgUserById,getQgUserById&pid=9100&register.ip=169.254.121.247&revision=1.0-SNAPSHOT&side=consumer&timestamp=1548137675296 to the consumer 169.254.121.247 use dubbo version 2.6.0
	at com.alibaba.dubbo.config.ReferenceConfig.createProxy(ReferenceConfig.java:422) ~[dubbo-2.6.0.jar:2.6.0]
	at com.alibaba.dubbo.config.ReferenceConfig.init(ReferenceConfig.java:333) ~[dubbo-2.6.0.jar:2.6.0]
	at com.alibaba.dubbo.config.ReferenceConfig.get(ReferenceConfig.java:163) ~[dubbo-2.6.0.jar:2.6.0]
	at com.alibaba.dubbo.config.spring.ReferenceBean.getObject(ReferenceBean.java:59) ~[dubbo-2.6.0.jar:2.6.0]
	at com.alibaba.dubbo.spring.boot.DubboConsumerAutoConfiguration$1.postProcessBeforeInitialization(DubboConsumerAutoConfiguration.java:93) ~[dubbo-spring-boot-starter-1.0.0.jar:na]
	... 43 common frames omitted

]]></system-out>
    <system-err><![CDATA[SLF4J: Class path contains multiple SLF4J bindings.
SLF4J: Found binding in [jar:file:/D:/environment/maven-resp/ch/qos/logback/logback-classic/1.1.11/logback-classic-1.1.11.jar!/org/slf4j/impl/StaticLoggerBinder.class]
SLF4J: Found binding in [jar:file:/D:/environment/maven-resp/org/slf4j/slf4j-log4j12/1.7.25/slf4j-log4j12-1.7.25.jar!/org/slf4j/impl/StaticLoggerBinder.class]
SLF4J: See http://www.slf4j.org/codes.html#multiple_bindings for an explanation.
SLF4J: Actual binding is of type [ch.qos.logback.classic.util.ContextSelectorStaticBinder]
]]></system-err>
  </testcase>
</testsuite>